<?xml version="1.0" encoding="UTF-8"?><TestSessionContainer xmlns="http://www.codecover.org/xml/testsession-container" Date="1511832836262" TestSessionContainerId="ba46c005-47d0-45f3-854e-558beb52bcf9" version="1.0">
<SrcFileList>
<SrcFile Content="package Calculator.model;&#13;&#10;&#13;&#10;public class StandardCalculator {&#13;&#10;&#13;&#10;&#9;public double sum(double number1, double number2) {&#13;&#10;&#9;&#9;return number1 + number2;&#13;&#10;&#9;}&#13;&#10;&#13;&#10;&#9;public double subtract(double number1, double number2) {&#13;&#10;&#9;&#9;return number1 - number2;&#13;&#10;&#9;}&#13;&#10;&#13;&#10;&#9;public double mul(double number1, double number2) {&#13;&#10;&#9;&#9;return number1 * number2;&#13;&#10;&#9;}&#13;&#10;&#13;&#10;&#9;public double divide(double number1, double number2) {&#13;&#10;&#9;&#9;if (number2 != 0) {&#13;&#10;&#9;&#9;&#9;return number1 / number2;&#13;&#10;&#9;&#9;}&#13;&#10;&#9;&#9;throw new IllegalArgumentException(&quot;Number2 'divisor' is 0&quot;);&#13;&#10;&#9;}&#13;&#10;&#13;&#10;&#9;public double mod(double number1, double number2) {&#13;&#10;&#9;&#9;if (number2 != 0) {&#13;&#10;&#9;&#9;&#9;return number1 % number2;&#13;&#10;&#9;&#9;}&#13;&#10;&#9;&#9;throw new IllegalArgumentException(&quot;Number2 'divisor' is 0&quot;);&#13;&#10;&#9;}&#13;&#10;}&#13;&#10;" Filename="StandardCalculator.java" Intrnl_Id="1"/>
</SrcFileList>
<CritList>
<CritListEntry Name="org.codecover.model.utils.criteria.LoopCoverage" PluginName="org.codecover"/>
<CritListEntry Name="org.codecover.model.utils.criteria.ConditionCoverage" PluginName="org.codecover"/>
<CritListEntry Name="org.codecover.model.utils.criteria.BranchCoverage" PluginName="org.codecover"/>
<CritListEntry Name="org.codecover.model.utils.criteria.StatementCoverage" PluginName="org.codecover"/>
</CritList>
<BoolOpList/>
<HierarchyLvlTypeList>
<HierarchyLvlType EnglishName="package" IntrnlName="package" Intrnl_Id="2"/>
<HierarchyLvlType EnglishName="method" IntrnlName="method" Intrnl_Id="3"/>
<HierarchyLvlType EnglishName="class" IntrnlName="class" Intrnl_Id="4"/>
<HierarchyLvlType EnglishName="default package" IntrnlName="default package" Intrnl_Id="5"/>
</HierarchyLvlTypeList>
<MASTRoot>
<HierarchyLvl HierarchyLvlId="864" HierarchyLvlTypeId="5" Intrnl_Id="6" Name="default package">
<Header/>
<LocList/>
<HierarchyLvl HierarchyLvlId="863" HierarchyLvlTypeId="2" Intrnl_Id="7" Name="Calculator">
<Header/>
<LocList/>
<HierarchyLvl HierarchyLvlId="862" HierarchyLvlTypeId="2" Intrnl_Id="8" Name="model">
<Header/>
<LocList/>
<HierarchyLvl HierarchyLvlId="861" HierarchyLvlTypeId="4" Intrnl_Id="9" Name="StandardCalculator">
<Header>
<Loc EndOffset="60" SrcFileId="1" StartOffset="29"/>
</Header>
<LocList>
<Loc EndOffset="706" SrcFileId="1" StartOffset="29"/>
</LocList>
<HierarchyLvl HierarchyLvlId="856" HierarchyLvlTypeId="3" Intrnl_Id="10" Name="sum">
<Header>
<Loc EndOffset="116" SrcFileId="1" StartOffset="67"/>
</Header>
<LocList>
<Loc EndOffset="151" SrcFileId="1" StartOffset="67"/>
</LocList>
<StmntSeq Intrnl_Id="11">
<LocList>
<Loc EndOffset="147" SrcFileId="1" StartOffset="122"/>
</LocList>
<BasicStmnt CovItemId="S1" CovItemPrefix="Calculator.model.StandardCalculator.java" Intrnl_Id="12">
<LocList>
<Loc EndOffset="147" SrcFileId="1" StartOffset="122"/>
</LocList>
</BasicStmnt>
</StmntSeq>
</HierarchyLvl>
<HierarchyLvl HierarchyLvlId="857" HierarchyLvlTypeId="3" Intrnl_Id="13" Name="subtract">
<Header>
<Loc EndOffset="210" SrcFileId="1" StartOffset="156"/>
</Header>
<LocList>
<Loc EndOffset="245" SrcFileId="1" StartOffset="156"/>
</LocList>
<StmntSeq Intrnl_Id="14">
<LocList>
<Loc EndOffset="241" SrcFileId="1" StartOffset="216"/>
</LocList>
<BasicStmnt CovItemId="S2" CovItemPrefix="Calculator.model.StandardCalculator.java" Intrnl_Id="15">
<LocList>
<Loc EndOffset="241" SrcFileId="1" StartOffset="216"/>
</LocList>
</BasicStmnt>
</StmntSeq>
</HierarchyLvl>
<HierarchyLvl HierarchyLvlId="858" HierarchyLvlTypeId="3" Intrnl_Id="16" Name="mul">
<Header>
<Loc EndOffset="299" SrcFileId="1" StartOffset="250"/>
</Header>
<LocList>
<Loc EndOffset="334" SrcFileId="1" StartOffset="250"/>
</LocList>
<StmntSeq Intrnl_Id="17">
<LocList>
<Loc EndOffset="330" SrcFileId="1" StartOffset="305"/>
</LocList>
<BasicStmnt CovItemId="S3" CovItemPrefix="Calculator.model.StandardCalculator.java" Intrnl_Id="18">
<LocList>
<Loc EndOffset="330" SrcFileId="1" StartOffset="305"/>
</LocList>
</BasicStmnt>
</StmntSeq>
</HierarchyLvl>
<HierarchyLvl HierarchyLvlId="859" HierarchyLvlTypeId="3" Intrnl_Id="19" Name="divide">
<Header>
<Loc EndOffset="391" SrcFileId="1" StartOffset="339"/>
</Header>
<LocList>
<Loc EndOffset="520" SrcFileId="1" StartOffset="339"/>
</LocList>
<StmntSeq Intrnl_Id="20">
<LocList>
<Loc EndOffset="451" SrcFileId="1" StartOffset="397"/>
<Loc EndOffset="516" SrcFileId="1" StartOffset="455"/>
</LocList>
<CondStmnt CovItemId="S4" CovItemPrefix="Calculator.model.StandardCalculator.java" Intrnl_Id="21">
<Branch CovItemId="B1" CovItemPrefix="Calculator.model.StandardCalculator.java" Implct="false" Intrnl_Id="22">
<Cond/>
<LocList>
<Loc EndOffset="451" SrcFileId="1" StartOffset="415"/>
</LocList>
<StmntSeq Intrnl_Id="23">
<LocList>
<Loc EndOffset="446" SrcFileId="1" StartOffset="421"/>
</LocList>
<BasicStmnt CovItemId="S5" CovItemPrefix="Calculator.model.StandardCalculator.java" Intrnl_Id="24">
<LocList>
<Loc EndOffset="446" SrcFileId="1" StartOffset="421"/>
</LocList>
</BasicStmnt>
</StmntSeq>
</Branch>
<Branch CovItemId="B2" CovItemPrefix="Calculator.model.StandardCalculator.java" Implct="true" Intrnl_Id="25">
<Cond/>
<LocList/>
<StmntSeq Intrnl_Id="26">
<LocList/>
</StmntSeq>
</Branch>
<Keyword EndOffset="399" SrcFileId="1" StartOffset="397"/>
<LocList>
<Loc EndOffset="451" SrcFileId="1" StartOffset="397"/>
</LocList>
<RootTerm CovItemId="C1" CovItemPrefix="Calculator.model.StandardCalculator.java" Intrnl_Id="27">
<BasicBoolTerm Intrnl_Id="28">
<LocList>
<Loc EndOffset="413" SrcFileId="1" StartOffset="401"/>
</LocList>
</BasicBoolTerm>
</RootTerm>
</CondStmnt>
<BasicStmnt CovItemId="S6" CovItemPrefix="Calculator.model.StandardCalculator.java" Intrnl_Id="29">
<LocList>
<Loc EndOffset="516" SrcFileId="1" StartOffset="455"/>
</LocList>
</BasicStmnt>
</StmntSeq>
</HierarchyLvl>
<HierarchyLvl HierarchyLvlId="860" HierarchyLvlTypeId="3" Intrnl_Id="30" Name="mod">
<Header>
<Loc EndOffset="574" SrcFileId="1" StartOffset="525"/>
</Header>
<LocList>
<Loc EndOffset="703" SrcFileId="1" StartOffset="525"/>
</LocList>
<StmntSeq Intrnl_Id="31">
<LocList>
<Loc EndOffset="634" SrcFileId="1" StartOffset="580"/>
<Loc EndOffset="699" SrcFileId="1" StartOffset="638"/>
</LocList>
<CondStmnt CovItemId="S7" CovItemPrefix="Calculator.model.StandardCalculator.java" Intrnl_Id="32">
<Branch CovItemId="B3" CovItemPrefix="Calculator.model.StandardCalculator.java" Implct="false" Intrnl_Id="33">
<Cond/>
<LocList>
<Loc EndOffset="634" SrcFileId="1" StartOffset="598"/>
</LocList>
<StmntSeq Intrnl_Id="34">
<LocList>
<Loc EndOffset="629" SrcFileId="1" StartOffset="604"/>
</LocList>
<BasicStmnt CovItemId="S8" CovItemPrefix="Calculator.model.StandardCalculator.java" Intrnl_Id="35">
<LocList>
<Loc EndOffset="629" SrcFileId="1" StartOffset="604"/>
</LocList>
</BasicStmnt>
</StmntSeq>
</Branch>
<Branch CovItemId="B4" CovItemPrefix="Calculator.model.StandardCalculator.java" Implct="true" Intrnl_Id="36">
<Cond/>
<LocList/>
<StmntSeq Intrnl_Id="37">
<LocList/>
</StmntSeq>
</Branch>
<Keyword EndOffset="582" SrcFileId="1" StartOffset="580"/>
<LocList>
<Loc EndOffset="634" SrcFileId="1" StartOffset="580"/>
</LocList>
<RootTerm CovItemId="C2" CovItemPrefix="Calculator.model.StandardCalculator.java" Intrnl_Id="38">
<BasicBoolTerm Intrnl_Id="39">
<LocList>
<Loc EndOffset="596" SrcFileId="1" StartOffset="584"/>
</LocList>
</BasicBoolTerm>
</RootTerm>
</CondStmnt>
<BasicStmnt CovItemId="S9" CovItemPrefix="Calculator.model.StandardCalculator.java" Intrnl_Id="40">
<LocList>
<Loc EndOffset="699" SrcFileId="1" StartOffset="638"/>
</LocList>
</BasicStmnt>
</StmntSeq>
</HierarchyLvl>
</HierarchyLvl>
</HierarchyLvl>
</HierarchyLvl>
</HierarchyLvl>
</MASTRoot>
</TestSessionContainer>
