<?xml version="1.0" encoding="UTF-8"?><TestSessionContainer xmlns="http://www.codecover.org/xml/testsession-container" Date="1511985888735" TestSessionContainerId="8fa8b0a6-e23b-4bf5-92bc-55a3f332412e" version="1.0">
<SrcFileList>
<SrcFile Content="package Calculator.model;&#13;&#10;&#13;&#10;public class AdvancedCalculator {&#13;&#10;&#13;&#10;&#9;public double squareRoot(double positiveNumber) {&#13;&#10;&#9;&#9;if (positiveNumber &gt;= 0) {&#13;&#10;&#9;&#9;&#9;return Math.sqrt(positiveNumber);&#13;&#10;&#9;&#9;}&#13;&#10;&#9;&#9;throw new IllegalArgumentException(&quot;Can not Square Root a negative number&quot;);&#13;&#10;&#9;}&#13;&#10;&#13;&#10;&#9;public double power(double number, double exponent) {&#13;&#10;&#9;&#9;return Math.pow(number, exponent);&#13;&#10;&#9;}&#13;&#10;&#13;&#10;}&#13;&#10;" Filename="AdvancedCalculator.java" Intrnl_Id="1"/>
<SrcFile Content="package Calculator.model;&#13;&#10;&#13;&#10;public class StandardCalculator {&#13;&#10;&#13;&#10;&#9;public double sum(double number1, double number2) {&#13;&#10;&#9;&#9;return number1 + number2;&#13;&#10;&#9;}&#13;&#10;&#13;&#10;&#9;public double subtract(double number1, double number2) {&#13;&#10;&#9;&#9;return number1 - number2;&#13;&#10;&#9;}&#13;&#10;&#13;&#10;&#9;public double mul(double number1, double number2) {&#13;&#10;&#9;&#9;return number1 * number2;&#13;&#10;&#9;}&#13;&#10;&#13;&#10;&#9;public double divide(double number1, double number2) {&#13;&#10;&#9;&#9;if (number2 != 0) {&#13;&#10;&#9;&#9;&#9;return number1 / number2;&#13;&#10;&#9;&#9;}&#13;&#10;&#9;&#9;throw new IllegalArgumentException(&quot;Number2 'divisor' is 0&quot;);&#13;&#10;&#9;}&#13;&#10;&#13;&#10;&#9;public double mod(double number1, double number2) {&#13;&#10;&#9;&#9;if (number2 != 0) {&#13;&#10;&#9;&#9;&#9;return number1 % number2;&#13;&#10;&#9;&#9;}&#13;&#10;&#9;&#9;throw new IllegalArgumentException(&quot;Number2 'divisor' is 0&quot;);&#13;&#10;&#9;}&#13;&#10;}&#13;&#10;" Filename="StandardCalculator.java" Intrnl_Id="2"/>
</SrcFileList>
<CritList>
<CritListEntry Name="org.codecover.model.utils.criteria.LoopCoverage" PluginName="org.codecover"/>
<CritListEntry Name="org.codecover.model.utils.criteria.ConditionCoverage" PluginName="org.codecover"/>
<CritListEntry Name="org.codecover.model.utils.criteria.BranchCoverage" PluginName="org.codecover"/>
<CritListEntry Name="org.codecover.model.utils.criteria.StatementCoverage" PluginName="org.codecover"/>
</CritList>
<BoolOpList/>
<HierarchyLvlTypeList>
<HierarchyLvlType EnglishName="package" IntrnlName="package" Intrnl_Id="3"/>
<HierarchyLvlType EnglishName="method" IntrnlName="method" Intrnl_Id="4"/>
<HierarchyLvlType EnglishName="class" IntrnlName="class" Intrnl_Id="5"/>
<HierarchyLvlType EnglishName="default package" IntrnlName="default package" Intrnl_Id="6"/>
</HierarchyLvlTypeList>
<MASTRoot>
<HierarchyLvl HierarchyLvlId="444" HierarchyLvlTypeId="6" Intrnl_Id="7" Name="default package">
<Header/>
<LocList/>
<HierarchyLvl HierarchyLvlId="443" HierarchyLvlTypeId="3" Intrnl_Id="8" Name="Calculator">
<Header/>
<LocList/>
<HierarchyLvl HierarchyLvlId="442" HierarchyLvlTypeId="3" Intrnl_Id="9" Name="model">
<Header/>
<LocList/>
<HierarchyLvl HierarchyLvlId="435" HierarchyLvlTypeId="5" Intrnl_Id="10" Name="AdvancedCalculator">
<Header>
<Loc EndOffset="60" SrcFileId="1" StartOffset="29"/>
</Header>
<LocList>
<Loc EndOffset="378" SrcFileId="1" StartOffset="29"/>
</LocList>
<HierarchyLvl HierarchyLvlId="433" HierarchyLvlTypeId="4" Intrnl_Id="11" Name="squareRoot">
<Header>
<Loc EndOffset="114" SrcFileId="1" StartOffset="67"/>
</Header>
<LocList>
<Loc EndOffset="273" SrcFileId="1" StartOffset="67"/>
</LocList>
<StmntSeq Intrnl_Id="12">
<LocList>
<Loc EndOffset="189" SrcFileId="1" StartOffset="120"/>
<Loc EndOffset="269" SrcFileId="1" StartOffset="193"/>
</LocList>
<CondStmnt CovItemId="S1" CovItemPrefix="Calculator.model.AdvancedCalculator.java" Intrnl_Id="13">
<Branch CovItemId="B1" CovItemPrefix="Calculator.model.AdvancedCalculator.java" Implct="false" Intrnl_Id="14">
<Cond/>
<LocList>
<Loc EndOffset="189" SrcFileId="1" StartOffset="145"/>
</LocList>
<StmntSeq Intrnl_Id="15">
<LocList>
<Loc EndOffset="184" SrcFileId="1" StartOffset="151"/>
</LocList>
<BasicStmnt CovItemId="S2" CovItemPrefix="Calculator.model.AdvancedCalculator.java" Intrnl_Id="16">
<LocList>
<Loc EndOffset="184" SrcFileId="1" StartOffset="151"/>
</LocList>
</BasicStmnt>
</StmntSeq>
</Branch>
<Branch CovItemId="B2" CovItemPrefix="Calculator.model.AdvancedCalculator.java" Implct="true" Intrnl_Id="17">
<Cond/>
<LocList/>
<StmntSeq Intrnl_Id="18">
<LocList/>
</StmntSeq>
</Branch>
<Keyword EndOffset="122" SrcFileId="1" StartOffset="120"/>
<LocList>
<Loc EndOffset="189" SrcFileId="1" StartOffset="120"/>
</LocList>
<RootTerm CovItemId="C1" CovItemPrefix="Calculator.model.AdvancedCalculator.java" Intrnl_Id="19">
<BasicBoolTerm Intrnl_Id="20">
<LocList>
<Loc EndOffset="143" SrcFileId="1" StartOffset="124"/>
</LocList>
</BasicBoolTerm>
</RootTerm>
</CondStmnt>
<BasicStmnt CovItemId="S3" CovItemPrefix="Calculator.model.AdvancedCalculator.java" Intrnl_Id="21">
<LocList>
<Loc EndOffset="269" SrcFileId="1" StartOffset="193"/>
</LocList>
</BasicStmnt>
</StmntSeq>
</HierarchyLvl>
<HierarchyLvl HierarchyLvlId="434" HierarchyLvlTypeId="4" Intrnl_Id="22" Name="power">
<Header>
<Loc EndOffset="329" SrcFileId="1" StartOffset="278"/>
</Header>
<LocList>
<Loc EndOffset="373" SrcFileId="1" StartOffset="278"/>
</LocList>
<StmntSeq Intrnl_Id="23">
<LocList>
<Loc EndOffset="369" SrcFileId="1" StartOffset="335"/>
</LocList>
<BasicStmnt CovItemId="S4" CovItemPrefix="Calculator.model.AdvancedCalculator.java" Intrnl_Id="24">
<LocList>
<Loc EndOffset="369" SrcFileId="1" StartOffset="335"/>
</LocList>
</BasicStmnt>
</StmntSeq>
</HierarchyLvl>
</HierarchyLvl>
<HierarchyLvl HierarchyLvlId="441" HierarchyLvlTypeId="5" Intrnl_Id="25" Name="StandardCalculator">
<Header>
<Loc EndOffset="60" SrcFileId="2" StartOffset="29"/>
</Header>
<LocList>
<Loc EndOffset="706" SrcFileId="2" StartOffset="29"/>
</LocList>
<HierarchyLvl HierarchyLvlId="436" HierarchyLvlTypeId="4" Intrnl_Id="26" Name="sum">
<Header>
<Loc EndOffset="116" SrcFileId="2" StartOffset="67"/>
</Header>
<LocList>
<Loc EndOffset="151" SrcFileId="2" StartOffset="67"/>
</LocList>
<StmntSeq Intrnl_Id="27">
<LocList>
<Loc EndOffset="147" SrcFileId="2" StartOffset="122"/>
</LocList>
<BasicStmnt CovItemId="S1" CovItemPrefix="Calculator.model.StandardCalculator.java" Intrnl_Id="28">
<LocList>
<Loc EndOffset="147" SrcFileId="2" StartOffset="122"/>
</LocList>
</BasicStmnt>
</StmntSeq>
</HierarchyLvl>
<HierarchyLvl HierarchyLvlId="437" HierarchyLvlTypeId="4" Intrnl_Id="29" Name="subtract">
<Header>
<Loc EndOffset="210" SrcFileId="2" StartOffset="156"/>
</Header>
<LocList>
<Loc EndOffset="245" SrcFileId="2" StartOffset="156"/>
</LocList>
<StmntSeq Intrnl_Id="30">
<LocList>
<Loc EndOffset="241" SrcFileId="2" StartOffset="216"/>
</LocList>
<BasicStmnt CovItemId="S2" CovItemPrefix="Calculator.model.StandardCalculator.java" Intrnl_Id="31">
<LocList>
<Loc EndOffset="241" SrcFileId="2" StartOffset="216"/>
</LocList>
</BasicStmnt>
</StmntSeq>
</HierarchyLvl>
<HierarchyLvl HierarchyLvlId="438" HierarchyLvlTypeId="4" Intrnl_Id="32" Name="mul">
<Header>
<Loc EndOffset="299" SrcFileId="2" StartOffset="250"/>
</Header>
<LocList>
<Loc EndOffset="334" SrcFileId="2" StartOffset="250"/>
</LocList>
<StmntSeq Intrnl_Id="33">
<LocList>
<Loc EndOffset="330" SrcFileId="2" StartOffset="305"/>
</LocList>
<BasicStmnt CovItemId="S3" CovItemPrefix="Calculator.model.StandardCalculator.java" Intrnl_Id="34">
<LocList>
<Loc EndOffset="330" SrcFileId="2" StartOffset="305"/>
</LocList>
</BasicStmnt>
</StmntSeq>
</HierarchyLvl>
<HierarchyLvl HierarchyLvlId="439" HierarchyLvlTypeId="4" Intrnl_Id="35" Name="divide">
<Header>
<Loc EndOffset="391" SrcFileId="2" StartOffset="339"/>
</Header>
<LocList>
<Loc EndOffset="520" SrcFileId="2" StartOffset="339"/>
</LocList>
<StmntSeq Intrnl_Id="36">
<LocList>
<Loc EndOffset="451" SrcFileId="2" StartOffset="397"/>
<Loc EndOffset="516" SrcFileId="2" StartOffset="455"/>
</LocList>
<CondStmnt CovItemId="S4" CovItemPrefix="Calculator.model.StandardCalculator.java" Intrnl_Id="37">
<Branch CovItemId="B1" CovItemPrefix="Calculator.model.StandardCalculator.java" Implct="false" Intrnl_Id="38">
<Cond/>
<LocList>
<Loc EndOffset="451" SrcFileId="2" StartOffset="415"/>
</LocList>
<StmntSeq Intrnl_Id="39">
<LocList>
<Loc EndOffset="446" SrcFileId="2" StartOffset="421"/>
</LocList>
<BasicStmnt CovItemId="S5" CovItemPrefix="Calculator.model.StandardCalculator.java" Intrnl_Id="40">
<LocList>
<Loc EndOffset="446" SrcFileId="2" StartOffset="421"/>
</LocList>
</BasicStmnt>
</StmntSeq>
</Branch>
<Branch CovItemId="B2" CovItemPrefix="Calculator.model.StandardCalculator.java" Implct="true" Intrnl_Id="41">
<Cond/>
<LocList/>
<StmntSeq Intrnl_Id="42">
<LocList/>
</StmntSeq>
</Branch>
<Keyword EndOffset="399" SrcFileId="2" StartOffset="397"/>
<LocList>
<Loc EndOffset="451" SrcFileId="2" StartOffset="397"/>
</LocList>
<RootTerm CovItemId="C1" CovItemPrefix="Calculator.model.StandardCalculator.java" Intrnl_Id="43">
<BasicBoolTerm Intrnl_Id="44">
<LocList>
<Loc EndOffset="413" SrcFileId="2" StartOffset="401"/>
</LocList>
</BasicBoolTerm>
</RootTerm>
</CondStmnt>
<BasicStmnt CovItemId="S6" CovItemPrefix="Calculator.model.StandardCalculator.java" Intrnl_Id="45">
<LocList>
<Loc EndOffset="516" SrcFileId="2" StartOffset="455"/>
</LocList>
</BasicStmnt>
</StmntSeq>
</HierarchyLvl>
<HierarchyLvl HierarchyLvlId="440" HierarchyLvlTypeId="4" Intrnl_Id="46" Name="mod">
<Header>
<Loc EndOffset="574" SrcFileId="2" StartOffset="525"/>
</Header>
<LocList>
<Loc EndOffset="703" SrcFileId="2" StartOffset="525"/>
</LocList>
<StmntSeq Intrnl_Id="47">
<LocList>
<Loc EndOffset="634" SrcFileId="2" StartOffset="580"/>
<Loc EndOffset="699" SrcFileId="2" StartOffset="638"/>
</LocList>
<CondStmnt CovItemId="S7" CovItemPrefix="Calculator.model.StandardCalculator.java" Intrnl_Id="48">
<Branch CovItemId="B3" CovItemPrefix="Calculator.model.StandardCalculator.java" Implct="false" Intrnl_Id="49">
<Cond/>
<LocList>
<Loc EndOffset="634" SrcFileId="2" StartOffset="598"/>
</LocList>
<StmntSeq Intrnl_Id="50">
<LocList>
<Loc EndOffset="629" SrcFileId="2" StartOffset="604"/>
</LocList>
<BasicStmnt CovItemId="S8" CovItemPrefix="Calculator.model.StandardCalculator.java" Intrnl_Id="51">
<LocList>
<Loc EndOffset="629" SrcFileId="2" StartOffset="604"/>
</LocList>
</BasicStmnt>
</StmntSeq>
</Branch>
<Branch CovItemId="B4" CovItemPrefix="Calculator.model.StandardCalculator.java" Implct="true" Intrnl_Id="52">
<Cond/>
<LocList/>
<StmntSeq Intrnl_Id="53">
<LocList/>
</StmntSeq>
</Branch>
<Keyword EndOffset="582" SrcFileId="2" StartOffset="580"/>
<LocList>
<Loc EndOffset="634" SrcFileId="2" StartOffset="580"/>
</LocList>
<RootTerm CovItemId="C2" CovItemPrefix="Calculator.model.StandardCalculator.java" Intrnl_Id="54">
<BasicBoolTerm Intrnl_Id="55">
<LocList>
<Loc EndOffset="596" SrcFileId="2" StartOffset="584"/>
</LocList>
</BasicBoolTerm>
</RootTerm>
</CondStmnt>
<BasicStmnt CovItemId="S9" CovItemPrefix="Calculator.model.StandardCalculator.java" Intrnl_Id="56">
<LocList>
<Loc EndOffset="699" SrcFileId="2" StartOffset="638"/>
</LocList>
</BasicStmnt>
</StmntSeq>
</HierarchyLvl>
</HierarchyLvl>
</HierarchyLvl>
</HierarchyLvl>
</HierarchyLvl>
</MASTRoot>
</TestSessionContainer>
