<?xml version="1.0" encoding="UTF-8"?><TestSessionContainer xmlns="http://www.codecover.org/xml/testsession-container" Date="1512008882803" TestSessionContainerId="8f0bb4d4-5aee-404a-bcd4-c808139405dd" version="1.0">
<SrcFileList>
<SrcFile Content="package Calculator.model;&#13;&#10;&#13;&#10;public class AdvancedCalculator {&#13;&#10;&#13;&#10;&#9;public double squareRoot(double positiveNumber) {&#13;&#10;&#9;&#9;if (positiveNumber &gt;= 0) {&#13;&#10;&#9;&#9;&#9;return Math.sqrt(positiveNumber);&#13;&#10;&#9;&#9;}&#13;&#10;&#9;&#9;throw new IllegalArgumentException(&quot;Can not Square Root a negative number&quot;);&#13;&#10;&#9;}&#13;&#10;&#13;&#10;&#9;public double power(double number, double exponent) {&#13;&#10;&#9;&#9;return Math.pow(number, exponent);&#13;&#10;&#9;}&#13;&#10;&#13;&#10;}&#13;&#10;" Filename="AdvancedCalculator.java" Intrnl_Id="1"/>
<SrcFile Content="package Calculator.model;&#13;&#10;&#13;&#10;public class Equation {&#13;&#10;&#9;double a, b, c;&#13;&#10;&#13;&#10;&#9;public Equation(double a, double b, double c) {&#13;&#10;&#9;&#9;this.a = a;&#13;&#10;&#9;&#9;this.b = b;&#13;&#10;&#9;&#9;this.c = c;&#13;&#10;&#9;}&#13;&#10;&#13;&#10;&#9;public double getA() {&#13;&#10;&#9;&#9;return a;&#13;&#10;&#9;}&#13;&#10;&#13;&#10;&#9;public double getB() {&#13;&#10;&#9;&#9;return b;&#13;&#10;&#9;}&#13;&#10;&#13;&#10;&#9;public double getC() {&#13;&#10;&#9;&#9;return c;&#13;&#10;&#9;}&#13;&#10;&#13;&#10;}&#13;&#10;" Filename="Equation.java" Intrnl_Id="2"/>
<SrcFile Content="package Calculator.model;&#13;&#10;&#13;&#10;public class StandardCalculator {&#13;&#10;&#13;&#10;&#9;public double sum(double number1, double number2) {&#13;&#10;&#9;&#9;return number1 + number2;&#13;&#10;&#9;}&#13;&#10;&#13;&#10;&#9;public double subtract(double number1, double number2) {&#13;&#10;&#9;&#9;return number1 - number2;&#13;&#10;&#9;}&#13;&#10;&#13;&#10;&#9;public double mul(double number1, double number2) {&#13;&#10;&#9;&#9;return number1 * number2;&#13;&#10;&#9;}&#13;&#10;&#13;&#10;&#9;public double divide(double number1, double number2) {&#13;&#10;&#9;&#9;if (number2 != 0) {&#13;&#10;&#9;&#9;&#9;return number1 / number2;&#13;&#10;&#9;&#9;}&#13;&#10;&#9;&#9;throw new IllegalArgumentException(&quot;Number2 'divisor' is 0&quot;);&#13;&#10;&#9;}&#13;&#10;&#13;&#10;&#9;public double mod(double number1, double number2) {&#13;&#10;&#9;&#9;if (number2 != 0) {&#13;&#10;&#9;&#9;&#9;return number1 % number2;&#13;&#10;&#9;&#9;}&#13;&#10;&#9;&#9;throw new IllegalArgumentException(&quot;Number2 'divisor' is 0&quot;);&#13;&#10;&#9;}&#13;&#10;}&#13;&#10;" Filename="StandardCalculator.java" Intrnl_Id="3"/>
</SrcFileList>
<CritList>
<CritListEntry Name="org.codecover.model.utils.criteria.LoopCoverage" PluginName="org.codecover"/>
<CritListEntry Name="org.codecover.model.utils.criteria.ConditionCoverage" PluginName="org.codecover"/>
<CritListEntry Name="org.codecover.model.utils.criteria.BranchCoverage" PluginName="org.codecover"/>
<CritListEntry Name="org.codecover.model.utils.criteria.StatementCoverage" PluginName="org.codecover"/>
</CritList>
<BoolOpList/>
<HierarchyLvlTypeList>
<HierarchyLvlType EnglishName="package" IntrnlName="package" Intrnl_Id="4"/>
<HierarchyLvlType EnglishName="method" IntrnlName="method" Intrnl_Id="5"/>
<HierarchyLvlType EnglishName="class" IntrnlName="class" Intrnl_Id="6"/>
<HierarchyLvlType EnglishName="default package" IntrnlName="default package" Intrnl_Id="7"/>
</HierarchyLvlTypeList>
<MASTRoot>
<HierarchyLvl HierarchyLvlId="255" HierarchyLvlTypeId="7" Intrnl_Id="8" Name="default package">
<Header/>
<LocList/>
<HierarchyLvl HierarchyLvlId="254" HierarchyLvlTypeId="4" Intrnl_Id="9" Name="Calculator">
<Header/>
<LocList/>
<HierarchyLvl HierarchyLvlId="253" HierarchyLvlTypeId="4" Intrnl_Id="10" Name="model">
<Header/>
<LocList/>
<HierarchyLvl HierarchyLvlId="241" HierarchyLvlTypeId="6" Intrnl_Id="11" Name="AdvancedCalculator">
<Header>
<Loc EndOffset="60" SrcFileId="1" StartOffset="29"/>
</Header>
<LocList>
<Loc EndOffset="378" SrcFileId="1" StartOffset="29"/>
</LocList>
<HierarchyLvl HierarchyLvlId="239" HierarchyLvlTypeId="5" Intrnl_Id="12" Name="squareRoot">
<Header>
<Loc EndOffset="114" SrcFileId="1" StartOffset="67"/>
</Header>
<LocList>
<Loc EndOffset="273" SrcFileId="1" StartOffset="67"/>
</LocList>
<StmntSeq Intrnl_Id="13">
<LocList>
<Loc EndOffset="189" SrcFileId="1" StartOffset="120"/>
<Loc EndOffset="269" SrcFileId="1" StartOffset="193"/>
</LocList>
<CondStmnt CovItemId="S1" CovItemPrefix="Calculator.model.AdvancedCalculator.java" Intrnl_Id="14">
<Branch CovItemId="B1" CovItemPrefix="Calculator.model.AdvancedCalculator.java" Implct="false" Intrnl_Id="15">
<Cond/>
<LocList>
<Loc EndOffset="189" SrcFileId="1" StartOffset="145"/>
</LocList>
<StmntSeq Intrnl_Id="16">
<LocList>
<Loc EndOffset="184" SrcFileId="1" StartOffset="151"/>
</LocList>
<BasicStmnt CovItemId="S2" CovItemPrefix="Calculator.model.AdvancedCalculator.java" Intrnl_Id="17">
<LocList>
<Loc EndOffset="184" SrcFileId="1" StartOffset="151"/>
</LocList>
</BasicStmnt>
</StmntSeq>
</Branch>
<Branch CovItemId="B2" CovItemPrefix="Calculator.model.AdvancedCalculator.java" Implct="true" Intrnl_Id="18">
<Cond/>
<LocList/>
<StmntSeq Intrnl_Id="19">
<LocList/>
</StmntSeq>
</Branch>
<Keyword EndOffset="122" SrcFileId="1" StartOffset="120"/>
<LocList>
<Loc EndOffset="189" SrcFileId="1" StartOffset="120"/>
</LocList>
<RootTerm CovItemId="C1" CovItemPrefix="Calculator.model.AdvancedCalculator.java" Intrnl_Id="20">
<BasicBoolTerm Intrnl_Id="21">
<LocList>
<Loc EndOffset="143" SrcFileId="1" StartOffset="124"/>
</LocList>
</BasicBoolTerm>
</RootTerm>
</CondStmnt>
<BasicStmnt CovItemId="S3" CovItemPrefix="Calculator.model.AdvancedCalculator.java" Intrnl_Id="22">
<LocList>
<Loc EndOffset="269" SrcFileId="1" StartOffset="193"/>
</LocList>
</BasicStmnt>
</StmntSeq>
</HierarchyLvl>
<HierarchyLvl HierarchyLvlId="240" HierarchyLvlTypeId="5" Intrnl_Id="23" Name="power">
<Header>
<Loc EndOffset="329" SrcFileId="1" StartOffset="278"/>
</Header>
<LocList>
<Loc EndOffset="373" SrcFileId="1" StartOffset="278"/>
</LocList>
<StmntSeq Intrnl_Id="24">
<LocList>
<Loc EndOffset="369" SrcFileId="1" StartOffset="335"/>
</LocList>
<BasicStmnt CovItemId="S4" CovItemPrefix="Calculator.model.AdvancedCalculator.java" Intrnl_Id="25">
<LocList>
<Loc EndOffset="369" SrcFileId="1" StartOffset="335"/>
</LocList>
</BasicStmnt>
</StmntSeq>
</HierarchyLvl>
</HierarchyLvl>
<HierarchyLvl HierarchyLvlId="246" HierarchyLvlTypeId="6" Intrnl_Id="26" Name="Equation">
<Header>
<Loc EndOffset="50" SrcFileId="2" StartOffset="29"/>
</Header>
<LocList>
<Loc EndOffset="308" SrcFileId="2" StartOffset="29"/>
</LocList>
<HierarchyLvl HierarchyLvlId="242" HierarchyLvlTypeId="5" Intrnl_Id="27" Name="Equation">
<Header>
<Loc EndOffset="120" SrcFileId="2" StartOffset="75"/>
</Header>
<LocList>
<Loc EndOffset="171" SrcFileId="2" StartOffset="75"/>
</LocList>
<StmntSeq Intrnl_Id="28">
<LocList>
<Loc EndOffset="137" SrcFileId="2" StartOffset="126"/>
<Loc EndOffset="152" SrcFileId="2" StartOffset="141"/>
<Loc EndOffset="167" SrcFileId="2" StartOffset="156"/>
</LocList>
<BasicStmnt CovItemId="S1" CovItemPrefix="Calculator.model.Equation.java" Intrnl_Id="29">
<LocList>
<Loc EndOffset="137" SrcFileId="2" StartOffset="126"/>
</LocList>
</BasicStmnt>
<BasicStmnt CovItemId="S2" CovItemPrefix="Calculator.model.Equation.java" Intrnl_Id="30">
<LocList>
<Loc EndOffset="152" SrcFileId="2" StartOffset="141"/>
</LocList>
</BasicStmnt>
<BasicStmnt CovItemId="S3" CovItemPrefix="Calculator.model.Equation.java" Intrnl_Id="31">
<LocList>
<Loc EndOffset="167" SrcFileId="2" StartOffset="156"/>
</LocList>
</BasicStmnt>
</StmntSeq>
</HierarchyLvl>
<HierarchyLvl HierarchyLvlId="243" HierarchyLvlTypeId="5" Intrnl_Id="32" Name="getA">
<Header>
<Loc EndOffset="196" SrcFileId="2" StartOffset="176"/>
</Header>
<LocList>
<Loc EndOffset="215" SrcFileId="2" StartOffset="176"/>
</LocList>
<StmntSeq Intrnl_Id="33">
<LocList>
<Loc EndOffset="211" SrcFileId="2" StartOffset="202"/>
</LocList>
<BasicStmnt CovItemId="S4" CovItemPrefix="Calculator.model.Equation.java" Intrnl_Id="34">
<LocList>
<Loc EndOffset="211" SrcFileId="2" StartOffset="202"/>
</LocList>
</BasicStmnt>
</StmntSeq>
</HierarchyLvl>
<HierarchyLvl HierarchyLvlId="244" HierarchyLvlTypeId="5" Intrnl_Id="35" Name="getB">
<Header>
<Loc EndOffset="240" SrcFileId="2" StartOffset="220"/>
</Header>
<LocList>
<Loc EndOffset="259" SrcFileId="2" StartOffset="220"/>
</LocList>
<StmntSeq Intrnl_Id="36">
<LocList>
<Loc EndOffset="255" SrcFileId="2" StartOffset="246"/>
</LocList>
<BasicStmnt CovItemId="S5" CovItemPrefix="Calculator.model.Equation.java" Intrnl_Id="37">
<LocList>
<Loc EndOffset="255" SrcFileId="2" StartOffset="246"/>
</LocList>
</BasicStmnt>
</StmntSeq>
</HierarchyLvl>
<HierarchyLvl HierarchyLvlId="245" HierarchyLvlTypeId="5" Intrnl_Id="38" Name="getC">
<Header>
<Loc EndOffset="284" SrcFileId="2" StartOffset="264"/>
</Header>
<LocList>
<Loc EndOffset="303" SrcFileId="2" StartOffset="264"/>
</LocList>
<StmntSeq Intrnl_Id="39">
<LocList>
<Loc EndOffset="299" SrcFileId="2" StartOffset="290"/>
</LocList>
<BasicStmnt CovItemId="S6" CovItemPrefix="Calculator.model.Equation.java" Intrnl_Id="40">
<LocList>
<Loc EndOffset="299" SrcFileId="2" StartOffset="290"/>
</LocList>
</BasicStmnt>
</StmntSeq>
</HierarchyLvl>
</HierarchyLvl>
<HierarchyLvl HierarchyLvlId="252" HierarchyLvlTypeId="6" Intrnl_Id="41" Name="StandardCalculator">
<Header>
<Loc EndOffset="60" SrcFileId="3" StartOffset="29"/>
</Header>
<LocList>
<Loc EndOffset="706" SrcFileId="3" StartOffset="29"/>
</LocList>
<HierarchyLvl HierarchyLvlId="247" HierarchyLvlTypeId="5" Intrnl_Id="42" Name="sum">
<Header>
<Loc EndOffset="116" SrcFileId="3" StartOffset="67"/>
</Header>
<LocList>
<Loc EndOffset="151" SrcFileId="3" StartOffset="67"/>
</LocList>
<StmntSeq Intrnl_Id="43">
<LocList>
<Loc EndOffset="147" SrcFileId="3" StartOffset="122"/>
</LocList>
<BasicStmnt CovItemId="S1" CovItemPrefix="Calculator.model.StandardCalculator.java" Intrnl_Id="44">
<LocList>
<Loc EndOffset="147" SrcFileId="3" StartOffset="122"/>
</LocList>
</BasicStmnt>
</StmntSeq>
</HierarchyLvl>
<HierarchyLvl HierarchyLvlId="248" HierarchyLvlTypeId="5" Intrnl_Id="45" Name="subtract">
<Header>
<Loc EndOffset="210" SrcFileId="3" StartOffset="156"/>
</Header>
<LocList>
<Loc EndOffset="245" SrcFileId="3" StartOffset="156"/>
</LocList>
<StmntSeq Intrnl_Id="46">
<LocList>
<Loc EndOffset="241" SrcFileId="3" StartOffset="216"/>
</LocList>
<BasicStmnt CovItemId="S2" CovItemPrefix="Calculator.model.StandardCalculator.java" Intrnl_Id="47">
<LocList>
<Loc EndOffset="241" SrcFileId="3" StartOffset="216"/>
</LocList>
</BasicStmnt>
</StmntSeq>
</HierarchyLvl>
<HierarchyLvl HierarchyLvlId="249" HierarchyLvlTypeId="5" Intrnl_Id="48" Name="mul">
<Header>
<Loc EndOffset="299" SrcFileId="3" StartOffset="250"/>
</Header>
<LocList>
<Loc EndOffset="334" SrcFileId="3" StartOffset="250"/>
</LocList>
<StmntSeq Intrnl_Id="49">
<LocList>
<Loc EndOffset="330" SrcFileId="3" StartOffset="305"/>
</LocList>
<BasicStmnt CovItemId="S3" CovItemPrefix="Calculator.model.StandardCalculator.java" Intrnl_Id="50">
<LocList>
<Loc EndOffset="330" SrcFileId="3" StartOffset="305"/>
</LocList>
</BasicStmnt>
</StmntSeq>
</HierarchyLvl>
<HierarchyLvl HierarchyLvlId="250" HierarchyLvlTypeId="5" Intrnl_Id="51" Name="divide">
<Header>
<Loc EndOffset="391" SrcFileId="3" StartOffset="339"/>
</Header>
<LocList>
<Loc EndOffset="520" SrcFileId="3" StartOffset="339"/>
</LocList>
<StmntSeq Intrnl_Id="52">
<LocList>
<Loc EndOffset="451" SrcFileId="3" StartOffset="397"/>
<Loc EndOffset="516" SrcFileId="3" StartOffset="455"/>
</LocList>
<CondStmnt CovItemId="S4" CovItemPrefix="Calculator.model.StandardCalculator.java" Intrnl_Id="53">
<Branch CovItemId="B1" CovItemPrefix="Calculator.model.StandardCalculator.java" Implct="false" Intrnl_Id="54">
<Cond/>
<LocList>
<Loc EndOffset="451" SrcFileId="3" StartOffset="415"/>
</LocList>
<StmntSeq Intrnl_Id="55">
<LocList>
<Loc EndOffset="446" SrcFileId="3" StartOffset="421"/>
</LocList>
<BasicStmnt CovItemId="S5" CovItemPrefix="Calculator.model.StandardCalculator.java" Intrnl_Id="56">
<LocList>
<Loc EndOffset="446" SrcFileId="3" StartOffset="421"/>
</LocList>
</BasicStmnt>
</StmntSeq>
</Branch>
<Branch CovItemId="B2" CovItemPrefix="Calculator.model.StandardCalculator.java" Implct="true" Intrnl_Id="57">
<Cond/>
<LocList/>
<StmntSeq Intrnl_Id="58">
<LocList/>
</StmntSeq>
</Branch>
<Keyword EndOffset="399" SrcFileId="3" StartOffset="397"/>
<LocList>
<Loc EndOffset="451" SrcFileId="3" StartOffset="397"/>
</LocList>
<RootTerm CovItemId="C1" CovItemPrefix="Calculator.model.StandardCalculator.java" Intrnl_Id="59">
<BasicBoolTerm Intrnl_Id="60">
<LocList>
<Loc EndOffset="413" SrcFileId="3" StartOffset="401"/>
</LocList>
</BasicBoolTerm>
</RootTerm>
</CondStmnt>
<BasicStmnt CovItemId="S6" CovItemPrefix="Calculator.model.StandardCalculator.java" Intrnl_Id="61">
<LocList>
<Loc EndOffset="516" SrcFileId="3" StartOffset="455"/>
</LocList>
</BasicStmnt>
</StmntSeq>
</HierarchyLvl>
<HierarchyLvl HierarchyLvlId="251" HierarchyLvlTypeId="5" Intrnl_Id="62" Name="mod">
<Header>
<Loc EndOffset="574" SrcFileId="3" StartOffset="525"/>
</Header>
<LocList>
<Loc EndOffset="703" SrcFileId="3" StartOffset="525"/>
</LocList>
<StmntSeq Intrnl_Id="63">
<LocList>
<Loc EndOffset="634" SrcFileId="3" StartOffset="580"/>
<Loc EndOffset="699" SrcFileId="3" StartOffset="638"/>
</LocList>
<CondStmnt CovItemId="S7" CovItemPrefix="Calculator.model.StandardCalculator.java" Intrnl_Id="64">
<Branch CovItemId="B3" CovItemPrefix="Calculator.model.StandardCalculator.java" Implct="false" Intrnl_Id="65">
<Cond/>
<LocList>
<Loc EndOffset="634" SrcFileId="3" StartOffset="598"/>
</LocList>
<StmntSeq Intrnl_Id="66">
<LocList>
<Loc EndOffset="629" SrcFileId="3" StartOffset="604"/>
</LocList>
<BasicStmnt CovItemId="S8" CovItemPrefix="Calculator.model.StandardCalculator.java" Intrnl_Id="67">
<LocList>
<Loc EndOffset="629" SrcFileId="3" StartOffset="604"/>
</LocList>
</BasicStmnt>
</StmntSeq>
</Branch>
<Branch CovItemId="B4" CovItemPrefix="Calculator.model.StandardCalculator.java" Implct="true" Intrnl_Id="68">
<Cond/>
<LocList/>
<StmntSeq Intrnl_Id="69">
<LocList/>
</StmntSeq>
</Branch>
<Keyword EndOffset="582" SrcFileId="3" StartOffset="580"/>
<LocList>
<Loc EndOffset="634" SrcFileId="3" StartOffset="580"/>
</LocList>
<RootTerm CovItemId="C2" CovItemPrefix="Calculator.model.StandardCalculator.java" Intrnl_Id="70">
<BasicBoolTerm Intrnl_Id="71">
<LocList>
<Loc EndOffset="596" SrcFileId="3" StartOffset="584"/>
</LocList>
</BasicBoolTerm>
</RootTerm>
</CondStmnt>
<BasicStmnt CovItemId="S9" CovItemPrefix="Calculator.model.StandardCalculator.java" Intrnl_Id="72">
<LocList>
<Loc EndOffset="699" SrcFileId="3" StartOffset="638"/>
</LocList>
</BasicStmnt>
</StmntSeq>
</HierarchyLvl>
</HierarchyLvl>
</HierarchyLvl>
</HierarchyLvl>
</HierarchyLvl>
</MASTRoot>
</TestSessionContainer>
