<?xml version="1.0" encoding="UTF-8"?><TestSessionContainer xmlns="http://www.codecover.org/xml/testsession-container" Date="1512434229127" TestSessionContainerId="c4aff778-368c-4f7c-80e0-1b51689a56d1" version="1.0">
<SrcFileList>
<SrcFile Content="package Calculator.View;&#13;&#10;&#13;&#10;import java.io.IOException;&#13;&#10;import java.io.InputStream;&#13;&#10;import java.io.PrintStream;&#13;&#10;&#13;&#10;public class EnglishView {&#13;&#10;&#9;private PrintStream printer;&#13;&#10;&#9;private InputStream input;;&#13;&#10;&#13;&#10;&#9;public EnglishView(PrintStream p, InputStream in) {&#13;&#10;&#9;&#9;this.printer = p;&#13;&#10;&#9;&#9;this.input = in;&#13;&#10;&#9;}&#13;&#10;&#13;&#10;&#9;public void instructionPrint() {&#13;&#10;&#9;&#9;printer.println(&quot;Welcome to calculator&quot;);&#13;&#10;&#9;&#9;printer.println(&quot;Enter:\n&quot; + &quot;s: standard calculator\n&quot; + &quot;d: advanced calculator\n&quot;&#13;&#10;&#9;&#9;&#9;&#9;+ &quot;f: First Degree Equation Calculator a.x + b = 0\n&quot;&#13;&#10;&#9;&#9;&#9;&#9;+ &quot;q: Quadratic Equatio Calculator a.x^2 + b.x + c = 0\n&quot; + &quot;e: exit&quot;);&#13;&#10;&#9;}&#13;&#10;&#13;&#10;&#9;public void standardInstructionDisplay() {&#13;&#10;&#9;&#9;printer.println(&quot;Welcome to the standard calculator for (+,-,*,/,%) operations.&quot;);&#13;&#10;&#9;}&#13;&#10;&#13;&#10;&#9;public void advancedInstructionDisplay() {&#13;&#10;&#9;&#9;printer.println(&quot;Welcome to the advanced calculator for (square root, power) operations.&quot;);&#13;&#10;&#9;}&#13;&#10;&#13;&#10;&#9;public void standardResultPrint(double result) {&#13;&#10;&#9;&#9;printer.println(&quot;result: &quot; + result);&#13;&#10;&#9;}&#13;&#10;&#13;&#10;&#9;public void askToNumberOrOperation(int i) {&#13;&#10;&#9;&#9;switch (i) {&#13;&#10;&#9;&#9;case 1:&#13;&#10;&#9;&#9;&#9;printer.println(&quot;Enter the first number A:&quot;);&#13;&#10;&#9;&#9;&#9;break;&#13;&#10;&#9;&#9;case 2:&#13;&#10;&#9;&#9;&#9;printer.println(&quot;Enter the second number B:&quot;);&#13;&#10;&#9;&#9;&#9;break;&#13;&#10;&#9;&#9;case 3:&#13;&#10;&#9;&#9;&#9;printer.println(&quot;Enter the third number C:&quot;);&#13;&#10;&#9;&#9;&#9;break;&#13;&#10;&#9;&#9;case 0:&#13;&#10;&#9;&#9;&#9;printer.println(&quot;Enter the operation (+,-,*,/,%) or c to cancel: &quot;);&#13;&#10;&#9;&#9;&#9;break;&#13;&#10;&#9;&#9;default:&#13;&#10;&#9;&#9;&#9;printer.println(&quot;Enter the operation s:Square Root, p: power, c:cancel&quot;);&#13;&#10;&#9;&#9;}&#13;&#10;&#13;&#10;&#9;}&#13;&#10;&#13;&#10;&#9;public void printText(String text) {&#13;&#10;&#9;&#9;printer.println(text);&#13;&#10;&#9;}&#13;&#10;&#13;&#10;&#9;public double getUserInputNumber() {&#13;&#10;&#9;&#9;String text = &quot;&quot;;&#13;&#10;&#9;&#9;while (text.replaceAll(&quot;\\s+&quot;, &quot;&quot;).isEmpty()) {&#13;&#10;&#9;&#9;&#9;text = getInput();&#13;&#10;&#9;&#9;}&#13;&#10;&#9;&#9;try {&#13;&#10;&#9;&#9;&#9;double d = Double.parseDouble(text);&#13;&#10;&#9;&#9;&#9;return d;&#13;&#10;&#9;&#9;} catch (NumberFormatException e) {&#13;&#10;&#9;&#9;&#9;if (text.charAt(0) == 'c')&#13;&#10;&#9;&#9;&#9;&#9;return Double.MAX_VALUE;&#13;&#10;&#9;&#9;&#9;printer.println(&quot;invalid number please try again, 'c' for cancel&quot;);&#13;&#10;&#9;&#9;&#9;return Double.MIN_VALUE;&#13;&#10;&#9;&#9;}&#13;&#10;&#13;&#10;&#9;}&#13;&#10;&#13;&#10;&#9;public char getUserInputChar() {&#13;&#10;&#9;&#9;String text = &quot;&quot;;&#13;&#10;&#9;&#9;while (text.replaceAll(&quot;\\s+&quot;, &quot;&quot;).isEmpty()) {&#13;&#10;&#9;&#9;&#9;text = getInput();&#13;&#10;&#9;&#9;}&#13;&#10;&#9;&#9;return text.charAt(0);&#13;&#10;&#9;}&#13;&#10;&#13;&#10;&#9;public void waitToEnter() {&#13;&#10;&#9;&#9;printer.println(&quot;Press Enter to continue...&quot;);&#13;&#10;&#9;&#9;getInput();&#13;&#10;&#9;}&#13;&#10;&#13;&#10;&#9;public String getInput() {&#13;&#10;&#9;&#9;StringBuilder sb = new StringBuilder();&#13;&#10;&#9;&#9;try {&#13;&#10;&#9;&#9;&#9;input.skip(input.available());&#13;&#10;&#9;&#9;&#9;char c = '\n';&#13;&#10;&#9;&#9;&#9;c = (char) input.read();&#13;&#10;&#9;&#9;&#9;sb.append(c);&#13;&#10;&#9;&#9;&#9;int a = input.available() - 2;&#13;&#10;&#9;&#9;&#9;while (a &gt; 0) {&#13;&#10;&#9;&#9;&#9;&#9;c = (char) input.read();&#13;&#10;&#9;&#9;&#9;&#9;sb.append(c);&#13;&#10;&#9;&#9;&#9;&#9;a--;&#13;&#10;&#9;&#9;&#9;}&#13;&#10;&#9;&#9;&#9;input.skip(input.available());&#13;&#10;&#9;&#9;&#9;return sb.toString();&#13;&#10;&#9;&#9;} catch (IOException e) {&#13;&#10;&#9;&#9;&#9;return sb.toString();&#13;&#10;&#9;&#9;}&#13;&#10;&#9;}&#13;&#10;&#13;&#10;}&#13;&#10;" Filename="EnglishView.java" Intrnl_Id="1"/>
<SrcFile Content="package Calculator.model;&#13;&#10;&#13;&#10;public class AdvancedCalculator {&#13;&#10;&#13;&#10;&#9;public double squareRoot(double positiveNumber) {&#13;&#10;&#9;&#9;if (positiveNumber &gt;= 0) {&#13;&#10;&#9;&#9;&#9;return Math.sqrt(positiveNumber);&#13;&#10;&#9;&#9;}&#13;&#10;&#9;&#9;throw new IllegalArgumentException(&quot;Can not Square Root a negative number&quot;);&#13;&#10;&#9;}&#13;&#10;&#13;&#10;&#9;public double power(double number, double exponent) {&#13;&#10;&#9;&#9;return Math.pow(number, exponent);&#13;&#10;&#9;}&#13;&#10;&#13;&#10;}&#13;&#10;" Filename="AdvancedCalculator.java" Intrnl_Id="2"/>
<SrcFile Content="package Calculator.model;&#13;&#10;&#13;&#10;public class Equation {&#13;&#10;&#9;double a, b, c;&#13;&#10;&#13;&#10;&#9;public Equation(double a, double b, double c) {&#13;&#10;&#9;&#9;this.a = a;&#13;&#10;&#9;&#9;this.b = b;&#13;&#10;&#9;&#9;this.c = c;&#13;&#10;&#9;}&#13;&#10;&#13;&#10;&#9;public double getA() {&#13;&#10;&#9;&#9;return a;&#13;&#10;&#9;}&#13;&#10;&#13;&#10;&#9;public double getB() {&#13;&#10;&#9;&#9;return b;&#13;&#10;&#9;}&#13;&#10;&#13;&#10;&#9;public double getC() {&#13;&#10;&#9;&#9;return c;&#13;&#10;&#9;}&#13;&#10;&#13;&#10;&#9;public void setABC(double a, double b, double c) {&#13;&#10;&#9;&#9;this.a = a;&#13;&#10;&#9;&#9;this.b = b;&#13;&#10;&#9;&#9;this.c = c;&#13;&#10;&#9;}&#13;&#10;&#13;&#10;}&#13;&#10;" Filename="Equation.java" Intrnl_Id="3"/>
<SrcFile Content="package Calculator.model;&#13;&#10;&#13;&#10;import Calculator.model.exeption.NonQuadraticEquatioException;&#13;&#10;&#13;&#10;public class EquationDiscriminantCalculator {&#13;&#10;&#9;double a, b, c;&#13;&#10;&#13;&#10;&#9;public EquationDiscriminantCalculator(Equation equation) {&#13;&#10;&#9;&#9;a = equation.getA();&#13;&#10;&#9;&#9;b = equation.getB();&#13;&#10;&#9;&#9;c = equation.getC();&#13;&#10;&#9;}&#13;&#10;&#13;&#10;&#9;public double getDiscriminant() throws NonQuadraticEquatioException {&#13;&#10;&#9;&#9;if (a == 0) {&#13;&#10;&#9;&#9;&#9;throw new NonQuadraticEquatioException();&#13;&#10;&#9;&#9;}&#13;&#10;&#9;&#9;StandardCalculator SC = new StandardCalculator();&#13;&#10;&#9;&#9;AdvancedCalculator AC = new AdvancedCalculator();&#13;&#10;&#9;&#9;double A_mul_C = SC.mul(a, c);&#13;&#10;&#9;&#9;return AC.power(b, 2) - SC.mul(4, A_mul_C);&#13;&#10;&#9;}&#13;&#10;&#13;&#10;&#9;public void setA(double a) {&#13;&#10;&#9;&#9;this.a = a;&#13;&#10;&#9;}&#13;&#10;&#13;&#10;&#9;public void setB(double b) {&#13;&#10;&#9;&#9;this.b = b;&#13;&#10;&#9;}&#13;&#10;&#13;&#10;&#9;public void setC(double c) {&#13;&#10;&#9;&#9;this.c = c;&#13;&#10;&#9;}&#13;&#10;}&#13;&#10;" Filename="EquationDiscriminantCalculator.java" Intrnl_Id="4"/>
<SrcFile Content="package Calculator.model;&#13;&#10;&#13;&#10;import Calculator.model.exeption.NonFirstDegreeEquatioException;&#13;&#10;&#13;&#10;public class FirstDegreeEquationCalculator {&#13;&#10;&#13;&#10;&#9;private double a, b, c;&#13;&#10;&#9;private double Solution;&#13;&#10;&#13;&#10;&#9;public FirstDegreeEquationCalculator(Equation equation) {&#13;&#10;&#9;&#9;a = equation.getA();&#13;&#10;&#9;&#9;b = equation.getB();&#13;&#10;&#9;&#9;c = equation.getC();&#13;&#10;&#9;}&#13;&#10;&#13;&#10;&#9;private void startSolving() throws NonFirstDegreeEquatioException {&#13;&#10;&#9;&#9;if (a != 0 || b == 0) {&#13;&#10;&#9;&#9;&#9;throw new NonFirstDegreeEquatioException();&#13;&#10;&#9;&#9;}&#13;&#10;&#9;&#9;StandardCalculator SC = new StandardCalculator();&#13;&#10;&#9;&#9;Solution = SC.divide(-c, b);&#13;&#10;&#9;}&#13;&#10;&#13;&#10;&#9;public double getSolution() throws NonFirstDegreeEquatioException {&#13;&#10;&#9;&#9;this.startSolving();&#13;&#10;&#9;&#9;return Solution;&#13;&#10;&#9;}&#13;&#10;&#13;&#10;&#9;public void setB(double b) {&#13;&#10;&#9;&#9;this.b = b;&#13;&#10;&#9;}&#13;&#10;&#13;&#10;&#9;public void setC(double c) {&#13;&#10;&#9;&#9;this.c = c;&#13;&#10;&#9;}&#13;&#10;&#13;&#10;}" Filename="FirstDegreeEquationCalculator.java" Intrnl_Id="5"/>
<SrcFile Content="package Calculator.model;&#13;&#10;&#13;&#10;import Calculator.model.exeption.NonQuadraticEquatioException;&#13;&#10;&#13;&#10;public class QuadraticEquationCalculator {&#13;&#10;&#9;private Equation equation;&#13;&#10;&#9;StandardCalculator SC;&#13;&#10;&#9;AdvancedCalculator AC;&#13;&#10;&#9;EquationDiscriminantCalculator EDC;&#13;&#10;&#13;&#10;&#9;private double Discriminant, Solution1, Solution2;&#13;&#10;&#13;&#10;&#9;private int numberOfSolutions;&#13;&#10;&#13;&#10;&#9;public QuadraticEquationCalculator(Equation equation, StandardCalculator SC, AdvancedCalculator AC,&#13;&#10;&#9;&#9;&#9;EquationDiscriminantCalculator EDC) {&#13;&#10;&#9;&#9;this.SC = SC;&#13;&#10;&#9;&#9;this.AC = AC;&#13;&#10;&#9;&#9;this.EDC = EDC;&#13;&#10;&#9;&#9;this.equation = equation;&#13;&#10;&#9;}&#13;&#10;&#13;&#10;&#9;public void startSolving() throws NonQuadraticEquatioException {&#13;&#10;&#9;&#9;this.Discriminant = EDC.getDiscriminant();&#13;&#10;&#9;&#9;if (getDiscriminant() &gt; 0) {&#13;&#10;&#9;&#9;&#9;numberOfSolutions = 2;&#13;&#10;&#9;&#9;&#9;firstSolution();&#13;&#10;&#9;&#9;&#9;secondSolution();&#13;&#10;&#9;&#9;}&#13;&#10;&#13;&#10;&#9;&#9;else if (getDiscriminant() == 0) {&#13;&#10;&#9;&#9;&#9;numberOfSolutions = 1;&#13;&#10;&#9;&#9;&#9;firstSolution();&#13;&#10;&#9;&#9;&#9;secondSolution();&#13;&#10;&#9;&#9;} else {&#13;&#10;&#9;&#9;&#9;numberOfSolutions = 0;&#13;&#10;&#9;&#9;&#9;Solution1 = Double.MIN_VALUE;&#13;&#10;&#9;&#9;&#9;Solution2 = Solution1;&#13;&#10;&#9;&#9;}&#13;&#10;&#9;}&#13;&#10;&#13;&#10;&#9;private void firstSolution() {&#13;&#10;&#9;&#9;Solution1 = SC.divide(SC.subtract(-equation.getB(), AC.squareRoot(Discriminant)), SC.mul(2, equation.getA()));&#13;&#10;&#9;}&#13;&#10;&#13;&#10;&#9;private void secondSolution() {&#13;&#10;&#9;&#9;if (getNumberOfSolutions() == 1) {&#13;&#10;&#9;&#9;&#9;Solution2 = Solution1;&#13;&#10;&#9;&#9;&#9;return;&#13;&#10;&#9;&#9;}&#13;&#10;&#9;&#9;Solution2 = SC.divide(SC.sum(-equation.getB(), AC.squareRoot(Discriminant)), SC.mul(2, equation.getA()));&#13;&#10;&#9;}&#13;&#10;&#13;&#10;&#9;public double getSolution1() {&#13;&#10;&#9;&#9;return Solution1;&#13;&#10;&#9;}&#13;&#10;&#13;&#10;&#9;public double getSolution2() {&#13;&#10;&#9;&#9;return Solution2;&#13;&#10;&#9;}&#13;&#10;&#13;&#10;&#9;public int getNumberOfSolutions() {&#13;&#10;&#9;&#9;return numberOfSolutions;&#13;&#10;&#9;}&#13;&#10;&#13;&#10;&#9;public double getDiscriminant() {&#13;&#10;&#9;&#9;return Discriminant;&#13;&#10;&#9;}&#13;&#10;&#13;&#10;&#9;public void setEquation(Equation equation) {&#13;&#10;&#9;&#9;this.equation = equation;&#13;&#10;&#9;&#9;this.EDC.setA(equation.getA());&#13;&#10;&#9;&#9;this.EDC.setB(equation.getB());&#13;&#10;&#9;&#9;this.EDC.setC(equation.getC());&#13;&#10;&#9;}&#13;&#10;&#13;&#10;}&#13;&#10;" Filename="QuadraticEquationCalculator.java" Intrnl_Id="6"/>
<SrcFile Content="package Calculator.model;&#13;&#10;&#13;&#10;public class StandardCalculator {&#13;&#10;&#13;&#10;&#9;public double sum(double number1, double number2) {&#13;&#10;&#9;&#9;return number1 + number2;&#13;&#10;&#9;}&#13;&#10;&#13;&#10;&#9;public double subtract(double number1, double number2) {&#13;&#10;&#9;&#9;return number1 - number2;&#13;&#10;&#9;}&#13;&#10;&#13;&#10;&#9;public double mul(double number1, double number2) {&#13;&#10;&#9;&#9;return number1 * number2;&#13;&#10;&#9;}&#13;&#10;&#13;&#10;&#9;public double divide(double number1, double number2) {&#13;&#10;&#9;&#9;if (number2 != 0) {&#13;&#10;&#9;&#9;&#9;return number1 / number2;&#13;&#10;&#9;&#9;}&#13;&#10;&#9;&#9;throw new IllegalArgumentException(&quot;Number2 'divisor' is 0&quot;);&#13;&#10;&#9;}&#13;&#10;&#13;&#10;&#9;public double mod(double number1, double number2) {&#13;&#10;&#9;&#9;if (number2 != 0) {&#13;&#10;&#9;&#9;&#9;return number1 % number2;&#13;&#10;&#9;&#9;}&#13;&#10;&#9;&#9;throw new IllegalArgumentException(&quot;Number2 'divisor' is 0&quot;);&#13;&#10;&#9;}&#13;&#10;}&#13;&#10;" Filename="StandardCalculator.java" Intrnl_Id="7"/>
<SrcFile Content="package Calculator.model.exeption;&#13;&#10;&#13;&#10;public class NonFirstDegreeEquatioException extends Exception {&#13;&#10;&#9;public NonFirstDegreeEquatioException() {&#13;&#10;&#9;&#9;&#13;&#10;&#9;}&#13;&#10;&#13;&#10;}&#13;&#10;" Filename="NonFirstDegreeEquatioException.java" Intrnl_Id="8"/>
<SrcFile Content="package Calculator.model.exeption;&#13;&#10;&#13;&#10;public class NonQuadraticEquatioException extends Exception {&#13;&#10;&#13;&#10;}&#13;&#10;" Filename="NonQuadraticEquatioException.java" Intrnl_Id="9"/>
</SrcFileList>
<CritList>
<CritListEntry Name="org.codecover.model.utils.criteria.LoopCoverage" PluginName="org.codecover"/>
<CritListEntry Name="org.codecover.model.utils.criteria.ConditionCoverage" PluginName="org.codecover"/>
<CritListEntry Name="org.codecover.model.utils.criteria.BranchCoverage" PluginName="org.codecover"/>
<CritListEntry Name="org.codecover.model.utils.criteria.StatementCoverage" PluginName="org.codecover"/>
</CritList>
<BoolOpList>
<BoolOp Arity="2" Intrnl_Id="10" Name="conditional or (||)">
<BoolAssgnmntBoolMapList>
<MapEntry BoolAssgnmnt="00" Value="false"/>
<MapEntry BoolAssgnmnt="01" Value="true"/>
<MapEntry BoolAssgnmnt="12" Value="true"/>
</BoolAssgnmntBoolMapList>
</BoolOp>
</BoolOpList>
<HierarchyLvlTypeList>
<HierarchyLvlType EnglishName="package" IntrnlName="package" Intrnl_Id="11"/>
<HierarchyLvlType EnglishName="method" IntrnlName="method" Intrnl_Id="12"/>
<HierarchyLvlType EnglishName="class" IntrnlName="class" Intrnl_Id="13"/>
<HierarchyLvlType EnglishName="default package" IntrnlName="default package" Intrnl_Id="14"/>
</HierarchyLvlTypeList>
<MASTRoot>
<HierarchyLvl HierarchyLvlId="6733" HierarchyLvlTypeId="14" Intrnl_Id="15" Name="default package">
<Header/>
<LocList/>
<HierarchyLvl HierarchyLvlId="6732" HierarchyLvlTypeId="11" Intrnl_Id="16" Name="Calculator">
<Header/>
<LocList/>
<HierarchyLvl HierarchyLvlId="6729" HierarchyLvlTypeId="11" Intrnl_Id="17" Name="View">
<Header/>
<LocList/>
<HierarchyLvl HierarchyLvlId="6688" HierarchyLvlTypeId="13" Intrnl_Id="18" Name="EnglishView">
<Header>
<Loc EndOffset="141" SrcFileId="1" StartOffset="117"/>
</Header>
<LocList>
<Loc EndOffset="2663" SrcFileId="1" StartOffset="117"/>
</LocList>
<HierarchyLvl HierarchyLvlId="6677" HierarchyLvlTypeId="12" Intrnl_Id="19" Name="EnglishView">
<Header>
<Loc EndOffset="258" SrcFileId="1" StartOffset="209"/>
</Header>
<LocList>
<Loc EndOffset="305" SrcFileId="1" StartOffset="209"/>
</LocList>
<StmntSeq Intrnl_Id="20">
<LocList>
<Loc EndOffset="281" SrcFileId="1" StartOffset="264"/>
<Loc EndOffset="301" SrcFileId="1" StartOffset="285"/>
</LocList>
<BasicStmnt CovItemId="S1" CovItemPrefix="Calculator.View.EnglishView.java" Intrnl_Id="21">
<LocList>
<Loc EndOffset="281" SrcFileId="1" StartOffset="264"/>
</LocList>
</BasicStmnt>
<BasicStmnt CovItemId="S2" CovItemPrefix="Calculator.View.EnglishView.java" Intrnl_Id="22">
<LocList>
<Loc EndOffset="301" SrcFileId="1" StartOffset="285"/>
</LocList>
</BasicStmnt>
</StmntSeq>
</HierarchyLvl>
<HierarchyLvl HierarchyLvlId="6678" HierarchyLvlTypeId="12" Intrnl_Id="23" Name="instructionPrint">
<Header>
<Loc EndOffset="340" SrcFileId="1" StartOffset="310"/>
</Header>
<LocList>
<Loc EndOffset="615" SrcFileId="1" StartOffset="310"/>
</LocList>
<StmntSeq Intrnl_Id="24">
<LocList>
<Loc EndOffset="387" SrcFileId="1" StartOffset="346"/>
<Loc EndOffset="611" SrcFileId="1" StartOffset="391"/>
</LocList>
<BasicStmnt CovItemId="S3" CovItemPrefix="Calculator.View.EnglishView.java" Intrnl_Id="25">
<LocList>
<Loc EndOffset="387" SrcFileId="1" StartOffset="346"/>
</LocList>
</BasicStmnt>
<BasicStmnt CovItemId="S4" CovItemPrefix="Calculator.View.EnglishView.java" Intrnl_Id="26">
<LocList>
<Loc EndOffset="611" SrcFileId="1" StartOffset="391"/>
</LocList>
</BasicStmnt>
</StmntSeq>
</HierarchyLvl>
<HierarchyLvl HierarchyLvlId="6679" HierarchyLvlTypeId="12" Intrnl_Id="27" Name="standardInstructionDisplay">
<Header>
<Loc EndOffset="660" SrcFileId="1" StartOffset="620"/>
</Header>
<LocList>
<Loc EndOffset="752" SrcFileId="1" StartOffset="620"/>
</LocList>
<StmntSeq Intrnl_Id="28">
<LocList>
<Loc EndOffset="748" SrcFileId="1" StartOffset="666"/>
</LocList>
<BasicStmnt CovItemId="S5" CovItemPrefix="Calculator.View.EnglishView.java" Intrnl_Id="29">
<LocList>
<Loc EndOffset="748" SrcFileId="1" StartOffset="666"/>
</LocList>
</BasicStmnt>
</StmntSeq>
</HierarchyLvl>
<HierarchyLvl HierarchyLvlId="6680" HierarchyLvlTypeId="12" Intrnl_Id="30" Name="advancedInstructionDisplay">
<Header>
<Loc EndOffset="797" SrcFileId="1" StartOffset="757"/>
</Header>
<LocList>
<Loc EndOffset="898" SrcFileId="1" StartOffset="757"/>
</LocList>
<StmntSeq Intrnl_Id="31">
<LocList>
<Loc EndOffset="894" SrcFileId="1" StartOffset="803"/>
</LocList>
<BasicStmnt CovItemId="S6" CovItemPrefix="Calculator.View.EnglishView.java" Intrnl_Id="32">
<LocList>
<Loc EndOffset="894" SrcFileId="1" StartOffset="803"/>
</LocList>
</BasicStmnt>
</StmntSeq>
</HierarchyLvl>
<HierarchyLvl HierarchyLvlId="6681" HierarchyLvlTypeId="12" Intrnl_Id="33" Name="standardResultPrint">
<Header>
<Loc EndOffset="949" SrcFileId="1" StartOffset="903"/>
</Header>
<LocList>
<Loc EndOffset="996" SrcFileId="1" StartOffset="903"/>
</LocList>
<StmntSeq Intrnl_Id="34">
<LocList>
<Loc EndOffset="992" SrcFileId="1" StartOffset="955"/>
</LocList>
<BasicStmnt CovItemId="S7" CovItemPrefix="Calculator.View.EnglishView.java" Intrnl_Id="35">
<LocList>
<Loc EndOffset="992" SrcFileId="1" StartOffset="955"/>
</LocList>
</BasicStmnt>
</StmntSeq>
</HierarchyLvl>
<HierarchyLvl HierarchyLvlId="6682" HierarchyLvlTypeId="12" Intrnl_Id="36" Name="askToNumberOrOperation">
<Header>
<Loc EndOffset="1042" SrcFileId="1" StartOffset="1001"/>
</Header>
<LocList>
<Loc EndOffset="1473" SrcFileId="1" StartOffset="1001"/>
</LocList>
<StmntSeq Intrnl_Id="37">
<LocList>
<Loc EndOffset="1467" SrcFileId="1" StartOffset="1048"/>
</LocList>
<CondStmnt CovItemId="S8" CovItemPrefix="Calculator.View.EnglishView.java" Intrnl_Id="38">
<Branch CovItemId="B1" CovItemPrefix="Calculator.View.EnglishView.java" Implct="false" Intrnl_Id="39">
<Cond>
<Loc EndOffset="1070" SrcFileId="1" StartOffset="1064"/>
</Cond>
<LocList>
<Loc EndOffset="1132" SrcFileId="1" StartOffset="1076"/>
</LocList>
<StmntSeq Intrnl_Id="40">
<LocList>
<Loc EndOffset="1121" SrcFileId="1" StartOffset="1076"/>
<Loc EndOffset="1132" SrcFileId="1" StartOffset="1126"/>
</LocList>
<BasicStmnt CovItemId="S9" CovItemPrefix="Calculator.View.EnglishView.java" Intrnl_Id="41">
<LocList>
<Loc EndOffset="1121" SrcFileId="1" StartOffset="1076"/>
</LocList>
</BasicStmnt>
<BasicStmnt CovItemId="S10" CovItemPrefix="Calculator.View.EnglishView.java" Intrnl_Id="42">
<LocList>
<Loc EndOffset="1132" SrcFileId="1" StartOffset="1126"/>
</LocList>
</BasicStmnt>
</StmntSeq>
</Branch>
<Branch CovItemId="B2" CovItemPrefix="Calculator.View.EnglishView.java" Implct="false" Intrnl_Id="43">
<Cond>
<Loc EndOffset="1142" SrcFileId="1" StartOffset="1136"/>
</Cond>
<LocList>
<Loc EndOffset="1205" SrcFileId="1" StartOffset="1148"/>
</LocList>
<StmntSeq Intrnl_Id="44">
<LocList>
<Loc EndOffset="1194" SrcFileId="1" StartOffset="1148"/>
<Loc EndOffset="1205" SrcFileId="1" StartOffset="1199"/>
</LocList>
<BasicStmnt CovItemId="S11" CovItemPrefix="Calculator.View.EnglishView.java" Intrnl_Id="45">
<LocList>
<Loc EndOffset="1194" SrcFileId="1" StartOffset="1148"/>
</LocList>
</BasicStmnt>
<BasicStmnt CovItemId="S12" CovItemPrefix="Calculator.View.EnglishView.java" Intrnl_Id="46">
<LocList>
<Loc EndOffset="1205" SrcFileId="1" StartOffset="1199"/>
</LocList>
</BasicStmnt>
</StmntSeq>
</Branch>
<Branch CovItemId="B3" CovItemPrefix="Calculator.View.EnglishView.java" Implct="false" Intrnl_Id="47">
<Cond>
<Loc EndOffset="1215" SrcFileId="1" StartOffset="1209"/>
</Cond>
<LocList>
<Loc EndOffset="1277" SrcFileId="1" StartOffset="1221"/>
</LocList>
<StmntSeq Intrnl_Id="48">
<LocList>
<Loc EndOffset="1266" SrcFileId="1" StartOffset="1221"/>
<Loc EndOffset="1277" SrcFileId="1" StartOffset="1271"/>
</LocList>
<BasicStmnt CovItemId="S13" CovItemPrefix="Calculator.View.EnglishView.java" Intrnl_Id="49">
<LocList>
<Loc EndOffset="1266" SrcFileId="1" StartOffset="1221"/>
</LocList>
</BasicStmnt>
<BasicStmnt CovItemId="S14" CovItemPrefix="Calculator.View.EnglishView.java" Intrnl_Id="50">
<LocList>
<Loc EndOffset="1277" SrcFileId="1" StartOffset="1271"/>
</LocList>
</BasicStmnt>
</StmntSeq>
</Branch>
<Branch CovItemId="B4" CovItemPrefix="Calculator.View.EnglishView.java" Implct="false" Intrnl_Id="51">
<Cond>
<Loc EndOffset="1287" SrcFileId="1" StartOffset="1281"/>
</Cond>
<LocList>
<Loc EndOffset="1372" SrcFileId="1" StartOffset="1293"/>
</LocList>
<StmntSeq Intrnl_Id="52">
<LocList>
<Loc EndOffset="1361" SrcFileId="1" StartOffset="1293"/>
<Loc EndOffset="1372" SrcFileId="1" StartOffset="1366"/>
</LocList>
<BasicStmnt CovItemId="S15" CovItemPrefix="Calculator.View.EnglishView.java" Intrnl_Id="53">
<LocList>
<Loc EndOffset="1361" SrcFileId="1" StartOffset="1293"/>
</LocList>
</BasicStmnt>
<BasicStmnt CovItemId="S16" CovItemPrefix="Calculator.View.EnglishView.java" Intrnl_Id="54">
<LocList>
<Loc EndOffset="1372" SrcFileId="1" StartOffset="1366"/>
</LocList>
</BasicStmnt>
</StmntSeq>
</Branch>
<Branch CovItemId="B5" CovItemPrefix="Calculator.View.EnglishView.java" Implct="false" Intrnl_Id="55">
<Cond>
<Loc EndOffset="1383" SrcFileId="1" StartOffset="1376"/>
</Cond>
<LocList>
<Loc EndOffset="1462" SrcFileId="1" StartOffset="1389"/>
</LocList>
<StmntSeq Intrnl_Id="56">
<LocList>
<Loc EndOffset="1462" SrcFileId="1" StartOffset="1389"/>
</LocList>
<BasicStmnt CovItemId="S17" CovItemPrefix="Calculator.View.EnglishView.java" Intrnl_Id="57">
<LocList>
<Loc EndOffset="1462" SrcFileId="1" StartOffset="1389"/>
</LocList>
</BasicStmnt>
</StmntSeq>
</Branch>
<Keyword EndOffset="1054" SrcFileId="1" StartOffset="1048"/>
<LocList>
<Loc EndOffset="1467" SrcFileId="1" StartOffset="1048"/>
</LocList>
</CondStmnt>
</StmntSeq>
</HierarchyLvl>
<HierarchyLvl HierarchyLvlId="6683" HierarchyLvlTypeId="12" Intrnl_Id="58" Name="printText">
<Header>
<Loc EndOffset="1512" SrcFileId="1" StartOffset="1478"/>
</Header>
<LocList>
<Loc EndOffset="1544" SrcFileId="1" StartOffset="1478"/>
</LocList>
<StmntSeq Intrnl_Id="59">
<LocList>
<Loc EndOffset="1540" SrcFileId="1" StartOffset="1518"/>
</LocList>
<BasicStmnt CovItemId="S18" CovItemPrefix="Calculator.View.EnglishView.java" Intrnl_Id="60">
<LocList>
<Loc EndOffset="1540" SrcFileId="1" StartOffset="1518"/>
</LocList>
</BasicStmnt>
</StmntSeq>
</HierarchyLvl>
<HierarchyLvl HierarchyLvlId="6684" HierarchyLvlTypeId="12" Intrnl_Id="61" Name="getUserInputNumber">
<Header>
<Loc EndOffset="1583" SrcFileId="1" StartOffset="1549"/>
</Header>
<LocList>
<Loc EndOffset="1961" SrcFileId="1" StartOffset="1549"/>
</LocList>
<StmntSeq Intrnl_Id="62">
<LocList>
<Loc EndOffset="1606" SrcFileId="1" StartOffset="1589"/>
<Loc EndOffset="1685" SrcFileId="1" StartOffset="1610"/>
<Loc EndOffset="1735" SrcFileId="1" StartOffset="1699"/>
<Loc EndOffset="1749" SrcFileId="1" StartOffset="1740"/>
<Loc EndOffset="1955" SrcFileId="1" StartOffset="1689"/>
</LocList>
<BasicStmnt CovItemId="S19" CovItemPrefix="Calculator.View.EnglishView.java" Intrnl_Id="63">
<LocList>
<Loc EndOffset="1606" SrcFileId="1" StartOffset="1589"/>
</LocList>
</BasicStmnt>
<LoopStmnt CovItemId="S20" CovItemPrefix="Calculator.View.EnglishView.java" Intrnl_Id="64" MltplExecId="L1-2" MltplExecPrefix="Calculator.View.EnglishView.java" NvrExecId="L1-0" NvrExecPrefix="Calculator.View.EnglishView.java" OnceExecutedId="L1-1" OnceExecutedPrefix="Calculator.View.EnglishView.java" OptBodyExec="true">
<StmntSeq Intrnl_Id="65">
<LocList>
<Loc EndOffset="1680" SrcFileId="1" StartOffset="1662"/>
</LocList>
<BasicStmnt CovItemId="S21" CovItemPrefix="Calculator.View.EnglishView.java" Intrnl_Id="66">
<LocList>
<Loc EndOffset="1680" SrcFileId="1" StartOffset="1662"/>
</LocList>
</BasicStmnt>
</StmntSeq>
<Keyword EndOffset="1615" SrcFileId="1" StartOffset="1610"/>
<LocList>
<Loc EndOffset="1685" SrcFileId="1" StartOffset="1610"/>
</LocList>
<RootTerm CovItemId="C1" CovItemPrefix="Calculator.View.EnglishView.java" Intrnl_Id="67">
<BasicBoolTerm Intrnl_Id="68">
<LocList>
<Loc EndOffset="1654" SrcFileId="1" StartOffset="1617"/>
</LocList>
</BasicBoolTerm>
</RootTerm>
</LoopStmnt>
<BasicStmnt CovItemId="S23" CovItemPrefix="Calculator.View.EnglishView.java" Intrnl_Id="69">
<LocList>
<Loc EndOffset="1735" SrcFileId="1" StartOffset="1699"/>
</LocList>
</BasicStmnt>
<BasicStmnt CovItemId="S24" CovItemPrefix="Calculator.View.EnglishView.java" Intrnl_Id="70">
<LocList>
<Loc EndOffset="1749" SrcFileId="1" StartOffset="1740"/>
</LocList>
</BasicStmnt>
<CondStmnt CovItemId="S22" CovItemPrefix="Calculator.View.EnglishView.java" Intrnl_Id="71">
<Branch CovItemId="B6" CovItemPrefix="Calculator.View.EnglishView.java" Implct="true" Intrnl_Id="72">
<Cond/>
<LocList/>
<StmntSeq Intrnl_Id="73">
<LocList/>
</StmntSeq>
</Branch>
<Branch CovItemId="B7" CovItemPrefix="Calculator.View.EnglishView.java" Implct="false" Intrnl_Id="74">
<Cond>
<Loc EndOffset="1786" SrcFileId="1" StartOffset="1755"/>
</Cond>
<LocList>
<Loc EndOffset="1955" SrcFileId="1" StartOffset="1787"/>
</LocList>
<StmntSeq Intrnl_Id="75">
<LocList>
<Loc EndOffset="1849" SrcFileId="1" StartOffset="1793"/>
<Loc EndOffset="1921" SrcFileId="1" StartOffset="1854"/>
<Loc EndOffset="1950" SrcFileId="1" StartOffset="1926"/>
</LocList>
<CondStmnt CovItemId="S25" CovItemPrefix="Calculator.View.EnglishView.java" Intrnl_Id="76">
<Branch CovItemId="B8" CovItemPrefix="Calculator.View.EnglishView.java" Implct="false" Intrnl_Id="77">
<Cond/>
<LocList>
<Loc EndOffset="1849" SrcFileId="1" StartOffset="1825"/>
</LocList>
<StmntSeq Intrnl_Id="78">
<LocList>
<Loc EndOffset="1849" SrcFileId="1" StartOffset="1825"/>
</LocList>
<BasicStmnt CovItemId="S26" CovItemPrefix="Calculator.View.EnglishView.java" Intrnl_Id="79">
<LocList>
<Loc EndOffset="1849" SrcFileId="1" StartOffset="1825"/>
</LocList>
</BasicStmnt>
</StmntSeq>
</Branch>
<Branch CovItemId="B9" CovItemPrefix="Calculator.View.EnglishView.java" Implct="true" Intrnl_Id="80">
<Cond/>
<LocList/>
<StmntSeq Intrnl_Id="81">
<LocList/>
</StmntSeq>
</Branch>
<Keyword EndOffset="1795" SrcFileId="1" StartOffset="1793"/>
<LocList>
<Loc EndOffset="1849" SrcFileId="1" StartOffset="1793"/>
</LocList>
<RootTerm CovItemId="C2" CovItemPrefix="Calculator.View.EnglishView.java" Intrnl_Id="82">
<BasicBoolTerm Intrnl_Id="83">
<LocList>
<Loc EndOffset="1818" SrcFileId="1" StartOffset="1797"/>
</LocList>
</BasicBoolTerm>
</RootTerm>
</CondStmnt>
<BasicStmnt CovItemId="S27" CovItemPrefix="Calculator.View.EnglishView.java" Intrnl_Id="84">
<LocList>
<Loc EndOffset="1921" SrcFileId="1" StartOffset="1854"/>
</LocList>
</BasicStmnt>
<BasicStmnt CovItemId="S28" CovItemPrefix="Calculator.View.EnglishView.java" Intrnl_Id="85">
<LocList>
<Loc EndOffset="1950" SrcFileId="1" StartOffset="1926"/>
</LocList>
</BasicStmnt>
</StmntSeq>
</Branch>
<Keyword EndOffset="1692" SrcFileId="1" StartOffset="1689"/>
<LocList>
<Loc EndOffset="1955" SrcFileId="1" StartOffset="1689"/>
</LocList>
</CondStmnt>
</StmntSeq>
</HierarchyLvl>
<HierarchyLvl HierarchyLvlId="6685" HierarchyLvlTypeId="12" Intrnl_Id="86" Name="getUserInputChar">
<Header>
<Loc EndOffset="1996" SrcFileId="1" StartOffset="1966"/>
</Header>
<LocList>
<Loc EndOffset="2128" SrcFileId="1" StartOffset="1966"/>
</LocList>
<StmntSeq Intrnl_Id="87">
<LocList>
<Loc EndOffset="2019" SrcFileId="1" StartOffset="2002"/>
<Loc EndOffset="2098" SrcFileId="1" StartOffset="2023"/>
<Loc EndOffset="2124" SrcFileId="1" StartOffset="2102"/>
</LocList>
<BasicStmnt CovItemId="S29" CovItemPrefix="Calculator.View.EnglishView.java" Intrnl_Id="88">
<LocList>
<Loc EndOffset="2019" SrcFileId="1" StartOffset="2002"/>
</LocList>
</BasicStmnt>
<LoopStmnt CovItemId="S30" CovItemPrefix="Calculator.View.EnglishView.java" Intrnl_Id="89" MltplExecId="L2-2" MltplExecPrefix="Calculator.View.EnglishView.java" NvrExecId="L2-0" NvrExecPrefix="Calculator.View.EnglishView.java" OnceExecutedId="L2-1" OnceExecutedPrefix="Calculator.View.EnglishView.java" OptBodyExec="true">
<StmntSeq Intrnl_Id="90">
<LocList>
<Loc EndOffset="2093" SrcFileId="1" StartOffset="2075"/>
</LocList>
<BasicStmnt CovItemId="S31" CovItemPrefix="Calculator.View.EnglishView.java" Intrnl_Id="91">
<LocList>
<Loc EndOffset="2093" SrcFileId="1" StartOffset="2075"/>
</LocList>
</BasicStmnt>
</StmntSeq>
<Keyword EndOffset="2028" SrcFileId="1" StartOffset="2023"/>
<LocList>
<Loc EndOffset="2098" SrcFileId="1" StartOffset="2023"/>
</LocList>
<RootTerm CovItemId="C3" CovItemPrefix="Calculator.View.EnglishView.java" Intrnl_Id="92">
<BasicBoolTerm Intrnl_Id="93">
<LocList>
<Loc EndOffset="2067" SrcFileId="1" StartOffset="2030"/>
</LocList>
</BasicBoolTerm>
</RootTerm>
</LoopStmnt>
<BasicStmnt CovItemId="S32" CovItemPrefix="Calculator.View.EnglishView.java" Intrnl_Id="94">
<LocList>
<Loc EndOffset="2124" SrcFileId="1" StartOffset="2102"/>
</LocList>
</BasicStmnt>
</StmntSeq>
</HierarchyLvl>
<HierarchyLvl HierarchyLvlId="6686" HierarchyLvlTypeId="12" Intrnl_Id="95" Name="waitToEnter">
<Header>
<Loc EndOffset="2158" SrcFileId="1" StartOffset="2133"/>
</Header>
<LocList>
<Loc EndOffset="2229" SrcFileId="1" StartOffset="2133"/>
</LocList>
<StmntSeq Intrnl_Id="96">
<LocList>
<Loc EndOffset="2210" SrcFileId="1" StartOffset="2164"/>
<Loc EndOffset="2225" SrcFileId="1" StartOffset="2214"/>
</LocList>
<BasicStmnt CovItemId="S33" CovItemPrefix="Calculator.View.EnglishView.java" Intrnl_Id="97">
<LocList>
<Loc EndOffset="2210" SrcFileId="1" StartOffset="2164"/>
</LocList>
</BasicStmnt>
<BasicStmnt CovItemId="S34" CovItemPrefix="Calculator.View.EnglishView.java" Intrnl_Id="98">
<LocList>
<Loc EndOffset="2225" SrcFileId="1" StartOffset="2214"/>
</LocList>
</BasicStmnt>
</StmntSeq>
</HierarchyLvl>
<HierarchyLvl HierarchyLvlId="6687" HierarchyLvlTypeId="12" Intrnl_Id="99" Name="getInput">
<Header>
<Loc EndOffset="2258" SrcFileId="1" StartOffset="2234"/>
</Header>
<LocList>
<Loc EndOffset="2658" SrcFileId="1" StartOffset="2234"/>
</LocList>
<StmntSeq Intrnl_Id="100">
<LocList>
<Loc EndOffset="2303" SrcFileId="1" StartOffset="2264"/>
<Loc EndOffset="2347" SrcFileId="1" StartOffset="2317"/>
<Loc EndOffset="2366" SrcFileId="1" StartOffset="2352"/>
<Loc EndOffset="2395" SrcFileId="1" StartOffset="2371"/>
<Loc EndOffset="2413" SrcFileId="1" StartOffset="2400"/>
<Loc EndOffset="2448" SrcFileId="1" StartOffset="2418"/>
<Loc EndOffset="2533" SrcFileId="1" StartOffset="2453"/>
<Loc EndOffset="2568" SrcFileId="1" StartOffset="2538"/>
<Loc EndOffset="2594" SrcFileId="1" StartOffset="2573"/>
<Loc EndOffset="2654" SrcFileId="1" StartOffset="2307"/>
</LocList>
<BasicStmnt CovItemId="S35" CovItemPrefix="Calculator.View.EnglishView.java" Intrnl_Id="101">
<LocList>
<Loc EndOffset="2303" SrcFileId="1" StartOffset="2264"/>
</LocList>
</BasicStmnt>
<BasicStmnt CovItemId="S37" CovItemPrefix="Calculator.View.EnglishView.java" Intrnl_Id="102">
<LocList>
<Loc EndOffset="2347" SrcFileId="1" StartOffset="2317"/>
</LocList>
</BasicStmnt>
<BasicStmnt CovItemId="S38" CovItemPrefix="Calculator.View.EnglishView.java" Intrnl_Id="103">
<LocList>
<Loc EndOffset="2366" SrcFileId="1" StartOffset="2352"/>
</LocList>
</BasicStmnt>
<BasicStmnt CovItemId="S39" CovItemPrefix="Calculator.View.EnglishView.java" Intrnl_Id="104">
<LocList>
<Loc EndOffset="2395" SrcFileId="1" StartOffset="2371"/>
</LocList>
</BasicStmnt>
<BasicStmnt CovItemId="S40" CovItemPrefix="Calculator.View.EnglishView.java" Intrnl_Id="105">
<LocList>
<Loc EndOffset="2413" SrcFileId="1" StartOffset="2400"/>
</LocList>
</BasicStmnt>
<BasicStmnt CovItemId="S41" CovItemPrefix="Calculator.View.EnglishView.java" Intrnl_Id="106">
<LocList>
<Loc EndOffset="2448" SrcFileId="1" StartOffset="2418"/>
</LocList>
</BasicStmnt>
<LoopStmnt CovItemId="S42" CovItemPrefix="Calculator.View.EnglishView.java" Intrnl_Id="107" MltplExecId="L3-2" MltplExecPrefix="Calculator.View.EnglishView.java" NvrExecId="L3-0" NvrExecPrefix="Calculator.View.EnglishView.java" OnceExecutedId="L3-1" OnceExecutedPrefix="Calculator.View.EnglishView.java" OptBodyExec="true">
<StmntSeq Intrnl_Id="108">
<LocList>
<Loc EndOffset="2498" SrcFileId="1" StartOffset="2474"/>
<Loc EndOffset="2517" SrcFileId="1" StartOffset="2504"/>
<Loc EndOffset="2527" SrcFileId="1" StartOffset="2523"/>
</LocList>
<BasicStmnt CovItemId="S43" CovItemPrefix="Calculator.View.EnglishView.java" Intrnl_Id="109">
<LocList>
<Loc EndOffset="2498" SrcFileId="1" StartOffset="2474"/>
</LocList>
</BasicStmnt>
<BasicStmnt CovItemId="S44" CovItemPrefix="Calculator.View.EnglishView.java" Intrnl_Id="110">
<LocList>
<Loc EndOffset="2517" SrcFileId="1" StartOffset="2504"/>
</LocList>
</BasicStmnt>
<BasicStmnt CovItemId="S45" CovItemPrefix="Calculator.View.EnglishView.java" Intrnl_Id="111">
<LocList>
<Loc EndOffset="2527" SrcFileId="1" StartOffset="2523"/>
</LocList>
</BasicStmnt>
</StmntSeq>
<Keyword EndOffset="2458" SrcFileId="1" StartOffset="2453"/>
<LocList>
<Loc EndOffset="2533" SrcFileId="1" StartOffset="2453"/>
</LocList>
<RootTerm CovItemId="C4" CovItemPrefix="Calculator.View.EnglishView.java" Intrnl_Id="112">
<BasicBoolTerm Intrnl_Id="113">
<LocList>
<Loc EndOffset="2465" SrcFileId="1" StartOffset="2460"/>
</LocList>
</BasicBoolTerm>
</RootTerm>
</LoopStmnt>
<BasicStmnt CovItemId="S46" CovItemPrefix="Calculator.View.EnglishView.java" Intrnl_Id="114">
<LocList>
<Loc EndOffset="2568" SrcFileId="1" StartOffset="2538"/>
</LocList>
</BasicStmnt>
<BasicStmnt CovItemId="S47" CovItemPrefix="Calculator.View.EnglishView.java" Intrnl_Id="115">
<LocList>
<Loc EndOffset="2594" SrcFileId="1" StartOffset="2573"/>
</LocList>
</BasicStmnt>
<CondStmnt CovItemId="S36" CovItemPrefix="Calculator.View.EnglishView.java" Intrnl_Id="116">
<Branch CovItemId="B10" CovItemPrefix="Calculator.View.EnglishView.java" Implct="true" Intrnl_Id="117">
<Cond/>
<LocList/>
<StmntSeq Intrnl_Id="118">
<LocList/>
</StmntSeq>
</Branch>
<Branch CovItemId="B11" CovItemPrefix="Calculator.View.EnglishView.java" Implct="false" Intrnl_Id="119">
<Cond>
<Loc EndOffset="2621" SrcFileId="1" StartOffset="2600"/>
</Cond>
<LocList>
<Loc EndOffset="2654" SrcFileId="1" StartOffset="2622"/>
</LocList>
<StmntSeq Intrnl_Id="120">
<LocList>
<Loc EndOffset="2649" SrcFileId="1" StartOffset="2628"/>
</LocList>
<BasicStmnt CovItemId="S48" CovItemPrefix="Calculator.View.EnglishView.java" Intrnl_Id="121">
<LocList>
<Loc EndOffset="2649" SrcFileId="1" StartOffset="2628"/>
</LocList>
</BasicStmnt>
</StmntSeq>
</Branch>
<Keyword EndOffset="2310" SrcFileId="1" StartOffset="2307"/>
<LocList>
<Loc EndOffset="2654" SrcFileId="1" StartOffset="2307"/>
</LocList>
</CondStmnt>
</StmntSeq>
</HierarchyLvl>
</HierarchyLvl>
</HierarchyLvl>
<HierarchyLvl HierarchyLvlId="6731" HierarchyLvlTypeId="11" Intrnl_Id="122" Name="model">
<Header/>
<LocList/>
<HierarchyLvl HierarchyLvlId="6730" HierarchyLvlTypeId="11" Intrnl_Id="123" Name="exeption">
<Header/>
<LocList/>
<HierarchyLvl HierarchyLvlId="6727" HierarchyLvlTypeId="13" Intrnl_Id="124" Name="NonFirstDegreeEquatioException">
<Header>
<Loc EndOffset="99" SrcFileId="8" StartOffset="38"/>
</Header>
<LocList>
<Loc EndOffset="158" SrcFileId="8" StartOffset="38"/>
</LocList>
<HierarchyLvl HierarchyLvlId="6726" HierarchyLvlTypeId="12" Intrnl_Id="125" Name="NonFirstDegreeEquatioException">
<Header>
<Loc EndOffset="143" SrcFileId="8" StartOffset="104"/>
</Header>
<LocList>
<Loc EndOffset="153" SrcFileId="8" StartOffset="104"/>
</LocList>
</HierarchyLvl>
</HierarchyLvl>
<HierarchyLvl HierarchyLvlId="6728" HierarchyLvlTypeId="13" Intrnl_Id="126" Name="NonQuadraticEquatioException">
<Header>
<Loc EndOffset="97" SrcFileId="9" StartOffset="38"/>
</Header>
<LocList>
<Loc EndOffset="104" SrcFileId="9" StartOffset="38"/>
</LocList>
</HierarchyLvl>
</HierarchyLvl>
<HierarchyLvl HierarchyLvlId="6691" HierarchyLvlTypeId="13" Intrnl_Id="127" Name="AdvancedCalculator">
<Header>
<Loc EndOffset="60" SrcFileId="2" StartOffset="29"/>
</Header>
<LocList>
<Loc EndOffset="378" SrcFileId="2" StartOffset="29"/>
</LocList>
<HierarchyLvl HierarchyLvlId="6689" HierarchyLvlTypeId="12" Intrnl_Id="128" Name="squareRoot">
<Header>
<Loc EndOffset="114" SrcFileId="2" StartOffset="67"/>
</Header>
<LocList>
<Loc EndOffset="273" SrcFileId="2" StartOffset="67"/>
</LocList>
<StmntSeq Intrnl_Id="129">
<LocList>
<Loc EndOffset="189" SrcFileId="2" StartOffset="120"/>
<Loc EndOffset="269" SrcFileId="2" StartOffset="193"/>
</LocList>
<CondStmnt CovItemId="S1" CovItemPrefix="Calculator.model.AdvancedCalculator.java" Intrnl_Id="130">
<Branch CovItemId="B1" CovItemPrefix="Calculator.model.AdvancedCalculator.java" Implct="false" Intrnl_Id="131">
<Cond/>
<LocList>
<Loc EndOffset="189" SrcFileId="2" StartOffset="145"/>
</LocList>
<StmntSeq Intrnl_Id="132">
<LocList>
<Loc EndOffset="184" SrcFileId="2" StartOffset="151"/>
</LocList>
<BasicStmnt CovItemId="S2" CovItemPrefix="Calculator.model.AdvancedCalculator.java" Intrnl_Id="133">
<LocList>
<Loc EndOffset="184" SrcFileId="2" StartOffset="151"/>
</LocList>
</BasicStmnt>
</StmntSeq>
</Branch>
<Branch CovItemId="B2" CovItemPrefix="Calculator.model.AdvancedCalculator.java" Implct="true" Intrnl_Id="134">
<Cond/>
<LocList/>
<StmntSeq Intrnl_Id="135">
<LocList/>
</StmntSeq>
</Branch>
<Keyword EndOffset="122" SrcFileId="2" StartOffset="120"/>
<LocList>
<Loc EndOffset="189" SrcFileId="2" StartOffset="120"/>
</LocList>
<RootTerm CovItemId="C1" CovItemPrefix="Calculator.model.AdvancedCalculator.java" Intrnl_Id="136">
<BasicBoolTerm Intrnl_Id="137">
<LocList>
<Loc EndOffset="143" SrcFileId="2" StartOffset="124"/>
</LocList>
</BasicBoolTerm>
</RootTerm>
</CondStmnt>
<BasicStmnt CovItemId="S3" CovItemPrefix="Calculator.model.AdvancedCalculator.java" Intrnl_Id="138">
<LocList>
<Loc EndOffset="269" SrcFileId="2" StartOffset="193"/>
</LocList>
</BasicStmnt>
</StmntSeq>
</HierarchyLvl>
<HierarchyLvl HierarchyLvlId="6690" HierarchyLvlTypeId="12" Intrnl_Id="139" Name="power">
<Header>
<Loc EndOffset="329" SrcFileId="2" StartOffset="278"/>
</Header>
<LocList>
<Loc EndOffset="373" SrcFileId="2" StartOffset="278"/>
</LocList>
<StmntSeq Intrnl_Id="140">
<LocList>
<Loc EndOffset="369" SrcFileId="2" StartOffset="335"/>
</LocList>
<BasicStmnt CovItemId="S4" CovItemPrefix="Calculator.model.AdvancedCalculator.java" Intrnl_Id="141">
<LocList>
<Loc EndOffset="369" SrcFileId="2" StartOffset="335"/>
</LocList>
</BasicStmnt>
</StmntSeq>
</HierarchyLvl>
</HierarchyLvl>
<HierarchyLvl HierarchyLvlId="6697" HierarchyLvlTypeId="13" Intrnl_Id="142" Name="Equation">
<Header>
<Loc EndOffset="50" SrcFileId="3" StartOffset="29"/>
</Header>
<LocList>
<Loc EndOffset="412" SrcFileId="3" StartOffset="29"/>
</LocList>
<HierarchyLvl HierarchyLvlId="6692" HierarchyLvlTypeId="12" Intrnl_Id="143" Name="Equation">
<Header>
<Loc EndOffset="120" SrcFileId="3" StartOffset="75"/>
</Header>
<LocList>
<Loc EndOffset="171" SrcFileId="3" StartOffset="75"/>
</LocList>
<StmntSeq Intrnl_Id="144">
<LocList>
<Loc EndOffset="137" SrcFileId="3" StartOffset="126"/>
<Loc EndOffset="152" SrcFileId="3" StartOffset="141"/>
<Loc EndOffset="167" SrcFileId="3" StartOffset="156"/>
</LocList>
<BasicStmnt CovItemId="S1" CovItemPrefix="Calculator.model.Equation.java" Intrnl_Id="145">
<LocList>
<Loc EndOffset="137" SrcFileId="3" StartOffset="126"/>
</LocList>
</BasicStmnt>
<BasicStmnt CovItemId="S2" CovItemPrefix="Calculator.model.Equation.java" Intrnl_Id="146">
<LocList>
<Loc EndOffset="152" SrcFileId="3" StartOffset="141"/>
</LocList>
</BasicStmnt>
<BasicStmnt CovItemId="S3" CovItemPrefix="Calculator.model.Equation.java" Intrnl_Id="147">
<LocList>
<Loc EndOffset="167" SrcFileId="3" StartOffset="156"/>
</LocList>
</BasicStmnt>
</StmntSeq>
</HierarchyLvl>
<HierarchyLvl HierarchyLvlId="6693" HierarchyLvlTypeId="12" Intrnl_Id="148" Name="getA">
<Header>
<Loc EndOffset="196" SrcFileId="3" StartOffset="176"/>
</Header>
<LocList>
<Loc EndOffset="215" SrcFileId="3" StartOffset="176"/>
</LocList>
<StmntSeq Intrnl_Id="149">
<LocList>
<Loc EndOffset="211" SrcFileId="3" StartOffset="202"/>
</LocList>
<BasicStmnt CovItemId="S4" CovItemPrefix="Calculator.model.Equation.java" Intrnl_Id="150">
<LocList>
<Loc EndOffset="211" SrcFileId="3" StartOffset="202"/>
</LocList>
</BasicStmnt>
</StmntSeq>
</HierarchyLvl>
<HierarchyLvl HierarchyLvlId="6694" HierarchyLvlTypeId="12" Intrnl_Id="151" Name="getB">
<Header>
<Loc EndOffset="240" SrcFileId="3" StartOffset="220"/>
</Header>
<LocList>
<Loc EndOffset="259" SrcFileId="3" StartOffset="220"/>
</LocList>
<StmntSeq Intrnl_Id="152">
<LocList>
<Loc EndOffset="255" SrcFileId="3" StartOffset="246"/>
</LocList>
<BasicStmnt CovItemId="S5" CovItemPrefix="Calculator.model.Equation.java" Intrnl_Id="153">
<LocList>
<Loc EndOffset="255" SrcFileId="3" StartOffset="246"/>
</LocList>
</BasicStmnt>
</StmntSeq>
</HierarchyLvl>
<HierarchyLvl HierarchyLvlId="6695" HierarchyLvlTypeId="12" Intrnl_Id="154" Name="getC">
<Header>
<Loc EndOffset="284" SrcFileId="3" StartOffset="264"/>
</Header>
<LocList>
<Loc EndOffset="303" SrcFileId="3" StartOffset="264"/>
</LocList>
<StmntSeq Intrnl_Id="155">
<LocList>
<Loc EndOffset="299" SrcFileId="3" StartOffset="290"/>
</LocList>
<BasicStmnt CovItemId="S6" CovItemPrefix="Calculator.model.Equation.java" Intrnl_Id="156">
<LocList>
<Loc EndOffset="299" SrcFileId="3" StartOffset="290"/>
</LocList>
</BasicStmnt>
</StmntSeq>
</HierarchyLvl>
<HierarchyLvl HierarchyLvlId="6696" HierarchyLvlTypeId="12" Intrnl_Id="157" Name="setABC">
<Header>
<Loc EndOffset="356" SrcFileId="3" StartOffset="308"/>
</Header>
<LocList>
<Loc EndOffset="407" SrcFileId="3" StartOffset="308"/>
</LocList>
<StmntSeq Intrnl_Id="158">
<LocList>
<Loc EndOffset="373" SrcFileId="3" StartOffset="362"/>
<Loc EndOffset="388" SrcFileId="3" StartOffset="377"/>
<Loc EndOffset="403" SrcFileId="3" StartOffset="392"/>
</LocList>
<BasicStmnt CovItemId="S7" CovItemPrefix="Calculator.model.Equation.java" Intrnl_Id="159">
<LocList>
<Loc EndOffset="373" SrcFileId="3" StartOffset="362"/>
</LocList>
</BasicStmnt>
<BasicStmnt CovItemId="S8" CovItemPrefix="Calculator.model.Equation.java" Intrnl_Id="160">
<LocList>
<Loc EndOffset="388" SrcFileId="3" StartOffset="377"/>
</LocList>
</BasicStmnt>
<BasicStmnt CovItemId="S9" CovItemPrefix="Calculator.model.Equation.java" Intrnl_Id="161">
<LocList>
<Loc EndOffset="403" SrcFileId="3" StartOffset="392"/>
</LocList>
</BasicStmnt>
</StmntSeq>
</HierarchyLvl>
</HierarchyLvl>
<HierarchyLvl HierarchyLvlId="6703" HierarchyLvlTypeId="13" Intrnl_Id="162" Name="EquationDiscriminantCalculator">
<Header>
<Loc EndOffset="138" SrcFileId="4" StartOffset="95"/>
</Header>
<LocList>
<Loc EndOffset="789" SrcFileId="4" StartOffset="95"/>
</LocList>
<HierarchyLvl HierarchyLvlId="6698" HierarchyLvlTypeId="12" Intrnl_Id="163" Name="EquationDiscriminantCalculator">
<Header>
<Loc EndOffset="219" SrcFileId="4" StartOffset="163"/>
</Header>
<LocList>
<Loc EndOffset="297" SrcFileId="4" StartOffset="163"/>
</LocList>
<StmntSeq Intrnl_Id="164">
<LocList>
<Loc EndOffset="245" SrcFileId="4" StartOffset="225"/>
<Loc EndOffset="269" SrcFileId="4" StartOffset="249"/>
<Loc EndOffset="293" SrcFileId="4" StartOffset="273"/>
</LocList>
<BasicStmnt CovItemId="S1" CovItemPrefix="Calculator.model.EquationDiscriminantCalculator.java" Intrnl_Id="165">
<LocList>
<Loc EndOffset="245" SrcFileId="4" StartOffset="225"/>
</LocList>
</BasicStmnt>
<BasicStmnt CovItemId="S2" CovItemPrefix="Calculator.model.EquationDiscriminantCalculator.java" Intrnl_Id="166">
<LocList>
<Loc EndOffset="269" SrcFileId="4" StartOffset="249"/>
</LocList>
</BasicStmnt>
<BasicStmnt CovItemId="S3" CovItemPrefix="Calculator.model.EquationDiscriminantCalculator.java" Intrnl_Id="167">
<LocList>
<Loc EndOffset="293" SrcFileId="4" StartOffset="273"/>
</LocList>
</BasicStmnt>
</StmntSeq>
</HierarchyLvl>
<HierarchyLvl HierarchyLvlId="6699" HierarchyLvlTypeId="12" Intrnl_Id="168" Name="getDiscriminant">
<Header>
<Loc EndOffset="369" SrcFileId="4" StartOffset="302"/>
</Header>
<LocList>
<Loc EndOffset="630" SrcFileId="4" StartOffset="302"/>
</LocList>
<StmntSeq Intrnl_Id="169">
<LocList>
<Loc EndOffset="439" SrcFileId="4" StartOffset="375"/>
<Loc EndOffset="492" SrcFileId="4" StartOffset="443"/>
<Loc EndOffset="545" SrcFileId="4" StartOffset="496"/>
<Loc EndOffset="579" SrcFileId="4" StartOffset="549"/>
<Loc EndOffset="626" SrcFileId="4" StartOffset="583"/>
</LocList>
<CondStmnt CovItemId="S4" CovItemPrefix="Calculator.model.EquationDiscriminantCalculator.java" Intrnl_Id="170">
<Branch CovItemId="B1" CovItemPrefix="Calculator.model.EquationDiscriminantCalculator.java" Implct="false" Intrnl_Id="171">
<Cond/>
<LocList>
<Loc EndOffset="439" SrcFileId="4" StartOffset="387"/>
</LocList>
<StmntSeq Intrnl_Id="172">
<LocList>
<Loc EndOffset="434" SrcFileId="4" StartOffset="393"/>
</LocList>
<BasicStmnt CovItemId="S5" CovItemPrefix="Calculator.model.EquationDiscriminantCalculator.java" Intrnl_Id="173">
<LocList>
<Loc EndOffset="434" SrcFileId="4" StartOffset="393"/>
</LocList>
</BasicStmnt>
</StmntSeq>
</Branch>
<Branch CovItemId="B2" CovItemPrefix="Calculator.model.EquationDiscriminantCalculator.java" Implct="true" Intrnl_Id="174">
<Cond/>
<LocList/>
<StmntSeq Intrnl_Id="175">
<LocList/>
</StmntSeq>
</Branch>
<Keyword EndOffset="377" SrcFileId="4" StartOffset="375"/>
<LocList>
<Loc EndOffset="439" SrcFileId="4" StartOffset="375"/>
</LocList>
<RootTerm CovItemId="C1" CovItemPrefix="Calculator.model.EquationDiscriminantCalculator.java" Intrnl_Id="176">
<BasicBoolTerm Intrnl_Id="177">
<LocList>
<Loc EndOffset="385" SrcFileId="4" StartOffset="379"/>
</LocList>
</BasicBoolTerm>
</RootTerm>
</CondStmnt>
<BasicStmnt CovItemId="S6" CovItemPrefix="Calculator.model.EquationDiscriminantCalculator.java" Intrnl_Id="178">
<LocList>
<Loc EndOffset="492" SrcFileId="4" StartOffset="443"/>
</LocList>
</BasicStmnt>
<BasicStmnt CovItemId="S7" CovItemPrefix="Calculator.model.EquationDiscriminantCalculator.java" Intrnl_Id="179">
<LocList>
<Loc EndOffset="545" SrcFileId="4" StartOffset="496"/>
</LocList>
</BasicStmnt>
<BasicStmnt CovItemId="S8" CovItemPrefix="Calculator.model.EquationDiscriminantCalculator.java" Intrnl_Id="180">
<LocList>
<Loc EndOffset="579" SrcFileId="4" StartOffset="549"/>
</LocList>
</BasicStmnt>
<BasicStmnt CovItemId="S9" CovItemPrefix="Calculator.model.EquationDiscriminantCalculator.java" Intrnl_Id="181">
<LocList>
<Loc EndOffset="626" SrcFileId="4" StartOffset="583"/>
</LocList>
</BasicStmnt>
</StmntSeq>
</HierarchyLvl>
<HierarchyLvl HierarchyLvlId="6700" HierarchyLvlTypeId="12" Intrnl_Id="182" Name="setA">
<Header>
<Loc EndOffset="661" SrcFileId="4" StartOffset="635"/>
</Header>
<LocList>
<Loc EndOffset="682" SrcFileId="4" StartOffset="635"/>
</LocList>
<StmntSeq Intrnl_Id="183">
<LocList>
<Loc EndOffset="678" SrcFileId="4" StartOffset="667"/>
</LocList>
<BasicStmnt CovItemId="S10" CovItemPrefix="Calculator.model.EquationDiscriminantCalculator.java" Intrnl_Id="184">
<LocList>
<Loc EndOffset="678" SrcFileId="4" StartOffset="667"/>
</LocList>
</BasicStmnt>
</StmntSeq>
</HierarchyLvl>
<HierarchyLvl HierarchyLvlId="6701" HierarchyLvlTypeId="12" Intrnl_Id="185" Name="setB">
<Header>
<Loc EndOffset="713" SrcFileId="4" StartOffset="687"/>
</Header>
<LocList>
<Loc EndOffset="734" SrcFileId="4" StartOffset="687"/>
</LocList>
<StmntSeq Intrnl_Id="186">
<LocList>
<Loc EndOffset="730" SrcFileId="4" StartOffset="719"/>
</LocList>
<BasicStmnt CovItemId="S11" CovItemPrefix="Calculator.model.EquationDiscriminantCalculator.java" Intrnl_Id="187">
<LocList>
<Loc EndOffset="730" SrcFileId="4" StartOffset="719"/>
</LocList>
</BasicStmnt>
</StmntSeq>
</HierarchyLvl>
<HierarchyLvl HierarchyLvlId="6702" HierarchyLvlTypeId="12" Intrnl_Id="188" Name="setC">
<Header>
<Loc EndOffset="765" SrcFileId="4" StartOffset="739"/>
</Header>
<LocList>
<Loc EndOffset="786" SrcFileId="4" StartOffset="739"/>
</LocList>
<StmntSeq Intrnl_Id="189">
<LocList>
<Loc EndOffset="782" SrcFileId="4" StartOffset="771"/>
</LocList>
<BasicStmnt CovItemId="S12" CovItemPrefix="Calculator.model.EquationDiscriminantCalculator.java" Intrnl_Id="190">
<LocList>
<Loc EndOffset="782" SrcFileId="4" StartOffset="771"/>
</LocList>
</BasicStmnt>
</StmntSeq>
</HierarchyLvl>
</HierarchyLvl>
<HierarchyLvl HierarchyLvlId="6709" HierarchyLvlTypeId="13" Intrnl_Id="191" Name="FirstDegreeEquationCalculator">
<Header>
<Loc EndOffset="139" SrcFileId="5" StartOffset="97"/>
</Header>
<LocList>
<Loc EndOffset="804" SrcFileId="5" StartOffset="97"/>
</LocList>
<HierarchyLvl HierarchyLvlId="6704" HierarchyLvlTypeId="12" Intrnl_Id="192" Name="FirstDegreeEquationCalculator">
<Header>
<Loc EndOffset="256" SrcFileId="5" StartOffset="201"/>
</Header>
<LocList>
<Loc EndOffset="334" SrcFileId="5" StartOffset="201"/>
</LocList>
<StmntSeq Intrnl_Id="193">
<LocList>
<Loc EndOffset="282" SrcFileId="5" StartOffset="262"/>
<Loc EndOffset="306" SrcFileId="5" StartOffset="286"/>
<Loc EndOffset="330" SrcFileId="5" StartOffset="310"/>
</LocList>
<BasicStmnt CovItemId="S1" CovItemPrefix="Calculator.model.FirstDegreeEquationCalculator.java" Intrnl_Id="194">
<LocList>
<Loc EndOffset="282" SrcFileId="5" StartOffset="262"/>
</LocList>
</BasicStmnt>
<BasicStmnt CovItemId="S2" CovItemPrefix="Calculator.model.FirstDegreeEquationCalculator.java" Intrnl_Id="195">
<LocList>
<Loc EndOffset="306" SrcFileId="5" StartOffset="286"/>
</LocList>
</BasicStmnt>
<BasicStmnt CovItemId="S3" CovItemPrefix="Calculator.model.FirstDegreeEquationCalculator.java" Intrnl_Id="196">
<LocList>
<Loc EndOffset="330" SrcFileId="5" StartOffset="310"/>
</LocList>
</BasicStmnt>
</StmntSeq>
</HierarchyLvl>
<HierarchyLvl HierarchyLvlId="6705" HierarchyLvlTypeId="12" Intrnl_Id="197" Name="startSolving">
<Header>
<Loc EndOffset="404" SrcFileId="5" StartOffset="339"/>
</Header>
<LocList>
<Loc EndOffset="575" SrcFileId="5" StartOffset="339"/>
</LocList>
<StmntSeq Intrnl_Id="198">
<LocList>
<Loc EndOffset="486" SrcFileId="5" StartOffset="410"/>
<Loc EndOffset="539" SrcFileId="5" StartOffset="490"/>
<Loc EndOffset="571" SrcFileId="5" StartOffset="543"/>
</LocList>
<CondStmnt CovItemId="S4" CovItemPrefix="Calculator.model.FirstDegreeEquationCalculator.java" Intrnl_Id="199">
<Branch CovItemId="B1" CovItemPrefix="Calculator.model.FirstDegreeEquationCalculator.java" Implct="false" Intrnl_Id="200">
<Cond/>
<LocList>
<Loc EndOffset="486" SrcFileId="5" StartOffset="432"/>
</LocList>
<StmntSeq Intrnl_Id="201">
<LocList>
<Loc EndOffset="481" SrcFileId="5" StartOffset="438"/>
</LocList>
<BasicStmnt CovItemId="S5" CovItemPrefix="Calculator.model.FirstDegreeEquationCalculator.java" Intrnl_Id="202">
<LocList>
<Loc EndOffset="481" SrcFileId="5" StartOffset="438"/>
</LocList>
</BasicStmnt>
</StmntSeq>
</Branch>
<Branch CovItemId="B2" CovItemPrefix="Calculator.model.FirstDegreeEquationCalculator.java" Implct="true" Intrnl_Id="203">
<Cond/>
<LocList/>
<StmntSeq Intrnl_Id="204">
<LocList/>
</StmntSeq>
</Branch>
<Keyword EndOffset="412" SrcFileId="5" StartOffset="410"/>
<LocList>
<Loc EndOffset="486" SrcFileId="5" StartOffset="410"/>
</LocList>
<RootTerm CovItemId="C1" CovItemPrefix="Calculator.model.FirstDegreeEquationCalculator.java" Intrnl_Id="205">
<OpTerm BooleanOpId="10" Intrnl_Id="206">
<BasicBoolTerm Intrnl_Id="207">
<LocList>
<Loc EndOffset="420" SrcFileId="5" StartOffset="414"/>
</LocList>
</BasicBoolTerm>
<BasicBoolTerm Intrnl_Id="208">
<LocList>
<Loc EndOffset="430" SrcFileId="5" StartOffset="424"/>
</LocList>
</BasicBoolTerm>
<LocList>
<Loc EndOffset="423" SrcFileId="5" StartOffset="421"/>
</LocList>
</OpTerm>
</RootTerm>
</CondStmnt>
<BasicStmnt CovItemId="S6" CovItemPrefix="Calculator.model.FirstDegreeEquationCalculator.java" Intrnl_Id="209">
<LocList>
<Loc EndOffset="539" SrcFileId="5" StartOffset="490"/>
</LocList>
</BasicStmnt>
<BasicStmnt CovItemId="S7" CovItemPrefix="Calculator.model.FirstDegreeEquationCalculator.java" Intrnl_Id="210">
<LocList>
<Loc EndOffset="571" SrcFileId="5" StartOffset="543"/>
</LocList>
</BasicStmnt>
</StmntSeq>
</HierarchyLvl>
<HierarchyLvl HierarchyLvlId="6706" HierarchyLvlTypeId="12" Intrnl_Id="211" Name="getSolution">
<Header>
<Loc EndOffset="645" SrcFileId="5" StartOffset="580"/>
</Header>
<LocList>
<Loc EndOffset="695" SrcFileId="5" StartOffset="580"/>
</LocList>
<StmntSeq Intrnl_Id="212">
<LocList>
<Loc EndOffset="671" SrcFileId="5" StartOffset="651"/>
<Loc EndOffset="691" SrcFileId="5" StartOffset="675"/>
</LocList>
<BasicStmnt CovItemId="S8" CovItemPrefix="Calculator.model.FirstDegreeEquationCalculator.java" Intrnl_Id="213">
<LocList>
<Loc EndOffset="671" SrcFileId="5" StartOffset="651"/>
</LocList>
</BasicStmnt>
<BasicStmnt CovItemId="S9" CovItemPrefix="Calculator.model.FirstDegreeEquationCalculator.java" Intrnl_Id="214">
<LocList>
<Loc EndOffset="691" SrcFileId="5" StartOffset="675"/>
</LocList>
</BasicStmnt>
</StmntSeq>
</HierarchyLvl>
<HierarchyLvl HierarchyLvlId="6707" HierarchyLvlTypeId="12" Intrnl_Id="215" Name="setB">
<Header>
<Loc EndOffset="726" SrcFileId="5" StartOffset="700"/>
</Header>
<LocList>
<Loc EndOffset="747" SrcFileId="5" StartOffset="700"/>
</LocList>
<StmntSeq Intrnl_Id="216">
<LocList>
<Loc EndOffset="743" SrcFileId="5" StartOffset="732"/>
</LocList>
<BasicStmnt CovItemId="S10" CovItemPrefix="Calculator.model.FirstDegreeEquationCalculator.java" Intrnl_Id="217">
<LocList>
<Loc EndOffset="743" SrcFileId="5" StartOffset="732"/>
</LocList>
</BasicStmnt>
</StmntSeq>
</HierarchyLvl>
<HierarchyLvl HierarchyLvlId="6708" HierarchyLvlTypeId="12" Intrnl_Id="218" Name="setC">
<Header>
<Loc EndOffset="778" SrcFileId="5" StartOffset="752"/>
</Header>
<LocList>
<Loc EndOffset="799" SrcFileId="5" StartOffset="752"/>
</LocList>
<StmntSeq Intrnl_Id="219">
<LocList>
<Loc EndOffset="795" SrcFileId="5" StartOffset="784"/>
</LocList>
<BasicStmnt CovItemId="S11" CovItemPrefix="Calculator.model.FirstDegreeEquationCalculator.java" Intrnl_Id="220">
<LocList>
<Loc EndOffset="795" SrcFileId="5" StartOffset="784"/>
</LocList>
</BasicStmnt>
</StmntSeq>
</HierarchyLvl>
</HierarchyLvl>
<HierarchyLvl HierarchyLvlId="6719" HierarchyLvlTypeId="13" Intrnl_Id="221" Name="QuadraticEquationCalculator">
<Header>
<Loc EndOffset="135" SrcFileId="6" StartOffset="95"/>
</Header>
<LocList>
<Loc EndOffset="1852" SrcFileId="6" StartOffset="95"/>
</LocList>
<HierarchyLvl HierarchyLvlId="6710" HierarchyLvlTypeId="12" Intrnl_Id="222" Name="QuadraticEquationCalculator">
<Header>
<Loc EndOffset="488" SrcFileId="6" StartOffset="349"/>
</Header>
<LocList>
<Loc EndOffset="576" SrcFileId="6" StartOffset="349"/>
</LocList>
<StmntSeq Intrnl_Id="223">
<LocList>
<Loc EndOffset="507" SrcFileId="6" StartOffset="494"/>
<Loc EndOffset="524" SrcFileId="6" StartOffset="511"/>
<Loc EndOffset="543" SrcFileId="6" StartOffset="528"/>
<Loc EndOffset="572" SrcFileId="6" StartOffset="547"/>
</LocList>
<BasicStmnt CovItemId="S1" CovItemPrefix="Calculator.model.QuadraticEquationCalculator.java" Intrnl_Id="224">
<LocList>
<Loc EndOffset="507" SrcFileId="6" StartOffset="494"/>
</LocList>
</BasicStmnt>
<BasicStmnt CovItemId="S2" CovItemPrefix="Calculator.model.QuadraticEquationCalculator.java" Intrnl_Id="225">
<LocList>
<Loc EndOffset="524" SrcFileId="6" StartOffset="511"/>
</LocList>
</BasicStmnt>
<BasicStmnt CovItemId="S3" CovItemPrefix="Calculator.model.QuadraticEquationCalculator.java" Intrnl_Id="226">
<LocList>
<Loc EndOffset="543" SrcFileId="6" StartOffset="528"/>
</LocList>
</BasicStmnt>
<BasicStmnt CovItemId="S4" CovItemPrefix="Calculator.model.QuadraticEquationCalculator.java" Intrnl_Id="227">
<LocList>
<Loc EndOffset="572" SrcFileId="6" StartOffset="547"/>
</LocList>
</BasicStmnt>
</StmntSeq>
</HierarchyLvl>
<HierarchyLvl HierarchyLvlId="6711" HierarchyLvlTypeId="12" Intrnl_Id="228" Name="startSolving">
<Header>
<Loc EndOffset="643" SrcFileId="6" StartOffset="581"/>
</Header>
<LocList>
<Loc EndOffset="1017" SrcFileId="6" StartOffset="581"/>
</LocList>
<StmntSeq Intrnl_Id="229">
<LocList>
<Loc EndOffset="691" SrcFileId="6" StartOffset="649"/>
<Loc EndOffset="1013" SrcFileId="6" StartOffset="695"/>
</LocList>
<BasicStmnt CovItemId="S5" CovItemPrefix="Calculator.model.QuadraticEquationCalculator.java" Intrnl_Id="230">
<LocList>
<Loc EndOffset="691" SrcFileId="6" StartOffset="649"/>
</LocList>
</BasicStmnt>
<CondStmnt CovItemId="S6" CovItemPrefix="Calculator.model.QuadraticEquationCalculator.java" Intrnl_Id="231">
<Branch CovItemId="B1" CovItemPrefix="Calculator.model.QuadraticEquationCalculator.java" Implct="false" Intrnl_Id="232">
<Cond/>
<LocList>
<Loc EndOffset="798" SrcFileId="6" StartOffset="722"/>
</LocList>
<StmntSeq Intrnl_Id="233">
<LocList>
<Loc EndOffset="750" SrcFileId="6" StartOffset="728"/>
<Loc EndOffset="771" SrcFileId="6" StartOffset="755"/>
<Loc EndOffset="793" SrcFileId="6" StartOffset="776"/>
</LocList>
<BasicStmnt CovItemId="S7" CovItemPrefix="Calculator.model.QuadraticEquationCalculator.java" Intrnl_Id="234">
<LocList>
<Loc EndOffset="750" SrcFileId="6" StartOffset="728"/>
</LocList>
</BasicStmnt>
<BasicStmnt CovItemId="S8" CovItemPrefix="Calculator.model.QuadraticEquationCalculator.java" Intrnl_Id="235">
<LocList>
<Loc EndOffset="771" SrcFileId="6" StartOffset="755"/>
</LocList>
</BasicStmnt>
<BasicStmnt CovItemId="S9" CovItemPrefix="Calculator.model.QuadraticEquationCalculator.java" Intrnl_Id="236">
<LocList>
<Loc EndOffset="793" SrcFileId="6" StartOffset="776"/>
</LocList>
</BasicStmnt>
</StmntSeq>
</Branch>
<Branch CovItemId="B2" CovItemPrefix="Calculator.model.QuadraticEquationCalculator.java" Implct="false" Intrnl_Id="237">
<Cond>
<Loc EndOffset="808" SrcFileId="6" StartOffset="804"/>
</Cond>
<LocList>
<Loc EndOffset="1013" SrcFileId="6" StartOffset="809"/>
</LocList>
<StmntSeq Intrnl_Id="238">
<LocList>
<Loc EndOffset="1013" SrcFileId="6" StartOffset="809"/>
</LocList>
<CondStmnt CovItemId="S10" CovItemPrefix="Calculator.model.QuadraticEquationCalculator.java" Intrnl_Id="239">
<Branch CovItemId="B3" CovItemPrefix="Calculator.model.QuadraticEquationCalculator.java" Implct="false" Intrnl_Id="240">
<Cond/>
<LocList>
<Loc EndOffset="913" SrcFileId="6" StartOffset="837"/>
</LocList>
<StmntSeq Intrnl_Id="241">
<LocList>
<Loc EndOffset="865" SrcFileId="6" StartOffset="843"/>
<Loc EndOffset="886" SrcFileId="6" StartOffset="870"/>
<Loc EndOffset="908" SrcFileId="6" StartOffset="891"/>
</LocList>
<BasicStmnt CovItemId="S11" CovItemPrefix="Calculator.model.QuadraticEquationCalculator.java" Intrnl_Id="242">
<LocList>
<Loc EndOffset="865" SrcFileId="6" StartOffset="843"/>
</LocList>
</BasicStmnt>
<BasicStmnt CovItemId="S12" CovItemPrefix="Calculator.model.QuadraticEquationCalculator.java" Intrnl_Id="243">
<LocList>
<Loc EndOffset="886" SrcFileId="6" StartOffset="870"/>
</LocList>
</BasicStmnt>
<BasicStmnt CovItemId="S13" CovItemPrefix="Calculator.model.QuadraticEquationCalculator.java" Intrnl_Id="244">
<LocList>
<Loc EndOffset="908" SrcFileId="6" StartOffset="891"/>
</LocList>
</BasicStmnt>
</StmntSeq>
</Branch>
<Branch CovItemId="B4" CovItemPrefix="Calculator.model.QuadraticEquationCalculator.java" Implct="false" Intrnl_Id="245">
<Cond>
<Loc EndOffset="918" SrcFileId="6" StartOffset="914"/>
</Cond>
<LocList>
<Loc EndOffset="1013" SrcFileId="6" StartOffset="919"/>
</LocList>
<StmntSeq Intrnl_Id="246">
<LocList>
<Loc EndOffset="947" SrcFileId="6" StartOffset="925"/>
<Loc EndOffset="981" SrcFileId="6" StartOffset="952"/>
<Loc EndOffset="1008" SrcFileId="6" StartOffset="986"/>
</LocList>
<BasicStmnt CovItemId="S14" CovItemPrefix="Calculator.model.QuadraticEquationCalculator.java" Intrnl_Id="247">
<LocList>
<Loc EndOffset="947" SrcFileId="6" StartOffset="925"/>
</LocList>
</BasicStmnt>
<BasicStmnt CovItemId="S15" CovItemPrefix="Calculator.model.QuadraticEquationCalculator.java" Intrnl_Id="248">
<LocList>
<Loc EndOffset="981" SrcFileId="6" StartOffset="952"/>
</LocList>
</BasicStmnt>
<BasicStmnt CovItemId="S16" CovItemPrefix="Calculator.model.QuadraticEquationCalculator.java" Intrnl_Id="249">
<LocList>
<Loc EndOffset="1008" SrcFileId="6" StartOffset="986"/>
</LocList>
</BasicStmnt>
</StmntSeq>
</Branch>
<Keyword EndOffset="811" SrcFileId="6" StartOffset="809"/>
<LocList>
<Loc EndOffset="1013" SrcFileId="6" StartOffset="809"/>
</LocList>
<RootTerm CovItemId="C2" CovItemPrefix="Calculator.model.QuadraticEquationCalculator.java" Intrnl_Id="250">
<BasicBoolTerm Intrnl_Id="251">
<LocList>
<Loc EndOffset="835" SrcFileId="6" StartOffset="813"/>
</LocList>
</BasicBoolTerm>
</RootTerm>
</CondStmnt>
</StmntSeq>
</Branch>
<Keyword EndOffset="697" SrcFileId="6" StartOffset="695"/>
<LocList>
<Loc EndOffset="1013" SrcFileId="6" StartOffset="695"/>
</LocList>
<RootTerm CovItemId="C1" CovItemPrefix="Calculator.model.QuadraticEquationCalculator.java" Intrnl_Id="252">
<BasicBoolTerm Intrnl_Id="253">
<LocList>
<Loc EndOffset="720" SrcFileId="6" StartOffset="699"/>
</LocList>
</BasicBoolTerm>
</RootTerm>
</CondStmnt>
</StmntSeq>
</HierarchyLvl>
<HierarchyLvl HierarchyLvlId="6712" HierarchyLvlTypeId="12" Intrnl_Id="254" Name="firstSolution">
<Header>
<Loc EndOffset="1050" SrcFileId="6" StartOffset="1022"/>
</Header>
<LocList>
<Loc EndOffset="1170" SrcFileId="6" StartOffset="1022"/>
</LocList>
<StmntSeq Intrnl_Id="255">
<LocList>
<Loc EndOffset="1166" SrcFileId="6" StartOffset="1056"/>
</LocList>
<BasicStmnt CovItemId="S17" CovItemPrefix="Calculator.model.QuadraticEquationCalculator.java" Intrnl_Id="256">
<LocList>
<Loc EndOffset="1166" SrcFileId="6" StartOffset="1056"/>
</LocList>
</BasicStmnt>
</StmntSeq>
</HierarchyLvl>
<HierarchyLvl HierarchyLvlId="6713" HierarchyLvlTypeId="12" Intrnl_Id="257" Name="secondSolution">
<Header>
<Loc EndOffset="1204" SrcFileId="6" StartOffset="1175"/>
</Header>
<LocList>
<Loc EndOffset="1401" SrcFileId="6" StartOffset="1175"/>
</LocList>
<StmntSeq Intrnl_Id="258">
<LocList>
<Loc EndOffset="1288" SrcFileId="6" StartOffset="1210"/>
<Loc EndOffset="1397" SrcFileId="6" StartOffset="1292"/>
</LocList>
<CondStmnt CovItemId="S18" CovItemPrefix="Calculator.model.QuadraticEquationCalculator.java" Intrnl_Id="259">
<Branch CovItemId="B5" CovItemPrefix="Calculator.model.QuadraticEquationCalculator.java" Implct="false" Intrnl_Id="260">
<Cond/>
<LocList>
<Loc EndOffset="1288" SrcFileId="6" StartOffset="1243"/>
</LocList>
<StmntSeq Intrnl_Id="261">
<LocList>
<Loc EndOffset="1271" SrcFileId="6" StartOffset="1249"/>
<Loc EndOffset="1283" SrcFileId="6" StartOffset="1276"/>
</LocList>
<BasicStmnt CovItemId="S19" CovItemPrefix="Calculator.model.QuadraticEquationCalculator.java" Intrnl_Id="262">
<LocList>
<Loc EndOffset="1271" SrcFileId="6" StartOffset="1249"/>
</LocList>
</BasicStmnt>
<BasicStmnt CovItemId="S20" CovItemPrefix="Calculator.model.QuadraticEquationCalculator.java" Intrnl_Id="263">
<LocList>
<Loc EndOffset="1283" SrcFileId="6" StartOffset="1276"/>
</LocList>
</BasicStmnt>
</StmntSeq>
</Branch>
<Branch CovItemId="B6" CovItemPrefix="Calculator.model.QuadraticEquationCalculator.java" Implct="true" Intrnl_Id="264">
<Cond/>
<LocList/>
<StmntSeq Intrnl_Id="265">
<LocList/>
</StmntSeq>
</Branch>
<Keyword EndOffset="1212" SrcFileId="6" StartOffset="1210"/>
<LocList>
<Loc EndOffset="1288" SrcFileId="6" StartOffset="1210"/>
</LocList>
<RootTerm CovItemId="C3" CovItemPrefix="Calculator.model.QuadraticEquationCalculator.java" Intrnl_Id="266">
<BasicBoolTerm Intrnl_Id="267">
<LocList>
<Loc EndOffset="1241" SrcFileId="6" StartOffset="1214"/>
</LocList>
</BasicBoolTerm>
</RootTerm>
</CondStmnt>
<BasicStmnt CovItemId="S21" CovItemPrefix="Calculator.model.QuadraticEquationCalculator.java" Intrnl_Id="268">
<LocList>
<Loc EndOffset="1397" SrcFileId="6" StartOffset="1292"/>
</LocList>
</BasicStmnt>
</StmntSeq>
</HierarchyLvl>
<HierarchyLvl HierarchyLvlId="6714" HierarchyLvlTypeId="12" Intrnl_Id="269" Name="getSolution1">
<Header>
<Loc EndOffset="1434" SrcFileId="6" StartOffset="1406"/>
</Header>
<LocList>
<Loc EndOffset="1461" SrcFileId="6" StartOffset="1406"/>
</LocList>
<StmntSeq Intrnl_Id="270">
<LocList>
<Loc EndOffset="1457" SrcFileId="6" StartOffset="1440"/>
</LocList>
<BasicStmnt CovItemId="S22" CovItemPrefix="Calculator.model.QuadraticEquationCalculator.java" Intrnl_Id="271">
<LocList>
<Loc EndOffset="1457" SrcFileId="6" StartOffset="1440"/>
</LocList>
</BasicStmnt>
</StmntSeq>
</HierarchyLvl>
<HierarchyLvl HierarchyLvlId="6715" HierarchyLvlTypeId="12" Intrnl_Id="272" Name="getSolution2">
<Header>
<Loc EndOffset="1494" SrcFileId="6" StartOffset="1466"/>
</Header>
<LocList>
<Loc EndOffset="1521" SrcFileId="6" StartOffset="1466"/>
</LocList>
<StmntSeq Intrnl_Id="273">
<LocList>
<Loc EndOffset="1517" SrcFileId="6" StartOffset="1500"/>
</LocList>
<BasicStmnt CovItemId="S23" CovItemPrefix="Calculator.model.QuadraticEquationCalculator.java" Intrnl_Id="274">
<LocList>
<Loc EndOffset="1517" SrcFileId="6" StartOffset="1500"/>
</LocList>
</BasicStmnt>
</StmntSeq>
</HierarchyLvl>
<HierarchyLvl HierarchyLvlId="6716" HierarchyLvlTypeId="12" Intrnl_Id="275" Name="getNumberOfSolutions">
<Header>
<Loc EndOffset="1559" SrcFileId="6" StartOffset="1526"/>
</Header>
<LocList>
<Loc EndOffset="1594" SrcFileId="6" StartOffset="1526"/>
</LocList>
<StmntSeq Intrnl_Id="276">
<LocList>
<Loc EndOffset="1590" SrcFileId="6" StartOffset="1565"/>
</LocList>
<BasicStmnt CovItemId="S24" CovItemPrefix="Calculator.model.QuadraticEquationCalculator.java" Intrnl_Id="277">
<LocList>
<Loc EndOffset="1590" SrcFileId="6" StartOffset="1565"/>
</LocList>
</BasicStmnt>
</StmntSeq>
</HierarchyLvl>
<HierarchyLvl HierarchyLvlId="6717" HierarchyLvlTypeId="12" Intrnl_Id="278" Name="getDiscriminant">
<Header>
<Loc EndOffset="1630" SrcFileId="6" StartOffset="1599"/>
</Header>
<LocList>
<Loc EndOffset="1660" SrcFileId="6" StartOffset="1599"/>
</LocList>
<StmntSeq Intrnl_Id="279">
<LocList>
<Loc EndOffset="1656" SrcFileId="6" StartOffset="1636"/>
</LocList>
<BasicStmnt CovItemId="S25" CovItemPrefix="Calculator.model.QuadraticEquationCalculator.java" Intrnl_Id="280">
<LocList>
<Loc EndOffset="1656" SrcFileId="6" StartOffset="1636"/>
</LocList>
</BasicStmnt>
</StmntSeq>
</HierarchyLvl>
<HierarchyLvl HierarchyLvlId="6718" HierarchyLvlTypeId="12" Intrnl_Id="281" Name="setEquation">
<Header>
<Loc EndOffset="1707" SrcFileId="6" StartOffset="1665"/>
</Header>
<LocList>
<Loc EndOffset="1847" SrcFileId="6" StartOffset="1665"/>
</LocList>
<StmntSeq Intrnl_Id="282">
<LocList>
<Loc EndOffset="1738" SrcFileId="6" StartOffset="1713"/>
<Loc EndOffset="1773" SrcFileId="6" StartOffset="1742"/>
<Loc EndOffset="1808" SrcFileId="6" StartOffset="1777"/>
<Loc EndOffset="1843" SrcFileId="6" StartOffset="1812"/>
</LocList>
<BasicStmnt CovItemId="S26" CovItemPrefix="Calculator.model.QuadraticEquationCalculator.java" Intrnl_Id="283">
<LocList>
<Loc EndOffset="1738" SrcFileId="6" StartOffset="1713"/>
</LocList>
</BasicStmnt>
<BasicStmnt CovItemId="S27" CovItemPrefix="Calculator.model.QuadraticEquationCalculator.java" Intrnl_Id="284">
<LocList>
<Loc EndOffset="1773" SrcFileId="6" StartOffset="1742"/>
</LocList>
</BasicStmnt>
<BasicStmnt CovItemId="S28" CovItemPrefix="Calculator.model.QuadraticEquationCalculator.java" Intrnl_Id="285">
<LocList>
<Loc EndOffset="1808" SrcFileId="6" StartOffset="1777"/>
</LocList>
</BasicStmnt>
<BasicStmnt CovItemId="S29" CovItemPrefix="Calculator.model.QuadraticEquationCalculator.java" Intrnl_Id="286">
<LocList>
<Loc EndOffset="1843" SrcFileId="6" StartOffset="1812"/>
</LocList>
</BasicStmnt>
</StmntSeq>
</HierarchyLvl>
</HierarchyLvl>
<HierarchyLvl HierarchyLvlId="6725" HierarchyLvlTypeId="13" Intrnl_Id="287" Name="StandardCalculator">
<Header>
<Loc EndOffset="60" SrcFileId="7" StartOffset="29"/>
</Header>
<LocList>
<Loc EndOffset="706" SrcFileId="7" StartOffset="29"/>
</LocList>
<HierarchyLvl HierarchyLvlId="6720" HierarchyLvlTypeId="12" Intrnl_Id="288" Name="sum">
<Header>
<Loc EndOffset="116" SrcFileId="7" StartOffset="67"/>
</Header>
<LocList>
<Loc EndOffset="151" SrcFileId="7" StartOffset="67"/>
</LocList>
<StmntSeq Intrnl_Id="289">
<LocList>
<Loc EndOffset="147" SrcFileId="7" StartOffset="122"/>
</LocList>
<BasicStmnt CovItemId="S1" CovItemPrefix="Calculator.model.StandardCalculator.java" Intrnl_Id="290">
<LocList>
<Loc EndOffset="147" SrcFileId="7" StartOffset="122"/>
</LocList>
</BasicStmnt>
</StmntSeq>
</HierarchyLvl>
<HierarchyLvl HierarchyLvlId="6721" HierarchyLvlTypeId="12" Intrnl_Id="291" Name="subtract">
<Header>
<Loc EndOffset="210" SrcFileId="7" StartOffset="156"/>
</Header>
<LocList>
<Loc EndOffset="245" SrcFileId="7" StartOffset="156"/>
</LocList>
<StmntSeq Intrnl_Id="292">
<LocList>
<Loc EndOffset="241" SrcFileId="7" StartOffset="216"/>
</LocList>
<BasicStmnt CovItemId="S2" CovItemPrefix="Calculator.model.StandardCalculator.java" Intrnl_Id="293">
<LocList>
<Loc EndOffset="241" SrcFileId="7" StartOffset="216"/>
</LocList>
</BasicStmnt>
</StmntSeq>
</HierarchyLvl>
<HierarchyLvl HierarchyLvlId="6722" HierarchyLvlTypeId="12" Intrnl_Id="294" Name="mul">
<Header>
<Loc EndOffset="299" SrcFileId="7" StartOffset="250"/>
</Header>
<LocList>
<Loc EndOffset="334" SrcFileId="7" StartOffset="250"/>
</LocList>
<StmntSeq Intrnl_Id="295">
<LocList>
<Loc EndOffset="330" SrcFileId="7" StartOffset="305"/>
</LocList>
<BasicStmnt CovItemId="S3" CovItemPrefix="Calculator.model.StandardCalculator.java" Intrnl_Id="296">
<LocList>
<Loc EndOffset="330" SrcFileId="7" StartOffset="305"/>
</LocList>
</BasicStmnt>
</StmntSeq>
</HierarchyLvl>
<HierarchyLvl HierarchyLvlId="6723" HierarchyLvlTypeId="12" Intrnl_Id="297" Name="divide">
<Header>
<Loc EndOffset="391" SrcFileId="7" StartOffset="339"/>
</Header>
<LocList>
<Loc EndOffset="520" SrcFileId="7" StartOffset="339"/>
</LocList>
<StmntSeq Intrnl_Id="298">
<LocList>
<Loc EndOffset="451" SrcFileId="7" StartOffset="397"/>
<Loc EndOffset="516" SrcFileId="7" StartOffset="455"/>
</LocList>
<CondStmnt CovItemId="S4" CovItemPrefix="Calculator.model.StandardCalculator.java" Intrnl_Id="299">
<Branch CovItemId="B1" CovItemPrefix="Calculator.model.StandardCalculator.java" Implct="false" Intrnl_Id="300">
<Cond/>
<LocList>
<Loc EndOffset="451" SrcFileId="7" StartOffset="415"/>
</LocList>
<StmntSeq Intrnl_Id="301">
<LocList>
<Loc EndOffset="446" SrcFileId="7" StartOffset="421"/>
</LocList>
<BasicStmnt CovItemId="S5" CovItemPrefix="Calculator.model.StandardCalculator.java" Intrnl_Id="302">
<LocList>
<Loc EndOffset="446" SrcFileId="7" StartOffset="421"/>
</LocList>
</BasicStmnt>
</StmntSeq>
</Branch>
<Branch CovItemId="B2" CovItemPrefix="Calculator.model.StandardCalculator.java" Implct="true" Intrnl_Id="303">
<Cond/>
<LocList/>
<StmntSeq Intrnl_Id="304">
<LocList/>
</StmntSeq>
</Branch>
<Keyword EndOffset="399" SrcFileId="7" StartOffset="397"/>
<LocList>
<Loc EndOffset="451" SrcFileId="7" StartOffset="397"/>
</LocList>
<RootTerm CovItemId="C1" CovItemPrefix="Calculator.model.StandardCalculator.java" Intrnl_Id="305">
<BasicBoolTerm Intrnl_Id="306">
<LocList>
<Loc EndOffset="413" SrcFileId="7" StartOffset="401"/>
</LocList>
</BasicBoolTerm>
</RootTerm>
</CondStmnt>
<BasicStmnt CovItemId="S6" CovItemPrefix="Calculator.model.StandardCalculator.java" Intrnl_Id="307">
<LocList>
<Loc EndOffset="516" SrcFileId="7" StartOffset="455"/>
</LocList>
</BasicStmnt>
</StmntSeq>
</HierarchyLvl>
<HierarchyLvl HierarchyLvlId="6724" HierarchyLvlTypeId="12" Intrnl_Id="308" Name="mod">
<Header>
<Loc EndOffset="574" SrcFileId="7" StartOffset="525"/>
</Header>
<LocList>
<Loc EndOffset="703" SrcFileId="7" StartOffset="525"/>
</LocList>
<StmntSeq Intrnl_Id="309">
<LocList>
<Loc EndOffset="634" SrcFileId="7" StartOffset="580"/>
<Loc EndOffset="699" SrcFileId="7" StartOffset="638"/>
</LocList>
<CondStmnt CovItemId="S7" CovItemPrefix="Calculator.model.StandardCalculator.java" Intrnl_Id="310">
<Branch CovItemId="B3" CovItemPrefix="Calculator.model.StandardCalculator.java" Implct="false" Intrnl_Id="311">
<Cond/>
<LocList>
<Loc EndOffset="634" SrcFileId="7" StartOffset="598"/>
</LocList>
<StmntSeq Intrnl_Id="312">
<LocList>
<Loc EndOffset="629" SrcFileId="7" StartOffset="604"/>
</LocList>
<BasicStmnt CovItemId="S8" CovItemPrefix="Calculator.model.StandardCalculator.java" Intrnl_Id="313">
<LocList>
<Loc EndOffset="629" SrcFileId="7" StartOffset="604"/>
</LocList>
</BasicStmnt>
</StmntSeq>
</Branch>
<Branch CovItemId="B4" CovItemPrefix="Calculator.model.StandardCalculator.java" Implct="true" Intrnl_Id="314">
<Cond/>
<LocList/>
<StmntSeq Intrnl_Id="315">
<LocList/>
</StmntSeq>
</Branch>
<Keyword EndOffset="582" SrcFileId="7" StartOffset="580"/>
<LocList>
<Loc EndOffset="634" SrcFileId="7" StartOffset="580"/>
</LocList>
<RootTerm CovItemId="C2" CovItemPrefix="Calculator.model.StandardCalculator.java" Intrnl_Id="316">
<BasicBoolTerm Intrnl_Id="317">
<LocList>
<Loc EndOffset="596" SrcFileId="7" StartOffset="584"/>
</LocList>
</BasicBoolTerm>
</RootTerm>
</CondStmnt>
<BasicStmnt CovItemId="S9" CovItemPrefix="Calculator.model.StandardCalculator.java" Intrnl_Id="318">
<LocList>
<Loc EndOffset="699" SrcFileId="7" StartOffset="638"/>
</LocList>
</BasicStmnt>
</StmntSeq>
</HierarchyLvl>
</HierarchyLvl>
</HierarchyLvl>
</HierarchyLvl>
</HierarchyLvl>
</MASTRoot>
</TestSessionContainer>
