<?xml version="1.0" encoding="UTF-8"?><TestSessionContainer xmlns="http://www.codecover.org/xml/testsession-container" Date="1512420073640" TestSessionContainerId="2077ac0b-323a-457c-ac44-93b26d5bc50f" version="1.0">
<SrcFileList>
<SrcFile Content="package Calculator.View;&#13;&#10;&#13;&#10;import java.io.PrintStream;&#13;&#10;&#13;&#10;public class EnglishView {&#13;&#10;&#9;private PrintStream printer;&#13;&#10;&#13;&#10;&#9;public EnglishView(PrintStream p) {&#13;&#10;&#9;&#9;this.printer = p;&#13;&#10;&#9;}&#13;&#10;&#13;&#10;&#9;public void instructionPrint() {&#13;&#10;&#9;&#9;printer.println(&quot;Welcome to calculator&quot;);&#13;&#10;&#9;&#9;printer.println(&quot;Enter:\n&quot; + &quot;s: standard calculator\n&quot; + &quot;d: advanced calculator\n&quot;&#13;&#10;&#9;&#9;&#9;&#9;+ &quot;f: First Degree Equation Calculator a.x + b = 0\n&quot;&#13;&#10;&#9;&#9;&#9;&#9;+ &quot;q: Quadratic Equatio Calculator a.x^2 + b.x + c = 0\n&quot; + &quot;e: exit&quot;);&#13;&#10;&#9;}&#13;&#10;&#13;&#10;&#9;public void standardInstructionDisplay() {&#13;&#10;&#9;&#9;printer.println(&quot;Welcome to the standard calculator for (+,-,*,/,%) operations.&quot;);&#13;&#10;&#9;}&#13;&#10;&#13;&#10;&#9;public void advancedInstructionDisplay() {&#13;&#10;&#9;&#9;printer.println(&quot;Welcome to the advanced calculator for (square root, power) operations.&quot;);&#13;&#10;&#9;}&#13;&#10;&#13;&#10;&#9;public void standardResultPrint(double result) {&#13;&#10;&#9;&#9;printer.println(&quot;result: &quot; + result);&#13;&#10;&#9;}&#13;&#10;}&#13;&#10;" Filename="EnglishView.java" Intrnl_Id="1"/>
<SrcFile Content="package Calculator.model;&#13;&#10;&#13;&#10;public class AdvancedCalculator {&#13;&#10;&#13;&#10;&#9;public double squareRoot(double positiveNumber) {&#13;&#10;&#9;&#9;if (positiveNumber &gt;= 0) {&#13;&#10;&#9;&#9;&#9;return Math.sqrt(positiveNumber);&#13;&#10;&#9;&#9;}&#13;&#10;&#9;&#9;throw new IllegalArgumentException(&quot;Can not Square Root a negative number&quot;);&#13;&#10;&#9;}&#13;&#10;&#13;&#10;&#9;public double power(double number, double exponent) {&#13;&#10;&#9;&#9;return Math.pow(number, exponent);&#13;&#10;&#9;}&#13;&#10;&#13;&#10;}&#13;&#10;" Filename="AdvancedCalculator.java" Intrnl_Id="2"/>
<SrcFile Content="package Calculator.model;&#13;&#10;&#13;&#10;public class Equation {&#13;&#10;&#9;double a, b, c;&#13;&#10;&#13;&#10;&#9;public Equation(double a, double b, double c) {&#13;&#10;&#9;&#9;this.a = a;&#13;&#10;&#9;&#9;this.b = b;&#13;&#10;&#9;&#9;this.c = c;&#13;&#10;&#9;}&#13;&#10;&#13;&#10;&#9;public double getA() {&#13;&#10;&#9;&#9;return a;&#13;&#10;&#9;}&#13;&#10;&#13;&#10;&#9;public double getB() {&#13;&#10;&#9;&#9;return b;&#13;&#10;&#9;}&#13;&#10;&#13;&#10;&#9;public double getC() {&#13;&#10;&#9;&#9;return c;&#13;&#10;&#9;}&#13;&#10;&#13;&#10;&#9;public void setABC(double a, double b, double c) {&#13;&#10;&#9;&#9;this.a = a;&#13;&#10;&#9;&#9;this.b = b;&#13;&#10;&#9;&#9;this.c = c;&#13;&#10;&#9;}&#13;&#10;&#13;&#10;}&#13;&#10;" Filename="Equation.java" Intrnl_Id="3"/>
<SrcFile Content="package Calculator.model;&#13;&#10;&#13;&#10;import Calculator.model.exeption.NonQuadraticEquatioException;&#13;&#10;&#13;&#10;public class EquationDiscriminantCalculator {&#13;&#10;&#9;double a, b, c;&#13;&#10;&#13;&#10;&#9;public EquationDiscriminantCalculator(Equation equation) {&#13;&#10;&#9;&#9;a = equation.getA();&#13;&#10;&#9;&#9;b = equation.getB();&#13;&#10;&#9;&#9;c = equation.getC();&#13;&#10;&#9;}&#13;&#10;&#13;&#10;&#9;public double getDiscriminant() throws NonQuadraticEquatioException {&#13;&#10;&#9;&#9;if (a == 0) {&#13;&#10;&#9;&#9;&#9;throw new NonQuadraticEquatioException();&#13;&#10;&#9;&#9;}&#13;&#10;&#9;&#9;StandardCalculator SC = new StandardCalculator();&#13;&#10;&#9;&#9;AdvancedCalculator AC = new AdvancedCalculator();&#13;&#10;&#9;&#9;double A_mul_C = SC.mul(a, c);&#13;&#10;&#9;&#9;return AC.power(b, 2) - SC.mul(4, A_mul_C);&#13;&#10;&#9;}&#13;&#10;&#13;&#10;&#9;public void setA(double a) {&#13;&#10;&#9;&#9;this.a = a;&#13;&#10;&#9;}&#13;&#10;&#13;&#10;&#9;public void setB(double b) {&#13;&#10;&#9;&#9;this.b = b;&#13;&#10;&#9;}&#13;&#10;&#13;&#10;&#9;public void setC(double c) {&#13;&#10;&#9;&#9;this.c = c;&#13;&#10;&#9;}&#13;&#10;}&#13;&#10;" Filename="EquationDiscriminantCalculator.java" Intrnl_Id="4"/>
<SrcFile Content="package Calculator.model;&#13;&#10;&#13;&#10;import Calculator.model.exeption.NonFirstDegreeEquatioException;&#13;&#10;&#13;&#10;public class FirstDegreeEquationCalculator {&#13;&#10;&#13;&#10;&#9;private double a, b, c;&#13;&#10;&#9;private double Solution;&#13;&#10;&#13;&#10;&#9;public FirstDegreeEquationCalculator(Equation equation) {&#13;&#10;&#9;&#9;a = equation.getA();&#13;&#10;&#9;&#9;b = equation.getB();&#13;&#10;&#9;&#9;c = equation.getC();&#13;&#10;&#9;}&#13;&#10;&#13;&#10;&#9;private void startSolving() throws NonFirstDegreeEquatioException {&#13;&#10;&#9;&#9;if (a != 0 || b == 0) {&#13;&#10;&#9;&#9;&#9;throw new NonFirstDegreeEquatioException();&#13;&#10;&#9;&#9;}&#13;&#10;&#9;&#9;StandardCalculator SC = new StandardCalculator();&#13;&#10;&#9;&#9;Solution = SC.divide(-c, b);&#13;&#10;&#9;}&#13;&#10;&#13;&#10;&#9;public double getSolution() throws NonFirstDegreeEquatioException {&#13;&#10;&#9;&#9;this.startSolving();&#13;&#10;&#9;&#9;return Solution;&#13;&#10;&#9;}&#13;&#10;&#13;&#10;&#9;public void setB(double b) {&#13;&#10;&#9;&#9;this.b = b;&#13;&#10;&#9;}&#13;&#10;&#13;&#10;&#9;public void setC(double c) {&#13;&#10;&#9;&#9;this.c = c;&#13;&#10;&#9;}&#13;&#10;&#13;&#10;}" Filename="FirstDegreeEquationCalculator.java" Intrnl_Id="5"/>
<SrcFile Content="package Calculator.model;&#13;&#10;&#13;&#10;public class StandardCalculator {&#13;&#10;&#13;&#10;&#9;public double sum(double number1, double number2) {&#13;&#10;&#9;&#9;return number1 + number2;&#13;&#10;&#9;}&#13;&#10;&#13;&#10;&#9;public double subtract(double number1, double number2) {&#13;&#10;&#9;&#9;return number1 - number2;&#13;&#10;&#9;}&#13;&#10;&#13;&#10;&#9;public double mul(double number1, double number2) {&#13;&#10;&#9;&#9;return number1 * number2;&#13;&#10;&#9;}&#13;&#10;&#13;&#10;&#9;public double divide(double number1, double number2) {&#13;&#10;&#9;&#9;if (number2 != 0) {&#13;&#10;&#9;&#9;&#9;return number1 / number2;&#13;&#10;&#9;&#9;}&#13;&#10;&#9;&#9;throw new IllegalArgumentException(&quot;Number2 'divisor' is 0&quot;);&#13;&#10;&#9;}&#13;&#10;&#13;&#10;&#9;public double mod(double number1, double number2) {&#13;&#10;&#9;&#9;if (number2 != 0) {&#13;&#10;&#9;&#9;&#9;return number1 % number2;&#13;&#10;&#9;&#9;}&#13;&#10;&#9;&#9;throw new IllegalArgumentException(&quot;Number2 'divisor' is 0&quot;);&#13;&#10;&#9;}&#13;&#10;}&#13;&#10;" Filename="StandardCalculator.java" Intrnl_Id="6"/>
<SrcFile Content="package Calculator.model.exeption;&#13;&#10;&#13;&#10;public class NonFirstDegreeEquatioException extends Exception {&#13;&#10;&#9;public NonFirstDegreeEquatioException() {&#13;&#10;&#9;&#9;&#13;&#10;&#9;}&#13;&#10;&#13;&#10;}&#13;&#10;" Filename="NonFirstDegreeEquatioException.java" Intrnl_Id="7"/>
<SrcFile Content="package Calculator.model.exeption;&#13;&#10;&#13;&#10;public class NonQuadraticEquatioException extends Exception {&#13;&#10;&#13;&#10;}&#13;&#10;" Filename="NonQuadraticEquatioException.java" Intrnl_Id="8"/>
</SrcFileList>
<CritList>
<CritListEntry Name="org.codecover.model.utils.criteria.LoopCoverage" PluginName="org.codecover"/>
<CritListEntry Name="org.codecover.model.utils.criteria.ConditionCoverage" PluginName="org.codecover"/>
<CritListEntry Name="org.codecover.model.utils.criteria.BranchCoverage" PluginName="org.codecover"/>
<CritListEntry Name="org.codecover.model.utils.criteria.StatementCoverage" PluginName="org.codecover"/>
</CritList>
<BoolOpList>
<BoolOp Arity="2" Intrnl_Id="9" Name="conditional or (||)">
<BoolAssgnmntBoolMapList>
<MapEntry BoolAssgnmnt="00" Value="false"/>
<MapEntry BoolAssgnmnt="01" Value="true"/>
<MapEntry BoolAssgnmnt="12" Value="true"/>
</BoolAssgnmntBoolMapList>
</BoolOp>
</BoolOpList>
<HierarchyLvlTypeList>
<HierarchyLvlType EnglishName="package" IntrnlName="package" Intrnl_Id="10"/>
<HierarchyLvlType EnglishName="method" IntrnlName="method" Intrnl_Id="11"/>
<HierarchyLvlType EnglishName="class" IntrnlName="class" Intrnl_Id="12"/>
<HierarchyLvlType EnglishName="default package" IntrnlName="default package" Intrnl_Id="13"/>
</HierarchyLvlTypeList>
<MASTRoot>
<HierarchyLvl HierarchyLvlId="2240" HierarchyLvlTypeId="13" Intrnl_Id="14" Name="default package">
<Header/>
<LocList/>
<HierarchyLvl HierarchyLvlId="2239" HierarchyLvlTypeId="10" Intrnl_Id="15" Name="Calculator">
<Header/>
<LocList/>
<HierarchyLvl HierarchyLvlId="2236" HierarchyLvlTypeId="10" Intrnl_Id="16" Name="View">
<Header/>
<LocList/>
<HierarchyLvl HierarchyLvlId="2205" HierarchyLvlTypeId="12" Intrnl_Id="17" Name="EnglishView">
<Header>
<Loc EndOffset="83" SrcFileId="1" StartOffset="59"/>
</Header>
<LocList>
<Loc EndOffset="875" SrcFileId="1" StartOffset="59"/>
</LocList>
<HierarchyLvl HierarchyLvlId="2200" HierarchyLvlTypeId="11" Intrnl_Id="18" Name="EnglishView">
<Header>
<Loc EndOffset="154" SrcFileId="1" StartOffset="121"/>
</Header>
<LocList>
<Loc EndOffset="181" SrcFileId="1" StartOffset="121"/>
</LocList>
<StmntSeq Intrnl_Id="19">
<LocList>
<Loc EndOffset="177" SrcFileId="1" StartOffset="160"/>
</LocList>
<BasicStmnt CovItemId="S1" CovItemPrefix="Calculator.View.EnglishView.java" Intrnl_Id="20">
<LocList>
<Loc EndOffset="177" SrcFileId="1" StartOffset="160"/>
</LocList>
</BasicStmnt>
</StmntSeq>
</HierarchyLvl>
<HierarchyLvl HierarchyLvlId="2201" HierarchyLvlTypeId="11" Intrnl_Id="21" Name="instructionPrint">
<Header>
<Loc EndOffset="216" SrcFileId="1" StartOffset="186"/>
</Header>
<LocList>
<Loc EndOffset="491" SrcFileId="1" StartOffset="186"/>
</LocList>
<StmntSeq Intrnl_Id="22">
<LocList>
<Loc EndOffset="263" SrcFileId="1" StartOffset="222"/>
<Loc EndOffset="487" SrcFileId="1" StartOffset="267"/>
</LocList>
<BasicStmnt CovItemId="S2" CovItemPrefix="Calculator.View.EnglishView.java" Intrnl_Id="23">
<LocList>
<Loc EndOffset="263" SrcFileId="1" StartOffset="222"/>
</LocList>
</BasicStmnt>
<BasicStmnt CovItemId="S3" CovItemPrefix="Calculator.View.EnglishView.java" Intrnl_Id="24">
<LocList>
<Loc EndOffset="487" SrcFileId="1" StartOffset="267"/>
</LocList>
</BasicStmnt>
</StmntSeq>
</HierarchyLvl>
<HierarchyLvl HierarchyLvlId="2202" HierarchyLvlTypeId="11" Intrnl_Id="25" Name="standardInstructionDisplay">
<Header>
<Loc EndOffset="536" SrcFileId="1" StartOffset="496"/>
</Header>
<LocList>
<Loc EndOffset="628" SrcFileId="1" StartOffset="496"/>
</LocList>
<StmntSeq Intrnl_Id="26">
<LocList>
<Loc EndOffset="624" SrcFileId="1" StartOffset="542"/>
</LocList>
<BasicStmnt CovItemId="S4" CovItemPrefix="Calculator.View.EnglishView.java" Intrnl_Id="27">
<LocList>
<Loc EndOffset="624" SrcFileId="1" StartOffset="542"/>
</LocList>
</BasicStmnt>
</StmntSeq>
</HierarchyLvl>
<HierarchyLvl HierarchyLvlId="2203" HierarchyLvlTypeId="11" Intrnl_Id="28" Name="advancedInstructionDisplay">
<Header>
<Loc EndOffset="673" SrcFileId="1" StartOffset="633"/>
</Header>
<LocList>
<Loc EndOffset="774" SrcFileId="1" StartOffset="633"/>
</LocList>
<StmntSeq Intrnl_Id="29">
<LocList>
<Loc EndOffset="770" SrcFileId="1" StartOffset="679"/>
</LocList>
<BasicStmnt CovItemId="S5" CovItemPrefix="Calculator.View.EnglishView.java" Intrnl_Id="30">
<LocList>
<Loc EndOffset="770" SrcFileId="1" StartOffset="679"/>
</LocList>
</BasicStmnt>
</StmntSeq>
</HierarchyLvl>
<HierarchyLvl HierarchyLvlId="2204" HierarchyLvlTypeId="11" Intrnl_Id="31" Name="standardResultPrint">
<Header>
<Loc EndOffset="825" SrcFileId="1" StartOffset="779"/>
</Header>
<LocList>
<Loc EndOffset="872" SrcFileId="1" StartOffset="779"/>
</LocList>
<StmntSeq Intrnl_Id="32">
<LocList>
<Loc EndOffset="868" SrcFileId="1" StartOffset="831"/>
</LocList>
<BasicStmnt CovItemId="S6" CovItemPrefix="Calculator.View.EnglishView.java" Intrnl_Id="33">
<LocList>
<Loc EndOffset="868" SrcFileId="1" StartOffset="831"/>
</LocList>
</BasicStmnt>
</StmntSeq>
</HierarchyLvl>
</HierarchyLvl>
</HierarchyLvl>
<HierarchyLvl HierarchyLvlId="2238" HierarchyLvlTypeId="10" Intrnl_Id="34" Name="model">
<Header/>
<LocList/>
<HierarchyLvl HierarchyLvlId="2237" HierarchyLvlTypeId="10" Intrnl_Id="35" Name="exeption">
<Header/>
<LocList/>
<HierarchyLvl HierarchyLvlId="2234" HierarchyLvlTypeId="12" Intrnl_Id="36" Name="NonFirstDegreeEquatioException">
<Header>
<Loc EndOffset="99" SrcFileId="7" StartOffset="38"/>
</Header>
<LocList>
<Loc EndOffset="158" SrcFileId="7" StartOffset="38"/>
</LocList>
<HierarchyLvl HierarchyLvlId="2233" HierarchyLvlTypeId="11" Intrnl_Id="37" Name="NonFirstDegreeEquatioException">
<Header>
<Loc EndOffset="143" SrcFileId="7" StartOffset="104"/>
</Header>
<LocList>
<Loc EndOffset="153" SrcFileId="7" StartOffset="104"/>
</LocList>
</HierarchyLvl>
</HierarchyLvl>
<HierarchyLvl HierarchyLvlId="2235" HierarchyLvlTypeId="12" Intrnl_Id="38" Name="NonQuadraticEquatioException">
<Header>
<Loc EndOffset="97" SrcFileId="8" StartOffset="38"/>
</Header>
<LocList>
<Loc EndOffset="104" SrcFileId="8" StartOffset="38"/>
</LocList>
</HierarchyLvl>
</HierarchyLvl>
<HierarchyLvl HierarchyLvlId="2208" HierarchyLvlTypeId="12" Intrnl_Id="39" Name="AdvancedCalculator">
<Header>
<Loc EndOffset="60" SrcFileId="2" StartOffset="29"/>
</Header>
<LocList>
<Loc EndOffset="378" SrcFileId="2" StartOffset="29"/>
</LocList>
<HierarchyLvl HierarchyLvlId="2206" HierarchyLvlTypeId="11" Intrnl_Id="40" Name="squareRoot">
<Header>
<Loc EndOffset="114" SrcFileId="2" StartOffset="67"/>
</Header>
<LocList>
<Loc EndOffset="273" SrcFileId="2" StartOffset="67"/>
</LocList>
<StmntSeq Intrnl_Id="41">
<LocList>
<Loc EndOffset="189" SrcFileId="2" StartOffset="120"/>
<Loc EndOffset="269" SrcFileId="2" StartOffset="193"/>
</LocList>
<CondStmnt CovItemId="S1" CovItemPrefix="Calculator.model.AdvancedCalculator.java" Intrnl_Id="42">
<Branch CovItemId="B1" CovItemPrefix="Calculator.model.AdvancedCalculator.java" Implct="false" Intrnl_Id="43">
<Cond/>
<LocList>
<Loc EndOffset="189" SrcFileId="2" StartOffset="145"/>
</LocList>
<StmntSeq Intrnl_Id="44">
<LocList>
<Loc EndOffset="184" SrcFileId="2" StartOffset="151"/>
</LocList>
<BasicStmnt CovItemId="S2" CovItemPrefix="Calculator.model.AdvancedCalculator.java" Intrnl_Id="45">
<LocList>
<Loc EndOffset="184" SrcFileId="2" StartOffset="151"/>
</LocList>
</BasicStmnt>
</StmntSeq>
</Branch>
<Branch CovItemId="B2" CovItemPrefix="Calculator.model.AdvancedCalculator.java" Implct="true" Intrnl_Id="46">
<Cond/>
<LocList/>
<StmntSeq Intrnl_Id="47">
<LocList/>
</StmntSeq>
</Branch>
<Keyword EndOffset="122" SrcFileId="2" StartOffset="120"/>
<LocList>
<Loc EndOffset="189" SrcFileId="2" StartOffset="120"/>
</LocList>
<RootTerm CovItemId="C1" CovItemPrefix="Calculator.model.AdvancedCalculator.java" Intrnl_Id="48">
<BasicBoolTerm Intrnl_Id="49">
<LocList>
<Loc EndOffset="143" SrcFileId="2" StartOffset="124"/>
</LocList>
</BasicBoolTerm>
</RootTerm>
</CondStmnt>
<BasicStmnt CovItemId="S3" CovItemPrefix="Calculator.model.AdvancedCalculator.java" Intrnl_Id="50">
<LocList>
<Loc EndOffset="269" SrcFileId="2" StartOffset="193"/>
</LocList>
</BasicStmnt>
</StmntSeq>
</HierarchyLvl>
<HierarchyLvl HierarchyLvlId="2207" HierarchyLvlTypeId="11" Intrnl_Id="51" Name="power">
<Header>
<Loc EndOffset="329" SrcFileId="2" StartOffset="278"/>
</Header>
<LocList>
<Loc EndOffset="373" SrcFileId="2" StartOffset="278"/>
</LocList>
<StmntSeq Intrnl_Id="52">
<LocList>
<Loc EndOffset="369" SrcFileId="2" StartOffset="335"/>
</LocList>
<BasicStmnt CovItemId="S4" CovItemPrefix="Calculator.model.AdvancedCalculator.java" Intrnl_Id="53">
<LocList>
<Loc EndOffset="369" SrcFileId="2" StartOffset="335"/>
</LocList>
</BasicStmnt>
</StmntSeq>
</HierarchyLvl>
</HierarchyLvl>
<HierarchyLvl HierarchyLvlId="2214" HierarchyLvlTypeId="12" Intrnl_Id="54" Name="Equation">
<Header>
<Loc EndOffset="50" SrcFileId="3" StartOffset="29"/>
</Header>
<LocList>
<Loc EndOffset="412" SrcFileId="3" StartOffset="29"/>
</LocList>
<HierarchyLvl HierarchyLvlId="2209" HierarchyLvlTypeId="11" Intrnl_Id="55" Name="Equation">
<Header>
<Loc EndOffset="120" SrcFileId="3" StartOffset="75"/>
</Header>
<LocList>
<Loc EndOffset="171" SrcFileId="3" StartOffset="75"/>
</LocList>
<StmntSeq Intrnl_Id="56">
<LocList>
<Loc EndOffset="137" SrcFileId="3" StartOffset="126"/>
<Loc EndOffset="152" SrcFileId="3" StartOffset="141"/>
<Loc EndOffset="167" SrcFileId="3" StartOffset="156"/>
</LocList>
<BasicStmnt CovItemId="S1" CovItemPrefix="Calculator.model.Equation.java" Intrnl_Id="57">
<LocList>
<Loc EndOffset="137" SrcFileId="3" StartOffset="126"/>
</LocList>
</BasicStmnt>
<BasicStmnt CovItemId="S2" CovItemPrefix="Calculator.model.Equation.java" Intrnl_Id="58">
<LocList>
<Loc EndOffset="152" SrcFileId="3" StartOffset="141"/>
</LocList>
</BasicStmnt>
<BasicStmnt CovItemId="S3" CovItemPrefix="Calculator.model.Equation.java" Intrnl_Id="59">
<LocList>
<Loc EndOffset="167" SrcFileId="3" StartOffset="156"/>
</LocList>
</BasicStmnt>
</StmntSeq>
</HierarchyLvl>
<HierarchyLvl HierarchyLvlId="2210" HierarchyLvlTypeId="11" Intrnl_Id="60" Name="getA">
<Header>
<Loc EndOffset="196" SrcFileId="3" StartOffset="176"/>
</Header>
<LocList>
<Loc EndOffset="215" SrcFileId="3" StartOffset="176"/>
</LocList>
<StmntSeq Intrnl_Id="61">
<LocList>
<Loc EndOffset="211" SrcFileId="3" StartOffset="202"/>
</LocList>
<BasicStmnt CovItemId="S4" CovItemPrefix="Calculator.model.Equation.java" Intrnl_Id="62">
<LocList>
<Loc EndOffset="211" SrcFileId="3" StartOffset="202"/>
</LocList>
</BasicStmnt>
</StmntSeq>
</HierarchyLvl>
<HierarchyLvl HierarchyLvlId="2211" HierarchyLvlTypeId="11" Intrnl_Id="63" Name="getB">
<Header>
<Loc EndOffset="240" SrcFileId="3" StartOffset="220"/>
</Header>
<LocList>
<Loc EndOffset="259" SrcFileId="3" StartOffset="220"/>
</LocList>
<StmntSeq Intrnl_Id="64">
<LocList>
<Loc EndOffset="255" SrcFileId="3" StartOffset="246"/>
</LocList>
<BasicStmnt CovItemId="S5" CovItemPrefix="Calculator.model.Equation.java" Intrnl_Id="65">
<LocList>
<Loc EndOffset="255" SrcFileId="3" StartOffset="246"/>
</LocList>
</BasicStmnt>
</StmntSeq>
</HierarchyLvl>
<HierarchyLvl HierarchyLvlId="2212" HierarchyLvlTypeId="11" Intrnl_Id="66" Name="getC">
<Header>
<Loc EndOffset="284" SrcFileId="3" StartOffset="264"/>
</Header>
<LocList>
<Loc EndOffset="303" SrcFileId="3" StartOffset="264"/>
</LocList>
<StmntSeq Intrnl_Id="67">
<LocList>
<Loc EndOffset="299" SrcFileId="3" StartOffset="290"/>
</LocList>
<BasicStmnt CovItemId="S6" CovItemPrefix="Calculator.model.Equation.java" Intrnl_Id="68">
<LocList>
<Loc EndOffset="299" SrcFileId="3" StartOffset="290"/>
</LocList>
</BasicStmnt>
</StmntSeq>
</HierarchyLvl>
<HierarchyLvl HierarchyLvlId="2213" HierarchyLvlTypeId="11" Intrnl_Id="69" Name="setABC">
<Header>
<Loc EndOffset="356" SrcFileId="3" StartOffset="308"/>
</Header>
<LocList>
<Loc EndOffset="407" SrcFileId="3" StartOffset="308"/>
</LocList>
<StmntSeq Intrnl_Id="70">
<LocList>
<Loc EndOffset="373" SrcFileId="3" StartOffset="362"/>
<Loc EndOffset="388" SrcFileId="3" StartOffset="377"/>
<Loc EndOffset="403" SrcFileId="3" StartOffset="392"/>
</LocList>
<BasicStmnt CovItemId="S7" CovItemPrefix="Calculator.model.Equation.java" Intrnl_Id="71">
<LocList>
<Loc EndOffset="373" SrcFileId="3" StartOffset="362"/>
</LocList>
</BasicStmnt>
<BasicStmnt CovItemId="S8" CovItemPrefix="Calculator.model.Equation.java" Intrnl_Id="72">
<LocList>
<Loc EndOffset="388" SrcFileId="3" StartOffset="377"/>
</LocList>
</BasicStmnt>
<BasicStmnt CovItemId="S9" CovItemPrefix="Calculator.model.Equation.java" Intrnl_Id="73">
<LocList>
<Loc EndOffset="403" SrcFileId="3" StartOffset="392"/>
</LocList>
</BasicStmnt>
</StmntSeq>
</HierarchyLvl>
</HierarchyLvl>
<HierarchyLvl HierarchyLvlId="2220" HierarchyLvlTypeId="12" Intrnl_Id="74" Name="EquationDiscriminantCalculator">
<Header>
<Loc EndOffset="138" SrcFileId="4" StartOffset="95"/>
</Header>
<LocList>
<Loc EndOffset="789" SrcFileId="4" StartOffset="95"/>
</LocList>
<HierarchyLvl HierarchyLvlId="2215" HierarchyLvlTypeId="11" Intrnl_Id="75" Name="EquationDiscriminantCalculator">
<Header>
<Loc EndOffset="219" SrcFileId="4" StartOffset="163"/>
</Header>
<LocList>
<Loc EndOffset="297" SrcFileId="4" StartOffset="163"/>
</LocList>
<StmntSeq Intrnl_Id="76">
<LocList>
<Loc EndOffset="245" SrcFileId="4" StartOffset="225"/>
<Loc EndOffset="269" SrcFileId="4" StartOffset="249"/>
<Loc EndOffset="293" SrcFileId="4" StartOffset="273"/>
</LocList>
<BasicStmnt CovItemId="S1" CovItemPrefix="Calculator.model.EquationDiscriminantCalculator.java" Intrnl_Id="77">
<LocList>
<Loc EndOffset="245" SrcFileId="4" StartOffset="225"/>
</LocList>
</BasicStmnt>
<BasicStmnt CovItemId="S2" CovItemPrefix="Calculator.model.EquationDiscriminantCalculator.java" Intrnl_Id="78">
<LocList>
<Loc EndOffset="269" SrcFileId="4" StartOffset="249"/>
</LocList>
</BasicStmnt>
<BasicStmnt CovItemId="S3" CovItemPrefix="Calculator.model.EquationDiscriminantCalculator.java" Intrnl_Id="79">
<LocList>
<Loc EndOffset="293" SrcFileId="4" StartOffset="273"/>
</LocList>
</BasicStmnt>
</StmntSeq>
</HierarchyLvl>
<HierarchyLvl HierarchyLvlId="2216" HierarchyLvlTypeId="11" Intrnl_Id="80" Name="getDiscriminant">
<Header>
<Loc EndOffset="369" SrcFileId="4" StartOffset="302"/>
</Header>
<LocList>
<Loc EndOffset="630" SrcFileId="4" StartOffset="302"/>
</LocList>
<StmntSeq Intrnl_Id="81">
<LocList>
<Loc EndOffset="439" SrcFileId="4" StartOffset="375"/>
<Loc EndOffset="492" SrcFileId="4" StartOffset="443"/>
<Loc EndOffset="545" SrcFileId="4" StartOffset="496"/>
<Loc EndOffset="579" SrcFileId="4" StartOffset="549"/>
<Loc EndOffset="626" SrcFileId="4" StartOffset="583"/>
</LocList>
<CondStmnt CovItemId="S4" CovItemPrefix="Calculator.model.EquationDiscriminantCalculator.java" Intrnl_Id="82">
<Branch CovItemId="B1" CovItemPrefix="Calculator.model.EquationDiscriminantCalculator.java" Implct="false" Intrnl_Id="83">
<Cond/>
<LocList>
<Loc EndOffset="439" SrcFileId="4" StartOffset="387"/>
</LocList>
<StmntSeq Intrnl_Id="84">
<LocList>
<Loc EndOffset="434" SrcFileId="4" StartOffset="393"/>
</LocList>
<BasicStmnt CovItemId="S5" CovItemPrefix="Calculator.model.EquationDiscriminantCalculator.java" Intrnl_Id="85">
<LocList>
<Loc EndOffset="434" SrcFileId="4" StartOffset="393"/>
</LocList>
</BasicStmnt>
</StmntSeq>
</Branch>
<Branch CovItemId="B2" CovItemPrefix="Calculator.model.EquationDiscriminantCalculator.java" Implct="true" Intrnl_Id="86">
<Cond/>
<LocList/>
<StmntSeq Intrnl_Id="87">
<LocList/>
</StmntSeq>
</Branch>
<Keyword EndOffset="377" SrcFileId="4" StartOffset="375"/>
<LocList>
<Loc EndOffset="439" SrcFileId="4" StartOffset="375"/>
</LocList>
<RootTerm CovItemId="C1" CovItemPrefix="Calculator.model.EquationDiscriminantCalculator.java" Intrnl_Id="88">
<BasicBoolTerm Intrnl_Id="89">
<LocList>
<Loc EndOffset="385" SrcFileId="4" StartOffset="379"/>
</LocList>
</BasicBoolTerm>
</RootTerm>
</CondStmnt>
<BasicStmnt CovItemId="S6" CovItemPrefix="Calculator.model.EquationDiscriminantCalculator.java" Intrnl_Id="90">
<LocList>
<Loc EndOffset="492" SrcFileId="4" StartOffset="443"/>
</LocList>
</BasicStmnt>
<BasicStmnt CovItemId="S7" CovItemPrefix="Calculator.model.EquationDiscriminantCalculator.java" Intrnl_Id="91">
<LocList>
<Loc EndOffset="545" SrcFileId="4" StartOffset="496"/>
</LocList>
</BasicStmnt>
<BasicStmnt CovItemId="S8" CovItemPrefix="Calculator.model.EquationDiscriminantCalculator.java" Intrnl_Id="92">
<LocList>
<Loc EndOffset="579" SrcFileId="4" StartOffset="549"/>
</LocList>
</BasicStmnt>
<BasicStmnt CovItemId="S9" CovItemPrefix="Calculator.model.EquationDiscriminantCalculator.java" Intrnl_Id="93">
<LocList>
<Loc EndOffset="626" SrcFileId="4" StartOffset="583"/>
</LocList>
</BasicStmnt>
</StmntSeq>
</HierarchyLvl>
<HierarchyLvl HierarchyLvlId="2217" HierarchyLvlTypeId="11" Intrnl_Id="94" Name="setA">
<Header>
<Loc EndOffset="661" SrcFileId="4" StartOffset="635"/>
</Header>
<LocList>
<Loc EndOffset="682" SrcFileId="4" StartOffset="635"/>
</LocList>
<StmntSeq Intrnl_Id="95">
<LocList>
<Loc EndOffset="678" SrcFileId="4" StartOffset="667"/>
</LocList>
<BasicStmnt CovItemId="S10" CovItemPrefix="Calculator.model.EquationDiscriminantCalculator.java" Intrnl_Id="96">
<LocList>
<Loc EndOffset="678" SrcFileId="4" StartOffset="667"/>
</LocList>
</BasicStmnt>
</StmntSeq>
</HierarchyLvl>
<HierarchyLvl HierarchyLvlId="2218" HierarchyLvlTypeId="11" Intrnl_Id="97" Name="setB">
<Header>
<Loc EndOffset="713" SrcFileId="4" StartOffset="687"/>
</Header>
<LocList>
<Loc EndOffset="734" SrcFileId="4" StartOffset="687"/>
</LocList>
<StmntSeq Intrnl_Id="98">
<LocList>
<Loc EndOffset="730" SrcFileId="4" StartOffset="719"/>
</LocList>
<BasicStmnt CovItemId="S11" CovItemPrefix="Calculator.model.EquationDiscriminantCalculator.java" Intrnl_Id="99">
<LocList>
<Loc EndOffset="730" SrcFileId="4" StartOffset="719"/>
</LocList>
</BasicStmnt>
</StmntSeq>
</HierarchyLvl>
<HierarchyLvl HierarchyLvlId="2219" HierarchyLvlTypeId="11" Intrnl_Id="100" Name="setC">
<Header>
<Loc EndOffset="765" SrcFileId="4" StartOffset="739"/>
</Header>
<LocList>
<Loc EndOffset="786" SrcFileId="4" StartOffset="739"/>
</LocList>
<StmntSeq Intrnl_Id="101">
<LocList>
<Loc EndOffset="782" SrcFileId="4" StartOffset="771"/>
</LocList>
<BasicStmnt CovItemId="S12" CovItemPrefix="Calculator.model.EquationDiscriminantCalculator.java" Intrnl_Id="102">
<LocList>
<Loc EndOffset="782" SrcFileId="4" StartOffset="771"/>
</LocList>
</BasicStmnt>
</StmntSeq>
</HierarchyLvl>
</HierarchyLvl>
<HierarchyLvl HierarchyLvlId="2226" HierarchyLvlTypeId="12" Intrnl_Id="103" Name="FirstDegreeEquationCalculator">
<Header>
<Loc EndOffset="139" SrcFileId="5" StartOffset="97"/>
</Header>
<LocList>
<Loc EndOffset="804" SrcFileId="5" StartOffset="97"/>
</LocList>
<HierarchyLvl HierarchyLvlId="2221" HierarchyLvlTypeId="11" Intrnl_Id="104" Name="FirstDegreeEquationCalculator">
<Header>
<Loc EndOffset="256" SrcFileId="5" StartOffset="201"/>
</Header>
<LocList>
<Loc EndOffset="334" SrcFileId="5" StartOffset="201"/>
</LocList>
<StmntSeq Intrnl_Id="105">
<LocList>
<Loc EndOffset="282" SrcFileId="5" StartOffset="262"/>
<Loc EndOffset="306" SrcFileId="5" StartOffset="286"/>
<Loc EndOffset="330" SrcFileId="5" StartOffset="310"/>
</LocList>
<BasicStmnt CovItemId="S1" CovItemPrefix="Calculator.model.FirstDegreeEquationCalculator.java" Intrnl_Id="106">
<LocList>
<Loc EndOffset="282" SrcFileId="5" StartOffset="262"/>
</LocList>
</BasicStmnt>
<BasicStmnt CovItemId="S2" CovItemPrefix="Calculator.model.FirstDegreeEquationCalculator.java" Intrnl_Id="107">
<LocList>
<Loc EndOffset="306" SrcFileId="5" StartOffset="286"/>
</LocList>
</BasicStmnt>
<BasicStmnt CovItemId="S3" CovItemPrefix="Calculator.model.FirstDegreeEquationCalculator.java" Intrnl_Id="108">
<LocList>
<Loc EndOffset="330" SrcFileId="5" StartOffset="310"/>
</LocList>
</BasicStmnt>
</StmntSeq>
</HierarchyLvl>
<HierarchyLvl HierarchyLvlId="2222" HierarchyLvlTypeId="11" Intrnl_Id="109" Name="startSolving">
<Header>
<Loc EndOffset="404" SrcFileId="5" StartOffset="339"/>
</Header>
<LocList>
<Loc EndOffset="575" SrcFileId="5" StartOffset="339"/>
</LocList>
<StmntSeq Intrnl_Id="110">
<LocList>
<Loc EndOffset="486" SrcFileId="5" StartOffset="410"/>
<Loc EndOffset="539" SrcFileId="5" StartOffset="490"/>
<Loc EndOffset="571" SrcFileId="5" StartOffset="543"/>
</LocList>
<CondStmnt CovItemId="S4" CovItemPrefix="Calculator.model.FirstDegreeEquationCalculator.java" Intrnl_Id="111">
<Branch CovItemId="B1" CovItemPrefix="Calculator.model.FirstDegreeEquationCalculator.java" Implct="false" Intrnl_Id="112">
<Cond/>
<LocList>
<Loc EndOffset="486" SrcFileId="5" StartOffset="432"/>
</LocList>
<StmntSeq Intrnl_Id="113">
<LocList>
<Loc EndOffset="481" SrcFileId="5" StartOffset="438"/>
</LocList>
<BasicStmnt CovItemId="S5" CovItemPrefix="Calculator.model.FirstDegreeEquationCalculator.java" Intrnl_Id="114">
<LocList>
<Loc EndOffset="481" SrcFileId="5" StartOffset="438"/>
</LocList>
</BasicStmnt>
</StmntSeq>
</Branch>
<Branch CovItemId="B2" CovItemPrefix="Calculator.model.FirstDegreeEquationCalculator.java" Implct="true" Intrnl_Id="115">
<Cond/>
<LocList/>
<StmntSeq Intrnl_Id="116">
<LocList/>
</StmntSeq>
</Branch>
<Keyword EndOffset="412" SrcFileId="5" StartOffset="410"/>
<LocList>
<Loc EndOffset="486" SrcFileId="5" StartOffset="410"/>
</LocList>
<RootTerm CovItemId="C1" CovItemPrefix="Calculator.model.FirstDegreeEquationCalculator.java" Intrnl_Id="117">
<OpTerm BooleanOpId="9" Intrnl_Id="118">
<BasicBoolTerm Intrnl_Id="119">
<LocList>
<Loc EndOffset="420" SrcFileId="5" StartOffset="414"/>
</LocList>
</BasicBoolTerm>
<BasicBoolTerm Intrnl_Id="120">
<LocList>
<Loc EndOffset="430" SrcFileId="5" StartOffset="424"/>
</LocList>
</BasicBoolTerm>
<LocList>
<Loc EndOffset="423" SrcFileId="5" StartOffset="421"/>
</LocList>
</OpTerm>
</RootTerm>
</CondStmnt>
<BasicStmnt CovItemId="S6" CovItemPrefix="Calculator.model.FirstDegreeEquationCalculator.java" Intrnl_Id="121">
<LocList>
<Loc EndOffset="539" SrcFileId="5" StartOffset="490"/>
</LocList>
</BasicStmnt>
<BasicStmnt CovItemId="S7" CovItemPrefix="Calculator.model.FirstDegreeEquationCalculator.java" Intrnl_Id="122">
<LocList>
<Loc EndOffset="571" SrcFileId="5" StartOffset="543"/>
</LocList>
</BasicStmnt>
</StmntSeq>
</HierarchyLvl>
<HierarchyLvl HierarchyLvlId="2223" HierarchyLvlTypeId="11" Intrnl_Id="123" Name="getSolution">
<Header>
<Loc EndOffset="645" SrcFileId="5" StartOffset="580"/>
</Header>
<LocList>
<Loc EndOffset="695" SrcFileId="5" StartOffset="580"/>
</LocList>
<StmntSeq Intrnl_Id="124">
<LocList>
<Loc EndOffset="671" SrcFileId="5" StartOffset="651"/>
<Loc EndOffset="691" SrcFileId="5" StartOffset="675"/>
</LocList>
<BasicStmnt CovItemId="S8" CovItemPrefix="Calculator.model.FirstDegreeEquationCalculator.java" Intrnl_Id="125">
<LocList>
<Loc EndOffset="671" SrcFileId="5" StartOffset="651"/>
</LocList>
</BasicStmnt>
<BasicStmnt CovItemId="S9" CovItemPrefix="Calculator.model.FirstDegreeEquationCalculator.java" Intrnl_Id="126">
<LocList>
<Loc EndOffset="691" SrcFileId="5" StartOffset="675"/>
</LocList>
</BasicStmnt>
</StmntSeq>
</HierarchyLvl>
<HierarchyLvl HierarchyLvlId="2224" HierarchyLvlTypeId="11" Intrnl_Id="127" Name="setB">
<Header>
<Loc EndOffset="726" SrcFileId="5" StartOffset="700"/>
</Header>
<LocList>
<Loc EndOffset="747" SrcFileId="5" StartOffset="700"/>
</LocList>
<StmntSeq Intrnl_Id="128">
<LocList>
<Loc EndOffset="743" SrcFileId="5" StartOffset="732"/>
</LocList>
<BasicStmnt CovItemId="S10" CovItemPrefix="Calculator.model.FirstDegreeEquationCalculator.java" Intrnl_Id="129">
<LocList>
<Loc EndOffset="743" SrcFileId="5" StartOffset="732"/>
</LocList>
</BasicStmnt>
</StmntSeq>
</HierarchyLvl>
<HierarchyLvl HierarchyLvlId="2225" HierarchyLvlTypeId="11" Intrnl_Id="130" Name="setC">
<Header>
<Loc EndOffset="778" SrcFileId="5" StartOffset="752"/>
</Header>
<LocList>
<Loc EndOffset="799" SrcFileId="5" StartOffset="752"/>
</LocList>
<StmntSeq Intrnl_Id="131">
<LocList>
<Loc EndOffset="795" SrcFileId="5" StartOffset="784"/>
</LocList>
<BasicStmnt CovItemId="S11" CovItemPrefix="Calculator.model.FirstDegreeEquationCalculator.java" Intrnl_Id="132">
<LocList>
<Loc EndOffset="795" SrcFileId="5" StartOffset="784"/>
</LocList>
</BasicStmnt>
</StmntSeq>
</HierarchyLvl>
</HierarchyLvl>
<HierarchyLvl HierarchyLvlId="2232" HierarchyLvlTypeId="12" Intrnl_Id="133" Name="StandardCalculator">
<Header>
<Loc EndOffset="60" SrcFileId="6" StartOffset="29"/>
</Header>
<LocList>
<Loc EndOffset="706" SrcFileId="6" StartOffset="29"/>
</LocList>
<HierarchyLvl HierarchyLvlId="2227" HierarchyLvlTypeId="11" Intrnl_Id="134" Name="sum">
<Header>
<Loc EndOffset="116" SrcFileId="6" StartOffset="67"/>
</Header>
<LocList>
<Loc EndOffset="151" SrcFileId="6" StartOffset="67"/>
</LocList>
<StmntSeq Intrnl_Id="135">
<LocList>
<Loc EndOffset="147" SrcFileId="6" StartOffset="122"/>
</LocList>
<BasicStmnt CovItemId="S1" CovItemPrefix="Calculator.model.StandardCalculator.java" Intrnl_Id="136">
<LocList>
<Loc EndOffset="147" SrcFileId="6" StartOffset="122"/>
</LocList>
</BasicStmnt>
</StmntSeq>
</HierarchyLvl>
<HierarchyLvl HierarchyLvlId="2228" HierarchyLvlTypeId="11" Intrnl_Id="137" Name="subtract">
<Header>
<Loc EndOffset="210" SrcFileId="6" StartOffset="156"/>
</Header>
<LocList>
<Loc EndOffset="245" SrcFileId="6" StartOffset="156"/>
</LocList>
<StmntSeq Intrnl_Id="138">
<LocList>
<Loc EndOffset="241" SrcFileId="6" StartOffset="216"/>
</LocList>
<BasicStmnt CovItemId="S2" CovItemPrefix="Calculator.model.StandardCalculator.java" Intrnl_Id="139">
<LocList>
<Loc EndOffset="241" SrcFileId="6" StartOffset="216"/>
</LocList>
</BasicStmnt>
</StmntSeq>
</HierarchyLvl>
<HierarchyLvl HierarchyLvlId="2229" HierarchyLvlTypeId="11" Intrnl_Id="140" Name="mul">
<Header>
<Loc EndOffset="299" SrcFileId="6" StartOffset="250"/>
</Header>
<LocList>
<Loc EndOffset="334" SrcFileId="6" StartOffset="250"/>
</LocList>
<StmntSeq Intrnl_Id="141">
<LocList>
<Loc EndOffset="330" SrcFileId="6" StartOffset="305"/>
</LocList>
<BasicStmnt CovItemId="S3" CovItemPrefix="Calculator.model.StandardCalculator.java" Intrnl_Id="142">
<LocList>
<Loc EndOffset="330" SrcFileId="6" StartOffset="305"/>
</LocList>
</BasicStmnt>
</StmntSeq>
</HierarchyLvl>
<HierarchyLvl HierarchyLvlId="2230" HierarchyLvlTypeId="11" Intrnl_Id="143" Name="divide">
<Header>
<Loc EndOffset="391" SrcFileId="6" StartOffset="339"/>
</Header>
<LocList>
<Loc EndOffset="520" SrcFileId="6" StartOffset="339"/>
</LocList>
<StmntSeq Intrnl_Id="144">
<LocList>
<Loc EndOffset="451" SrcFileId="6" StartOffset="397"/>
<Loc EndOffset="516" SrcFileId="6" StartOffset="455"/>
</LocList>
<CondStmnt CovItemId="S4" CovItemPrefix="Calculator.model.StandardCalculator.java" Intrnl_Id="145">
<Branch CovItemId="B1" CovItemPrefix="Calculator.model.StandardCalculator.java" Implct="false" Intrnl_Id="146">
<Cond/>
<LocList>
<Loc EndOffset="451" SrcFileId="6" StartOffset="415"/>
</LocList>
<StmntSeq Intrnl_Id="147">
<LocList>
<Loc EndOffset="446" SrcFileId="6" StartOffset="421"/>
</LocList>
<BasicStmnt CovItemId="S5" CovItemPrefix="Calculator.model.StandardCalculator.java" Intrnl_Id="148">
<LocList>
<Loc EndOffset="446" SrcFileId="6" StartOffset="421"/>
</LocList>
</BasicStmnt>
</StmntSeq>
</Branch>
<Branch CovItemId="B2" CovItemPrefix="Calculator.model.StandardCalculator.java" Implct="true" Intrnl_Id="149">
<Cond/>
<LocList/>
<StmntSeq Intrnl_Id="150">
<LocList/>
</StmntSeq>
</Branch>
<Keyword EndOffset="399" SrcFileId="6" StartOffset="397"/>
<LocList>
<Loc EndOffset="451" SrcFileId="6" StartOffset="397"/>
</LocList>
<RootTerm CovItemId="C1" CovItemPrefix="Calculator.model.StandardCalculator.java" Intrnl_Id="151">
<BasicBoolTerm Intrnl_Id="152">
<LocList>
<Loc EndOffset="413" SrcFileId="6" StartOffset="401"/>
</LocList>
</BasicBoolTerm>
</RootTerm>
</CondStmnt>
<BasicStmnt CovItemId="S6" CovItemPrefix="Calculator.model.StandardCalculator.java" Intrnl_Id="153">
<LocList>
<Loc EndOffset="516" SrcFileId="6" StartOffset="455"/>
</LocList>
</BasicStmnt>
</StmntSeq>
</HierarchyLvl>
<HierarchyLvl HierarchyLvlId="2231" HierarchyLvlTypeId="11" Intrnl_Id="154" Name="mod">
<Header>
<Loc EndOffset="574" SrcFileId="6" StartOffset="525"/>
</Header>
<LocList>
<Loc EndOffset="703" SrcFileId="6" StartOffset="525"/>
</LocList>
<StmntSeq Intrnl_Id="155">
<LocList>
<Loc EndOffset="634" SrcFileId="6" StartOffset="580"/>
<Loc EndOffset="699" SrcFileId="6" StartOffset="638"/>
</LocList>
<CondStmnt CovItemId="S7" CovItemPrefix="Calculator.model.StandardCalculator.java" Intrnl_Id="156">
<Branch CovItemId="B3" CovItemPrefix="Calculator.model.StandardCalculator.java" Implct="false" Intrnl_Id="157">
<Cond/>
<LocList>
<Loc EndOffset="634" SrcFileId="6" StartOffset="598"/>
</LocList>
<StmntSeq Intrnl_Id="158">
<LocList>
<Loc EndOffset="629" SrcFileId="6" StartOffset="604"/>
</LocList>
<BasicStmnt CovItemId="S8" CovItemPrefix="Calculator.model.StandardCalculator.java" Intrnl_Id="159">
<LocList>
<Loc EndOffset="629" SrcFileId="6" StartOffset="604"/>
</LocList>
</BasicStmnt>
</StmntSeq>
</Branch>
<Branch CovItemId="B4" CovItemPrefix="Calculator.model.StandardCalculator.java" Implct="true" Intrnl_Id="160">
<Cond/>
<LocList/>
<StmntSeq Intrnl_Id="161">
<LocList/>
</StmntSeq>
</Branch>
<Keyword EndOffset="582" SrcFileId="6" StartOffset="580"/>
<LocList>
<Loc EndOffset="634" SrcFileId="6" StartOffset="580"/>
</LocList>
<RootTerm CovItemId="C2" CovItemPrefix="Calculator.model.StandardCalculator.java" Intrnl_Id="162">
<BasicBoolTerm Intrnl_Id="163">
<LocList>
<Loc EndOffset="596" SrcFileId="6" StartOffset="584"/>
</LocList>
</BasicBoolTerm>
</RootTerm>
</CondStmnt>
<BasicStmnt CovItemId="S9" CovItemPrefix="Calculator.model.StandardCalculator.java" Intrnl_Id="164">
<LocList>
<Loc EndOffset="699" SrcFileId="6" StartOffset="638"/>
</LocList>
</BasicStmnt>
</StmntSeq>
</HierarchyLvl>
</HierarchyLvl>
</HierarchyLvl>
</HierarchyLvl>
</HierarchyLvl>
</MASTRoot>
</TestSessionContainer>
