<?xml version="1.0" encoding="UTF-8"?><TestSessionContainer xmlns="http://www.codecover.org/xml/testsession-container" Date="1512160431412" TestSessionContainerId="3264c21a-262c-4b09-832c-90d2b4fc7c65" version="1.0">
<SrcFileList>
<SrcFile Content="package Calculator.model;&#13;&#10;&#13;&#10;public class AdvancedCalculator {&#13;&#10;&#13;&#10;&#9;public double squareRoot(double positiveNumber) {&#13;&#10;&#9;&#9;if (positiveNumber &gt;= 0) {&#13;&#10;&#9;&#9;&#9;return Math.sqrt(positiveNumber);&#13;&#10;&#9;&#9;}&#13;&#10;&#9;&#9;throw new IllegalArgumentException(&quot;Can not Square Root a negative number&quot;);&#13;&#10;&#9;}&#13;&#10;&#13;&#10;&#9;public double power(double number, double exponent) {&#13;&#10;&#9;&#9;return Math.pow(number, exponent);&#13;&#10;&#9;}&#13;&#10;&#13;&#10;}&#13;&#10;" Filename="AdvancedCalculator.java" Intrnl_Id="1"/>
<SrcFile Content="package Calculator.model;&#13;&#10;&#13;&#10;public class Equation {&#13;&#10;&#9;double a, b, c;&#13;&#10;&#13;&#10;&#9;public Equation(double a, double b, double c) {&#13;&#10;&#9;&#9;this.a = a;&#13;&#10;&#9;&#9;this.b = b;&#13;&#10;&#9;&#9;this.c = c;&#13;&#10;&#9;}&#13;&#10;&#13;&#10;&#9;public double getA() {&#13;&#10;&#9;&#9;return a;&#13;&#10;&#9;}&#13;&#10;&#13;&#10;&#9;public double getB() {&#13;&#10;&#9;&#9;return b;&#13;&#10;&#9;}&#13;&#10;&#13;&#10;&#9;public double getC() {&#13;&#10;&#9;&#9;return c;&#13;&#10;&#9;}&#13;&#10;&#13;&#10;}&#13;&#10;" Filename="Equation.java" Intrnl_Id="2"/>
<SrcFile Content="package Calculator.model;&#13;&#10;&#13;&#10;import Calculator.model.exeption.NonQuadraticEquatioException;&#13;&#10;&#13;&#10;public class EquationDiscriminantCalculator {&#13;&#10;&#9;double a, b, c;&#13;&#10;&#13;&#10;&#9;public EquationDiscriminantCalculator(Equation equation) {&#13;&#10;&#9;&#9;a = equation.getA();&#13;&#10;&#9;&#9;b = equation.getB();&#13;&#10;&#9;&#9;c = equation.getC();&#13;&#10;&#9;}&#13;&#10;&#13;&#10;&#9;public double getDiscriminant() throws NonQuadraticEquatioException {&#13;&#10;&#9;&#9;if (a == 0) {&#13;&#10;&#9;&#9;&#9;throw new NonQuadraticEquatioException();&#13;&#10;&#9;&#9;}&#13;&#10;&#9;&#9;StandardCalculator SC = new StandardCalculator();&#13;&#10;&#9;&#9;AdvancedCalculator AC = new AdvancedCalculator();&#13;&#10;&#9;&#9;double A_mul_C = SC.mul(a, c);&#13;&#10;&#9;&#9;return AC.power(b, 2) - SC.mul(4, A_mul_C);&#13;&#10;&#9;}&#13;&#10;}&#13;&#10;" Filename="EquationDiscriminantCalculator.java" Intrnl_Id="3"/>
<SrcFile Content="package Calculator.model;&#13;&#10;&#13;&#10;import Calculator.model.exeption.NonFirstDegreeEquatioException;&#13;&#10;&#13;&#10;public class FirstDegreeEquationCalculator {&#13;&#10;&#13;&#10;&#9;private double a, b, c;&#13;&#10;&#9;private double Solution;&#13;&#10;&#13;&#10;&#9;public FirstDegreeEquationCalculator(Equation equation) {&#13;&#10;&#9;&#9;a = equation.getA();&#13;&#10;&#9;&#9;b = equation.getB();&#13;&#10;&#9;&#9;c = equation.getC();&#13;&#10;&#9;}&#13;&#10;&#13;&#10;&#9;private void startSolving() throws NonFirstDegreeEquatioException {&#13;&#10;&#9;&#9;if (a != 0 || b == 0) {&#13;&#10;&#9;&#9;&#9;throw new NonFirstDegreeEquatioException();&#13;&#10;&#9;&#9;}&#13;&#10;&#9;&#9;StandardCalculator SC = new StandardCalculator();&#13;&#10;&#9;&#9;Solution = SC.divide(-c, b);&#13;&#10;&#9;}&#13;&#10;&#13;&#10;&#9;public double getSolution() throws NonFirstDegreeEquatioException {&#13;&#10;&#9;&#9;this.startSolving();&#13;&#10;&#9;&#9;return Solution;&#13;&#10;&#9;}&#13;&#10;&#13;&#10;}" Filename="FirstDegreeEquationCalculator.java" Intrnl_Id="4"/>
<SrcFile Content="package Calculator.model;&#13;&#10;&#13;&#10;public class StandardCalculator {&#13;&#10;&#13;&#10;&#9;public double sum(double number1, double number2) {&#13;&#10;&#9;&#9;return number1 + number2;&#13;&#10;&#9;}&#13;&#10;&#13;&#10;&#9;public double subtract(double number1, double number2) {&#13;&#10;&#9;&#9;return number1 - number2;&#13;&#10;&#9;}&#13;&#10;&#13;&#10;&#9;public double mul(double number1, double number2) {&#13;&#10;&#9;&#9;return number1 * number2;&#13;&#10;&#9;}&#13;&#10;&#13;&#10;&#9;public double divide(double number1, double number2) {&#13;&#10;&#9;&#9;if (number2 != 0) {&#13;&#10;&#9;&#9;&#9;return number1 / number2;&#13;&#10;&#9;&#9;}&#13;&#10;&#9;&#9;throw new IllegalArgumentException(&quot;Number2 'divisor' is 0&quot;);&#13;&#10;&#9;}&#13;&#10;&#13;&#10;&#9;public double mod(double number1, double number2) {&#13;&#10;&#9;&#9;if (number2 != 0) {&#13;&#10;&#9;&#9;&#9;return number1 % number2;&#13;&#10;&#9;&#9;}&#13;&#10;&#9;&#9;throw new IllegalArgumentException(&quot;Number2 'divisor' is 0&quot;);&#13;&#10;&#9;}&#13;&#10;}&#13;&#10;" Filename="StandardCalculator.java" Intrnl_Id="5"/>
<SrcFile Content="package Calculator.model.exeption;&#13;&#10;&#13;&#10;public class NonFirstDegreeEquatioException extends Exception {&#13;&#10;&#9;public NonFirstDegreeEquatioException() {&#13;&#10;&#9;&#9;&#13;&#10;&#9;}&#13;&#10;&#13;&#10;}&#13;&#10;" Filename="NonFirstDegreeEquatioException.java" Intrnl_Id="6"/>
<SrcFile Content="package Calculator.model.exeption;&#13;&#10;&#13;&#10;public class NonQuadraticEquatioException extends Exception {&#13;&#10;&#13;&#10;}&#13;&#10;" Filename="NonQuadraticEquatioException.java" Intrnl_Id="7"/>
</SrcFileList>
<CritList>
<CritListEntry Name="org.codecover.model.utils.criteria.LoopCoverage" PluginName="org.codecover"/>
<CritListEntry Name="org.codecover.model.utils.criteria.ConditionCoverage" PluginName="org.codecover"/>
<CritListEntry Name="org.codecover.model.utils.criteria.BranchCoverage" PluginName="org.codecover"/>
<CritListEntry Name="org.codecover.model.utils.criteria.StatementCoverage" PluginName="org.codecover"/>
</CritList>
<BoolOpList>
<BoolOp Arity="2" Intrnl_Id="8" Name="conditional or (||)">
<BoolAssgnmntBoolMapList>
<MapEntry BoolAssgnmnt="00" Value="false"/>
<MapEntry BoolAssgnmnt="01" Value="true"/>
<MapEntry BoolAssgnmnt="12" Value="true"/>
</BoolAssgnmntBoolMapList>
</BoolOp>
</BoolOpList>
<HierarchyLvlTypeList>
<HierarchyLvlType EnglishName="package" IntrnlName="package" Intrnl_Id="9"/>
<HierarchyLvlType EnglishName="method" IntrnlName="method" Intrnl_Id="10"/>
<HierarchyLvlType EnglishName="class" IntrnlName="class" Intrnl_Id="11"/>
<HierarchyLvlType EnglishName="default package" IntrnlName="default package" Intrnl_Id="12"/>
</HierarchyLvlTypeList>
<MASTRoot>
<HierarchyLvl HierarchyLvlId="1547" HierarchyLvlTypeId="12" Intrnl_Id="13" Name="default package">
<Header/>
<LocList/>
<HierarchyLvl HierarchyLvlId="1546" HierarchyLvlTypeId="9" Intrnl_Id="14" Name="Calculator">
<Header/>
<LocList/>
<HierarchyLvl HierarchyLvlId="1545" HierarchyLvlTypeId="9" Intrnl_Id="15" Name="model">
<Header/>
<LocList/>
<HierarchyLvl HierarchyLvlId="1544" HierarchyLvlTypeId="9" Intrnl_Id="16" Name="exeption">
<Header/>
<LocList/>
<HierarchyLvl HierarchyLvlId="1542" HierarchyLvlTypeId="11" Intrnl_Id="17" Name="NonFirstDegreeEquatioException">
<Header>
<Loc EndOffset="99" SrcFileId="6" StartOffset="38"/>
</Header>
<LocList>
<Loc EndOffset="158" SrcFileId="6" StartOffset="38"/>
</LocList>
<HierarchyLvl HierarchyLvlId="1541" HierarchyLvlTypeId="10" Intrnl_Id="18" Name="NonFirstDegreeEquatioException">
<Header>
<Loc EndOffset="143" SrcFileId="6" StartOffset="104"/>
</Header>
<LocList>
<Loc EndOffset="153" SrcFileId="6" StartOffset="104"/>
</LocList>
</HierarchyLvl>
</HierarchyLvl>
<HierarchyLvl HierarchyLvlId="1543" HierarchyLvlTypeId="11" Intrnl_Id="19" Name="NonQuadraticEquatioException">
<Header>
<Loc EndOffset="97" SrcFileId="7" StartOffset="38"/>
</Header>
<LocList>
<Loc EndOffset="104" SrcFileId="7" StartOffset="38"/>
</LocList>
</HierarchyLvl>
</HierarchyLvl>
<HierarchyLvl HierarchyLvlId="1522" HierarchyLvlTypeId="11" Intrnl_Id="20" Name="AdvancedCalculator">
<Header>
<Loc EndOffset="60" SrcFileId="1" StartOffset="29"/>
</Header>
<LocList>
<Loc EndOffset="378" SrcFileId="1" StartOffset="29"/>
</LocList>
<HierarchyLvl HierarchyLvlId="1520" HierarchyLvlTypeId="10" Intrnl_Id="21" Name="squareRoot">
<Header>
<Loc EndOffset="114" SrcFileId="1" StartOffset="67"/>
</Header>
<LocList>
<Loc EndOffset="273" SrcFileId="1" StartOffset="67"/>
</LocList>
<StmntSeq Intrnl_Id="22">
<LocList>
<Loc EndOffset="189" SrcFileId="1" StartOffset="120"/>
<Loc EndOffset="269" SrcFileId="1" StartOffset="193"/>
</LocList>
<CondStmnt CovItemId="S1" CovItemPrefix="Calculator.model.AdvancedCalculator.java" Intrnl_Id="23">
<Branch CovItemId="B1" CovItemPrefix="Calculator.model.AdvancedCalculator.java" Implct="false" Intrnl_Id="24">
<Cond/>
<LocList>
<Loc EndOffset="189" SrcFileId="1" StartOffset="145"/>
</LocList>
<StmntSeq Intrnl_Id="25">
<LocList>
<Loc EndOffset="184" SrcFileId="1" StartOffset="151"/>
</LocList>
<BasicStmnt CovItemId="S2" CovItemPrefix="Calculator.model.AdvancedCalculator.java" Intrnl_Id="26">
<LocList>
<Loc EndOffset="184" SrcFileId="1" StartOffset="151"/>
</LocList>
</BasicStmnt>
</StmntSeq>
</Branch>
<Branch CovItemId="B2" CovItemPrefix="Calculator.model.AdvancedCalculator.java" Implct="true" Intrnl_Id="27">
<Cond/>
<LocList/>
<StmntSeq Intrnl_Id="28">
<LocList/>
</StmntSeq>
</Branch>
<Keyword EndOffset="122" SrcFileId="1" StartOffset="120"/>
<LocList>
<Loc EndOffset="189" SrcFileId="1" StartOffset="120"/>
</LocList>
<RootTerm CovItemId="C1" CovItemPrefix="Calculator.model.AdvancedCalculator.java" Intrnl_Id="29">
<BasicBoolTerm Intrnl_Id="30">
<LocList>
<Loc EndOffset="143" SrcFileId="1" StartOffset="124"/>
</LocList>
</BasicBoolTerm>
</RootTerm>
</CondStmnt>
<BasicStmnt CovItemId="S3" CovItemPrefix="Calculator.model.AdvancedCalculator.java" Intrnl_Id="31">
<LocList>
<Loc EndOffset="269" SrcFileId="1" StartOffset="193"/>
</LocList>
</BasicStmnt>
</StmntSeq>
</HierarchyLvl>
<HierarchyLvl HierarchyLvlId="1521" HierarchyLvlTypeId="10" Intrnl_Id="32" Name="power">
<Header>
<Loc EndOffset="329" SrcFileId="1" StartOffset="278"/>
</Header>
<LocList>
<Loc EndOffset="373" SrcFileId="1" StartOffset="278"/>
</LocList>
<StmntSeq Intrnl_Id="33">
<LocList>
<Loc EndOffset="369" SrcFileId="1" StartOffset="335"/>
</LocList>
<BasicStmnt CovItemId="S4" CovItemPrefix="Calculator.model.AdvancedCalculator.java" Intrnl_Id="34">
<LocList>
<Loc EndOffset="369" SrcFileId="1" StartOffset="335"/>
</LocList>
</BasicStmnt>
</StmntSeq>
</HierarchyLvl>
</HierarchyLvl>
<HierarchyLvl HierarchyLvlId="1527" HierarchyLvlTypeId="11" Intrnl_Id="35" Name="Equation">
<Header>
<Loc EndOffset="50" SrcFileId="2" StartOffset="29"/>
</Header>
<LocList>
<Loc EndOffset="308" SrcFileId="2" StartOffset="29"/>
</LocList>
<HierarchyLvl HierarchyLvlId="1523" HierarchyLvlTypeId="10" Intrnl_Id="36" Name="Equation">
<Header>
<Loc EndOffset="120" SrcFileId="2" StartOffset="75"/>
</Header>
<LocList>
<Loc EndOffset="171" SrcFileId="2" StartOffset="75"/>
</LocList>
<StmntSeq Intrnl_Id="37">
<LocList>
<Loc EndOffset="137" SrcFileId="2" StartOffset="126"/>
<Loc EndOffset="152" SrcFileId="2" StartOffset="141"/>
<Loc EndOffset="167" SrcFileId="2" StartOffset="156"/>
</LocList>
<BasicStmnt CovItemId="S1" CovItemPrefix="Calculator.model.Equation.java" Intrnl_Id="38">
<LocList>
<Loc EndOffset="137" SrcFileId="2" StartOffset="126"/>
</LocList>
</BasicStmnt>
<BasicStmnt CovItemId="S2" CovItemPrefix="Calculator.model.Equation.java" Intrnl_Id="39">
<LocList>
<Loc EndOffset="152" SrcFileId="2" StartOffset="141"/>
</LocList>
</BasicStmnt>
<BasicStmnt CovItemId="S3" CovItemPrefix="Calculator.model.Equation.java" Intrnl_Id="40">
<LocList>
<Loc EndOffset="167" SrcFileId="2" StartOffset="156"/>
</LocList>
</BasicStmnt>
</StmntSeq>
</HierarchyLvl>
<HierarchyLvl HierarchyLvlId="1524" HierarchyLvlTypeId="10" Intrnl_Id="41" Name="getA">
<Header>
<Loc EndOffset="196" SrcFileId="2" StartOffset="176"/>
</Header>
<LocList>
<Loc EndOffset="215" SrcFileId="2" StartOffset="176"/>
</LocList>
<StmntSeq Intrnl_Id="42">
<LocList>
<Loc EndOffset="211" SrcFileId="2" StartOffset="202"/>
</LocList>
<BasicStmnt CovItemId="S4" CovItemPrefix="Calculator.model.Equation.java" Intrnl_Id="43">
<LocList>
<Loc EndOffset="211" SrcFileId="2" StartOffset="202"/>
</LocList>
</BasicStmnt>
</StmntSeq>
</HierarchyLvl>
<HierarchyLvl HierarchyLvlId="1525" HierarchyLvlTypeId="10" Intrnl_Id="44" Name="getB">
<Header>
<Loc EndOffset="240" SrcFileId="2" StartOffset="220"/>
</Header>
<LocList>
<Loc EndOffset="259" SrcFileId="2" StartOffset="220"/>
</LocList>
<StmntSeq Intrnl_Id="45">
<LocList>
<Loc EndOffset="255" SrcFileId="2" StartOffset="246"/>
</LocList>
<BasicStmnt CovItemId="S5" CovItemPrefix="Calculator.model.Equation.java" Intrnl_Id="46">
<LocList>
<Loc EndOffset="255" SrcFileId="2" StartOffset="246"/>
</LocList>
</BasicStmnt>
</StmntSeq>
</HierarchyLvl>
<HierarchyLvl HierarchyLvlId="1526" HierarchyLvlTypeId="10" Intrnl_Id="47" Name="getC">
<Header>
<Loc EndOffset="284" SrcFileId="2" StartOffset="264"/>
</Header>
<LocList>
<Loc EndOffset="303" SrcFileId="2" StartOffset="264"/>
</LocList>
<StmntSeq Intrnl_Id="48">
<LocList>
<Loc EndOffset="299" SrcFileId="2" StartOffset="290"/>
</LocList>
<BasicStmnt CovItemId="S6" CovItemPrefix="Calculator.model.Equation.java" Intrnl_Id="49">
<LocList>
<Loc EndOffset="299" SrcFileId="2" StartOffset="290"/>
</LocList>
</BasicStmnt>
</StmntSeq>
</HierarchyLvl>
</HierarchyLvl>
<HierarchyLvl HierarchyLvlId="1530" HierarchyLvlTypeId="11" Intrnl_Id="50" Name="EquationDiscriminantCalculator">
<Header>
<Loc EndOffset="138" SrcFileId="3" StartOffset="95"/>
</Header>
<LocList>
<Loc EndOffset="633" SrcFileId="3" StartOffset="95"/>
</LocList>
<HierarchyLvl HierarchyLvlId="1528" HierarchyLvlTypeId="10" Intrnl_Id="51" Name="EquationDiscriminantCalculator">
<Header>
<Loc EndOffset="219" SrcFileId="3" StartOffset="163"/>
</Header>
<LocList>
<Loc EndOffset="297" SrcFileId="3" StartOffset="163"/>
</LocList>
<StmntSeq Intrnl_Id="52">
<LocList>
<Loc EndOffset="245" SrcFileId="3" StartOffset="225"/>
<Loc EndOffset="269" SrcFileId="3" StartOffset="249"/>
<Loc EndOffset="293" SrcFileId="3" StartOffset="273"/>
</LocList>
<BasicStmnt CovItemId="S1" CovItemPrefix="Calculator.model.EquationDiscriminantCalculator.java" Intrnl_Id="53">
<LocList>
<Loc EndOffset="245" SrcFileId="3" StartOffset="225"/>
</LocList>
</BasicStmnt>
<BasicStmnt CovItemId="S2" CovItemPrefix="Calculator.model.EquationDiscriminantCalculator.java" Intrnl_Id="54">
<LocList>
<Loc EndOffset="269" SrcFileId="3" StartOffset="249"/>
</LocList>
</BasicStmnt>
<BasicStmnt CovItemId="S3" CovItemPrefix="Calculator.model.EquationDiscriminantCalculator.java" Intrnl_Id="55">
<LocList>
<Loc EndOffset="293" SrcFileId="3" StartOffset="273"/>
</LocList>
</BasicStmnt>
</StmntSeq>
</HierarchyLvl>
<HierarchyLvl HierarchyLvlId="1529" HierarchyLvlTypeId="10" Intrnl_Id="56" Name="getDiscriminant">
<Header>
<Loc EndOffset="369" SrcFileId="3" StartOffset="302"/>
</Header>
<LocList>
<Loc EndOffset="630" SrcFileId="3" StartOffset="302"/>
</LocList>
<StmntSeq Intrnl_Id="57">
<LocList>
<Loc EndOffset="439" SrcFileId="3" StartOffset="375"/>
<Loc EndOffset="492" SrcFileId="3" StartOffset="443"/>
<Loc EndOffset="545" SrcFileId="3" StartOffset="496"/>
<Loc EndOffset="579" SrcFileId="3" StartOffset="549"/>
<Loc EndOffset="626" SrcFileId="3" StartOffset="583"/>
</LocList>
<CondStmnt CovItemId="S4" CovItemPrefix="Calculator.model.EquationDiscriminantCalculator.java" Intrnl_Id="58">
<Branch CovItemId="B1" CovItemPrefix="Calculator.model.EquationDiscriminantCalculator.java" Implct="false" Intrnl_Id="59">
<Cond/>
<LocList>
<Loc EndOffset="439" SrcFileId="3" StartOffset="387"/>
</LocList>
<StmntSeq Intrnl_Id="60">
<LocList>
<Loc EndOffset="434" SrcFileId="3" StartOffset="393"/>
</LocList>
<BasicStmnt CovItemId="S5" CovItemPrefix="Calculator.model.EquationDiscriminantCalculator.java" Intrnl_Id="61">
<LocList>
<Loc EndOffset="434" SrcFileId="3" StartOffset="393"/>
</LocList>
</BasicStmnt>
</StmntSeq>
</Branch>
<Branch CovItemId="B2" CovItemPrefix="Calculator.model.EquationDiscriminantCalculator.java" Implct="true" Intrnl_Id="62">
<Cond/>
<LocList/>
<StmntSeq Intrnl_Id="63">
<LocList/>
</StmntSeq>
</Branch>
<Keyword EndOffset="377" SrcFileId="3" StartOffset="375"/>
<LocList>
<Loc EndOffset="439" SrcFileId="3" StartOffset="375"/>
</LocList>
<RootTerm CovItemId="C1" CovItemPrefix="Calculator.model.EquationDiscriminantCalculator.java" Intrnl_Id="64">
<BasicBoolTerm Intrnl_Id="65">
<LocList>
<Loc EndOffset="385" SrcFileId="3" StartOffset="379"/>
</LocList>
</BasicBoolTerm>
</RootTerm>
</CondStmnt>
<BasicStmnt CovItemId="S6" CovItemPrefix="Calculator.model.EquationDiscriminantCalculator.java" Intrnl_Id="66">
<LocList>
<Loc EndOffset="492" SrcFileId="3" StartOffset="443"/>
</LocList>
</BasicStmnt>
<BasicStmnt CovItemId="S7" CovItemPrefix="Calculator.model.EquationDiscriminantCalculator.java" Intrnl_Id="67">
<LocList>
<Loc EndOffset="545" SrcFileId="3" StartOffset="496"/>
</LocList>
</BasicStmnt>
<BasicStmnt CovItemId="S8" CovItemPrefix="Calculator.model.EquationDiscriminantCalculator.java" Intrnl_Id="68">
<LocList>
<Loc EndOffset="579" SrcFileId="3" StartOffset="549"/>
</LocList>
</BasicStmnt>
<BasicStmnt CovItemId="S9" CovItemPrefix="Calculator.model.EquationDiscriminantCalculator.java" Intrnl_Id="69">
<LocList>
<Loc EndOffset="626" SrcFileId="3" StartOffset="583"/>
</LocList>
</BasicStmnt>
</StmntSeq>
</HierarchyLvl>
</HierarchyLvl>
<HierarchyLvl HierarchyLvlId="1534" HierarchyLvlTypeId="11" Intrnl_Id="70" Name="FirstDegreeEquationCalculator">
<Header>
<Loc EndOffset="139" SrcFileId="4" StartOffset="97"/>
</Header>
<LocList>
<Loc EndOffset="700" SrcFileId="4" StartOffset="97"/>
</LocList>
<HierarchyLvl HierarchyLvlId="1531" HierarchyLvlTypeId="10" Intrnl_Id="71" Name="FirstDegreeEquationCalculator">
<Header>
<Loc EndOffset="256" SrcFileId="4" StartOffset="201"/>
</Header>
<LocList>
<Loc EndOffset="334" SrcFileId="4" StartOffset="201"/>
</LocList>
<StmntSeq Intrnl_Id="72">
<LocList>
<Loc EndOffset="282" SrcFileId="4" StartOffset="262"/>
<Loc EndOffset="306" SrcFileId="4" StartOffset="286"/>
<Loc EndOffset="330" SrcFileId="4" StartOffset="310"/>
</LocList>
<BasicStmnt CovItemId="S1" CovItemPrefix="Calculator.model.FirstDegreeEquationCalculator.java" Intrnl_Id="73">
<LocList>
<Loc EndOffset="282" SrcFileId="4" StartOffset="262"/>
</LocList>
</BasicStmnt>
<BasicStmnt CovItemId="S2" CovItemPrefix="Calculator.model.FirstDegreeEquationCalculator.java" Intrnl_Id="74">
<LocList>
<Loc EndOffset="306" SrcFileId="4" StartOffset="286"/>
</LocList>
</BasicStmnt>
<BasicStmnt CovItemId="S3" CovItemPrefix="Calculator.model.FirstDegreeEquationCalculator.java" Intrnl_Id="75">
<LocList>
<Loc EndOffset="330" SrcFileId="4" StartOffset="310"/>
</LocList>
</BasicStmnt>
</StmntSeq>
</HierarchyLvl>
<HierarchyLvl HierarchyLvlId="1532" HierarchyLvlTypeId="10" Intrnl_Id="76" Name="startSolving">
<Header>
<Loc EndOffset="404" SrcFileId="4" StartOffset="339"/>
</Header>
<LocList>
<Loc EndOffset="575" SrcFileId="4" StartOffset="339"/>
</LocList>
<StmntSeq Intrnl_Id="77">
<LocList>
<Loc EndOffset="486" SrcFileId="4" StartOffset="410"/>
<Loc EndOffset="539" SrcFileId="4" StartOffset="490"/>
<Loc EndOffset="571" SrcFileId="4" StartOffset="543"/>
</LocList>
<CondStmnt CovItemId="S4" CovItemPrefix="Calculator.model.FirstDegreeEquationCalculator.java" Intrnl_Id="78">
<Branch CovItemId="B1" CovItemPrefix="Calculator.model.FirstDegreeEquationCalculator.java" Implct="false" Intrnl_Id="79">
<Cond/>
<LocList>
<Loc EndOffset="486" SrcFileId="4" StartOffset="432"/>
</LocList>
<StmntSeq Intrnl_Id="80">
<LocList>
<Loc EndOffset="481" SrcFileId="4" StartOffset="438"/>
</LocList>
<BasicStmnt CovItemId="S5" CovItemPrefix="Calculator.model.FirstDegreeEquationCalculator.java" Intrnl_Id="81">
<LocList>
<Loc EndOffset="481" SrcFileId="4" StartOffset="438"/>
</LocList>
</BasicStmnt>
</StmntSeq>
</Branch>
<Branch CovItemId="B2" CovItemPrefix="Calculator.model.FirstDegreeEquationCalculator.java" Implct="true" Intrnl_Id="82">
<Cond/>
<LocList/>
<StmntSeq Intrnl_Id="83">
<LocList/>
</StmntSeq>
</Branch>
<Keyword EndOffset="412" SrcFileId="4" StartOffset="410"/>
<LocList>
<Loc EndOffset="486" SrcFileId="4" StartOffset="410"/>
</LocList>
<RootTerm CovItemId="C1" CovItemPrefix="Calculator.model.FirstDegreeEquationCalculator.java" Intrnl_Id="84">
<OpTerm BooleanOpId="8" Intrnl_Id="85">
<BasicBoolTerm Intrnl_Id="86">
<LocList>
<Loc EndOffset="420" SrcFileId="4" StartOffset="414"/>
</LocList>
</BasicBoolTerm>
<BasicBoolTerm Intrnl_Id="87">
<LocList>
<Loc EndOffset="430" SrcFileId="4" StartOffset="424"/>
</LocList>
</BasicBoolTerm>
<LocList>
<Loc EndOffset="423" SrcFileId="4" StartOffset="421"/>
</LocList>
</OpTerm>
</RootTerm>
</CondStmnt>
<BasicStmnt CovItemId="S6" CovItemPrefix="Calculator.model.FirstDegreeEquationCalculator.java" Intrnl_Id="88">
<LocList>
<Loc EndOffset="539" SrcFileId="4" StartOffset="490"/>
</LocList>
</BasicStmnt>
<BasicStmnt CovItemId="S7" CovItemPrefix="Calculator.model.FirstDegreeEquationCalculator.java" Intrnl_Id="89">
<LocList>
<Loc EndOffset="571" SrcFileId="4" StartOffset="543"/>
</LocList>
</BasicStmnt>
</StmntSeq>
</HierarchyLvl>
<HierarchyLvl HierarchyLvlId="1533" HierarchyLvlTypeId="10" Intrnl_Id="90" Name="getSolution">
<Header>
<Loc EndOffset="645" SrcFileId="4" StartOffset="580"/>
</Header>
<LocList>
<Loc EndOffset="695" SrcFileId="4" StartOffset="580"/>
</LocList>
<StmntSeq Intrnl_Id="91">
<LocList>
<Loc EndOffset="671" SrcFileId="4" StartOffset="651"/>
<Loc EndOffset="691" SrcFileId="4" StartOffset="675"/>
</LocList>
<BasicStmnt CovItemId="S8" CovItemPrefix="Calculator.model.FirstDegreeEquationCalculator.java" Intrnl_Id="92">
<LocList>
<Loc EndOffset="671" SrcFileId="4" StartOffset="651"/>
</LocList>
</BasicStmnt>
<BasicStmnt CovItemId="S9" CovItemPrefix="Calculator.model.FirstDegreeEquationCalculator.java" Intrnl_Id="93">
<LocList>
<Loc EndOffset="691" SrcFileId="4" StartOffset="675"/>
</LocList>
</BasicStmnt>
</StmntSeq>
</HierarchyLvl>
</HierarchyLvl>
<HierarchyLvl HierarchyLvlId="1540" HierarchyLvlTypeId="11" Intrnl_Id="94" Name="StandardCalculator">
<Header>
<Loc EndOffset="60" SrcFileId="5" StartOffset="29"/>
</Header>
<LocList>
<Loc EndOffset="706" SrcFileId="5" StartOffset="29"/>
</LocList>
<HierarchyLvl HierarchyLvlId="1535" HierarchyLvlTypeId="10" Intrnl_Id="95" Name="sum">
<Header>
<Loc EndOffset="116" SrcFileId="5" StartOffset="67"/>
</Header>
<LocList>
<Loc EndOffset="151" SrcFileId="5" StartOffset="67"/>
</LocList>
<StmntSeq Intrnl_Id="96">
<LocList>
<Loc EndOffset="147" SrcFileId="5" StartOffset="122"/>
</LocList>
<BasicStmnt CovItemId="S1" CovItemPrefix="Calculator.model.StandardCalculator.java" Intrnl_Id="97">
<LocList>
<Loc EndOffset="147" SrcFileId="5" StartOffset="122"/>
</LocList>
</BasicStmnt>
</StmntSeq>
</HierarchyLvl>
<HierarchyLvl HierarchyLvlId="1536" HierarchyLvlTypeId="10" Intrnl_Id="98" Name="subtract">
<Header>
<Loc EndOffset="210" SrcFileId="5" StartOffset="156"/>
</Header>
<LocList>
<Loc EndOffset="245" SrcFileId="5" StartOffset="156"/>
</LocList>
<StmntSeq Intrnl_Id="99">
<LocList>
<Loc EndOffset="241" SrcFileId="5" StartOffset="216"/>
</LocList>
<BasicStmnt CovItemId="S2" CovItemPrefix="Calculator.model.StandardCalculator.java" Intrnl_Id="100">
<LocList>
<Loc EndOffset="241" SrcFileId="5" StartOffset="216"/>
</LocList>
</BasicStmnt>
</StmntSeq>
</HierarchyLvl>
<HierarchyLvl HierarchyLvlId="1537" HierarchyLvlTypeId="10" Intrnl_Id="101" Name="mul">
<Header>
<Loc EndOffset="299" SrcFileId="5" StartOffset="250"/>
</Header>
<LocList>
<Loc EndOffset="334" SrcFileId="5" StartOffset="250"/>
</LocList>
<StmntSeq Intrnl_Id="102">
<LocList>
<Loc EndOffset="330" SrcFileId="5" StartOffset="305"/>
</LocList>
<BasicStmnt CovItemId="S3" CovItemPrefix="Calculator.model.StandardCalculator.java" Intrnl_Id="103">
<LocList>
<Loc EndOffset="330" SrcFileId="5" StartOffset="305"/>
</LocList>
</BasicStmnt>
</StmntSeq>
</HierarchyLvl>
<HierarchyLvl HierarchyLvlId="1538" HierarchyLvlTypeId="10" Intrnl_Id="104" Name="divide">
<Header>
<Loc EndOffset="391" SrcFileId="5" StartOffset="339"/>
</Header>
<LocList>
<Loc EndOffset="520" SrcFileId="5" StartOffset="339"/>
</LocList>
<StmntSeq Intrnl_Id="105">
<LocList>
<Loc EndOffset="451" SrcFileId="5" StartOffset="397"/>
<Loc EndOffset="516" SrcFileId="5" StartOffset="455"/>
</LocList>
<CondStmnt CovItemId="S4" CovItemPrefix="Calculator.model.StandardCalculator.java" Intrnl_Id="106">
<Branch CovItemId="B1" CovItemPrefix="Calculator.model.StandardCalculator.java" Implct="false" Intrnl_Id="107">
<Cond/>
<LocList>
<Loc EndOffset="451" SrcFileId="5" StartOffset="415"/>
</LocList>
<StmntSeq Intrnl_Id="108">
<LocList>
<Loc EndOffset="446" SrcFileId="5" StartOffset="421"/>
</LocList>
<BasicStmnt CovItemId="S5" CovItemPrefix="Calculator.model.StandardCalculator.java" Intrnl_Id="109">
<LocList>
<Loc EndOffset="446" SrcFileId="5" StartOffset="421"/>
</LocList>
</BasicStmnt>
</StmntSeq>
</Branch>
<Branch CovItemId="B2" CovItemPrefix="Calculator.model.StandardCalculator.java" Implct="true" Intrnl_Id="110">
<Cond/>
<LocList/>
<StmntSeq Intrnl_Id="111">
<LocList/>
</StmntSeq>
</Branch>
<Keyword EndOffset="399" SrcFileId="5" StartOffset="397"/>
<LocList>
<Loc EndOffset="451" SrcFileId="5" StartOffset="397"/>
</LocList>
<RootTerm CovItemId="C1" CovItemPrefix="Calculator.model.StandardCalculator.java" Intrnl_Id="112">
<BasicBoolTerm Intrnl_Id="113">
<LocList>
<Loc EndOffset="413" SrcFileId="5" StartOffset="401"/>
</LocList>
</BasicBoolTerm>
</RootTerm>
</CondStmnt>
<BasicStmnt CovItemId="S6" CovItemPrefix="Calculator.model.StandardCalculator.java" Intrnl_Id="114">
<LocList>
<Loc EndOffset="516" SrcFileId="5" StartOffset="455"/>
</LocList>
</BasicStmnt>
</StmntSeq>
</HierarchyLvl>
<HierarchyLvl HierarchyLvlId="1539" HierarchyLvlTypeId="10" Intrnl_Id="115" Name="mod">
<Header>
<Loc EndOffset="574" SrcFileId="5" StartOffset="525"/>
</Header>
<LocList>
<Loc EndOffset="703" SrcFileId="5" StartOffset="525"/>
</LocList>
<StmntSeq Intrnl_Id="116">
<LocList>
<Loc EndOffset="634" SrcFileId="5" StartOffset="580"/>
<Loc EndOffset="699" SrcFileId="5" StartOffset="638"/>
</LocList>
<CondStmnt CovItemId="S7" CovItemPrefix="Calculator.model.StandardCalculator.java" Intrnl_Id="117">
<Branch CovItemId="B3" CovItemPrefix="Calculator.model.StandardCalculator.java" Implct="false" Intrnl_Id="118">
<Cond/>
<LocList>
<Loc EndOffset="634" SrcFileId="5" StartOffset="598"/>
</LocList>
<StmntSeq Intrnl_Id="119">
<LocList>
<Loc EndOffset="629" SrcFileId="5" StartOffset="604"/>
</LocList>
<BasicStmnt CovItemId="S8" CovItemPrefix="Calculator.model.StandardCalculator.java" Intrnl_Id="120">
<LocList>
<Loc EndOffset="629" SrcFileId="5" StartOffset="604"/>
</LocList>
</BasicStmnt>
</StmntSeq>
</Branch>
<Branch CovItemId="B4" CovItemPrefix="Calculator.model.StandardCalculator.java" Implct="true" Intrnl_Id="121">
<Cond/>
<LocList/>
<StmntSeq Intrnl_Id="122">
<LocList/>
</StmntSeq>
</Branch>
<Keyword EndOffset="582" SrcFileId="5" StartOffset="580"/>
<LocList>
<Loc EndOffset="634" SrcFileId="5" StartOffset="580"/>
</LocList>
<RootTerm CovItemId="C2" CovItemPrefix="Calculator.model.StandardCalculator.java" Intrnl_Id="123">
<BasicBoolTerm Intrnl_Id="124">
<LocList>
<Loc EndOffset="596" SrcFileId="5" StartOffset="584"/>
</LocList>
</BasicBoolTerm>
</RootTerm>
</CondStmnt>
<BasicStmnt CovItemId="S9" CovItemPrefix="Calculator.model.StandardCalculator.java" Intrnl_Id="125">
<LocList>
<Loc EndOffset="699" SrcFileId="5" StartOffset="638"/>
</LocList>
</BasicStmnt>
</StmntSeq>
</HierarchyLvl>
</HierarchyLvl>
</HierarchyLvl>
</HierarchyLvl>
</HierarchyLvl>
</MASTRoot>
</TestSessionContainer>
